Creating variable fonts from src/NotoSansBengali.glyphs
Postprocessing font output/Noto Sans Bengali/unhinted/variable-ttf/NotoSansBengali[wdth,wght].ttf
Cannot remove tables '['MVAR']' since they are not in the font.
Creating static fonts from src/NotoSansBengali.glyphs
Created static font output/Noto Sans Bengali/unhinted/otf/NotoSansBengali-SemiBold.otf
Postprocessing font output/Noto Sans Bengali/unhinted/otf/NotoSansBengali-SemiBold.otf
Created static font output/Noto Sans Bengali/unhinted/otf/NotoSansBengali-Black.otf
Postprocessing font output/Noto Sans Bengali/unhinted/otf/NotoSansBengali-Black.otf
Created static font output/Noto Sans Bengali/unhinted/otf/NotoSansBengaliUI-Bold.otf
Postprocessing font output/Noto Sans Bengali/unhinted/otf/NotoSansBengaliUI-Bold.otf
Created static font output/Noto Sans Bengali/unhinted/otf/NotoSansBengali-ExtraLight.otf
Postprocessing font output/Noto Sans Bengali/unhinted/otf/NotoSansBengali-ExtraLight.otf
Created static font output/Noto Sans Bengali/unhinted/otf/NotoSansBengaliUI-ExtraCondensed.otf
Postprocessing font output/Noto Sans Bengali/unhinted/otf/NotoSansBengaliUI-ExtraCondensed.otf
Created static font output/Noto Sans Bengali/unhinted/otf/NotoSansBengaliUI-Thin.otf
Postprocessing font output/Noto Sans Bengali/unhinted/otf/NotoSansBengaliUI-Thin.otf
Created static font output/Noto Sans Bengali/unhinted/otf/NotoSansBengaliUI-Regular.otf
Postprocessing font output/Noto Sans Bengali/unhinted/otf/NotoSansBengaliUI-Regular.otf
Created static font output/Noto Sans Bengali/unhinted/otf/NotoSansBengali-Regular.otf
Postprocessing font output/Noto Sans Bengali/unhinted/otf/NotoSansBengali-Regular.otf
Created static font output/Noto Sans Bengali/unhinted/otf/NotoSansBengaliUI-SemiBold.otf
Postprocessing font output/Noto Sans Bengali/unhinted/otf/NotoSansBengaliUI-SemiBold.otf
Created static font output/Noto Sans Bengali/unhinted/otf/NotoSansBengali-Medium.otf
Postprocessing font output/Noto Sans Bengali/unhinted/otf/NotoSansBengali-Medium.otf
Created static font output/Noto Sans Bengali/unhinted/otf/NotoSansBengaliUI-Condensed.otf
Postprocessing font output/Noto Sans Bengali/unhinted/otf/NotoSansBengaliUI-Condensed.otf
Created static font output/Noto Sans Bengali/unhinted/otf/NotoSansBengaliUI-Light.otf
Postprocessing font output/Noto Sans Bengali/unhinted/otf/NotoSansBengaliUI-Light.otf
Created static font output/Noto Sans Bengali/unhinted/otf/NotoSansBengaliUI-ExtraLight.otf
Postprocessing font output/Noto Sans Bengali/unhinted/otf/NotoSansBengaliUI-ExtraLight.otf
Created static font output/Noto Sans Bengali/unhinted/otf/NotoSansBengali-ExtraCondensed.otf
Postprocessing font output/Noto Sans Bengali/unhinted/otf/NotoSansBengali-ExtraCondensed.otf
Created static font output/Noto Sans Bengali/unhinted/otf/NotoSansBengaliUI-SemiCondensed.otf
Postprocessing font output/Noto Sans Bengali/unhinted/otf/NotoSansBengaliUI-SemiCondensed.otf
Created static font output/Noto Sans Bengali/unhinted/otf/NotoSansBengali-Bold.otf
Postprocessing font output/Noto Sans Bengali/unhinted/otf/NotoSansBengali-Bold.otf
Created static font output/Noto Sans Bengali/unhinted/otf/NotoSansBengaliUI-Medium.otf
Postprocessing font output/Noto Sans Bengali/unhinted/otf/NotoSansBengaliUI-Medium.otf
Created static font output/Noto Sans Bengali/unhinted/otf/NotoSansBengaliUI-ExtraBold.otf
Postprocessing font output/Noto Sans Bengali/unhinted/otf/NotoSansBengaliUI-ExtraBold.otf
Created static font output/Noto Sans Bengali/unhinted/otf/NotoSansBengali-Light.otf
Postprocessing font output/Noto Sans Bengali/unhinted/otf/NotoSansBengali-Light.otf
Created static font output/Noto Sans Bengali/unhinted/otf/NotoSansBengali-SemiCondensed.otf
Postprocessing font output/Noto Sans Bengali/unhinted/otf/NotoSansBengali-SemiCondensed.otf
Created static font output/Noto Sans Bengali/unhinted/otf/NotoSansBengali-Condensed.otf
Postprocessing font output/Noto Sans Bengali/unhinted/otf/NotoSansBengali-Condensed.otf
Created static font output/Noto Sans Bengali/unhinted/otf/NotoSansBengali-ExtraBold.otf
Postprocessing font output/Noto Sans Bengali/unhinted/otf/NotoSansBengali-ExtraBold.otf
Created static font output/Noto Sans Bengali/unhinted/otf/NotoSansBengaliUI-Black.otf
Postprocessing font output/Noto Sans Bengali/unhinted/otf/NotoSansBengaliUI-Black.otf
Created static font output/Noto Sans Bengali/unhinted/otf/NotoSansBengali-Thin.otf
Postprocessing font output/Noto Sans Bengali/unhinted/otf/NotoSansBengali-Thin.otf
Creating static fonts from src/NotoSansBengali.glyphs
Created static font output/Noto Sans Bengali/unhinted/ttf/NotoSansBengali-Thin.ttf
Postprocessing font output/Noto Sans Bengali/unhinted/ttf/NotoSansBengali-Thin.ttf
Created static font output/Noto Sans Bengali/unhinted/ttf/NotoSansBengali-Condensed.ttf
Postprocessing font output/Noto Sans Bengali/unhinted/ttf/NotoSansBengali-Condensed.ttf
Created static font output/Noto Sans Bengali/unhinted/ttf/NotoSansBengaliUI-Medium.ttf
Postprocessing font output/Noto Sans Bengali/unhinted/ttf/NotoSansBengaliUI-Medium.ttf
Created static font output/Noto Sans Bengali/unhinted/ttf/NotoSansBengali-ExtraCondensed.ttf
Postprocessing font output/Noto Sans Bengali/unhinted/ttf/NotoSansBengali-ExtraCondensed.ttf
Created static font output/Noto Sans Bengali/unhinted/ttf/NotoSansBengaliUI-Condensed.ttf
Postprocessing font output/Noto Sans Bengali/unhinted/ttf/NotoSansBengaliUI-Condensed.ttf
Created static font output/Noto Sans Bengali/unhinted/ttf/NotoSansBengali-Medium.ttf
Postprocessing font output/Noto Sans Bengali/unhinted/ttf/NotoSansBengali-Medium.ttf
Created static font output/Noto Sans Bengali/unhinted/ttf/NotoSansBengaliUI-SemiBold.ttf
Postprocessing font output/Noto Sans Bengali/unhinted/ttf/NotoSansBengaliUI-SemiBold.ttf
Created static font output/Noto Sans Bengali/unhinted/ttf/NotoSansBengaliUI-Regular.ttf
Postprocessing font output/Noto Sans Bengali/unhinted/ttf/NotoSansBengaliUI-Regular.ttf
Created static font output/Noto Sans Bengali/unhinted/ttf/NotoSansBengali-Bold.ttf
Postprocessing font output/Noto Sans Bengali/unhinted/ttf/NotoSansBengali-Bold.ttf
Created static font output/Noto Sans Bengali/unhinted/ttf/NotoSansBengali-ExtraBold.ttf
Postprocessing font output/Noto Sans Bengali/unhinted/ttf/NotoSansBengali-ExtraBold.ttf
Created static font output/Noto Sans Bengali/unhinted/ttf/NotoSansBengali-Light.ttf
Postprocessing font output/Noto Sans Bengali/unhinted/ttf/NotoSansBengali-Light.ttf
Created static font output/Noto Sans Bengali/unhinted/ttf/NotoSansBengali-ExtraLight.ttf
Postprocessing font output/Noto Sans Bengali/unhinted/ttf/NotoSansBengali-ExtraLight.ttf
Created static font output/Noto Sans Bengali/unhinted/ttf/NotoSansBengali-SemiCondensed.ttf
Postprocessing font output/Noto Sans Bengali/unhinted/ttf/NotoSansBengali-SemiCondensed.ttf
Created static font output/Noto Sans Bengali/unhinted/ttf/NotoSansBengaliUI-Black.ttf
Postprocessing font output/Noto Sans Bengali/unhinted/ttf/NotoSansBengaliUI-Black.ttf
Created static font output/Noto Sans Bengali/unhinted/ttf/NotoSansBengali-Black.ttf
Postprocessing font output/Noto Sans Bengali/unhinted/ttf/NotoSansBengali-Black.ttf
Created static font output/Noto Sans Bengali/unhinted/ttf/NotoSansBengaliUI-ExtraCondensed.ttf
Postprocessing font output/Noto Sans Bengali/unhinted/ttf/NotoSansBengaliUI-ExtraCondensed.ttf
Created static font output/Noto Sans Bengali/unhinted/ttf/NotoSansBengaliUI-Thin.ttf
Postprocessing font output/Noto Sans Bengali/unhinted/ttf/NotoSansBengaliUI-Thin.ttf
Created static font output/Noto Sans Bengali/unhinted/ttf/NotoSansBengali-Regular.ttf
Postprocessing font output/Noto Sans Bengali/unhinted/ttf/NotoSansBengali-Regular.ttf
Created static font output/Noto Sans Bengali/unhinted/ttf/NotoSansBengaliUI-SemiCondensed.ttf
Postprocessing font output/Noto Sans Bengali/unhinted/ttf/NotoSansBengaliUI-SemiCondensed.ttf
Created static font output/Noto Sans Bengali/unhinted/ttf/NotoSansBengali-SemiBold.ttf
Postprocessing font output/Noto Sans Bengali/unhinted/ttf/NotoSansBengali-SemiBold.ttf
Created static font output/Noto Sans Bengali/unhinted/ttf/NotoSansBengaliUI-ExtraBold.ttf
Postprocessing font output/Noto Sans Bengali/unhinted/ttf/NotoSansBengaliUI-ExtraBold.ttf
Created static font output/Noto Sans Bengali/unhinted/ttf/NotoSansBengaliUI-Light.ttf
Postprocessing font output/Noto Sans Bengali/unhinted/ttf/NotoSansBengaliUI-Light.ttf
Created static font output/Noto Sans Bengali/unhinted/ttf/NotoSansBengaliUI-ExtraLight.ttf
Postprocessing font output/Noto Sans Bengali/unhinted/ttf/NotoSansBengaliUI-ExtraLight.ttf
Created static font output/Noto Sans Bengali/unhinted/ttf/NotoSansBengaliUI-Bold.ttf
Postprocessing font output/Noto Sans Bengali/unhinted/ttf/NotoSansBengaliUI-Bold.ttf
Building variable, static completed. All done!
