Creating variable fonts from src/NotoSansBassaVah.glyphs
Postprocessing font output/Noto Sans Bassa Vah/unhinted/variable-ttf/NotoSansBassaVah[wght].ttf
Creating static fonts from src/NotoSansBassaVah.glyphs
Created static font output/Noto Sans Bassa Vah/unhinted/otf/NotoSansBassaVah-Regular.otf
Postprocessing font output/Noto Sans Bassa Vah/unhinted/otf/NotoSansBassaVah-Regular.otf
Created static font output/Noto Sans Bassa Vah/unhinted/otf/NotoSansBassaVah-Bold.otf
Postprocessing font output/Noto Sans Bassa Vah/unhinted/otf/NotoSansBassaVah-Bold.otf
Created static font output/Noto Sans Bassa Vah/unhinted/otf/NotoSansBassaVah-Medium.otf
Postprocessing font output/Noto Sans Bassa Vah/unhinted/otf/NotoSansBassaVah-Medium.otf
Created static font output/Noto Sans Bassa Vah/unhinted/otf/NotoSansBassaVah-SemiBold.otf
Postprocessing font output/Noto Sans Bassa Vah/unhinted/otf/NotoSansBassaVah-SemiBold.otf
Creating static fonts from src/NotoSansBassaVah.glyphs
Created static font output/Noto Sans Bassa Vah/unhinted/ttf/NotoSansBassaVah-Regular.ttf
Postprocessing font output/Noto Sans Bassa Vah/unhinted/ttf/NotoSansBassaVah-Regular.ttf
Couldn't autohint output/Noto Sans Bassa Vah/unhinted/ttf/NotoSansBassaVah-Regular.ttf: 0xF1: missing standard character glyph
Created static font output/Noto Sans Bassa Vah/unhinted/ttf/NotoSansBassaVah-Bold.ttf
Postprocessing font output/Noto Sans Bassa Vah/unhinted/ttf/NotoSansBassaVah-Bold.ttf
Couldn't autohint output/Noto Sans Bassa Vah/unhinted/ttf/NotoSansBassaVah-Bold.ttf: 0xF1: missing standard character glyph
Created static font output/Noto Sans Bassa Vah/unhinted/ttf/NotoSansBassaVah-Medium.ttf
Postprocessing font output/Noto Sans Bassa Vah/unhinted/ttf/NotoSansBassaVah-Medium.ttf
Couldn't autohint output/Noto Sans Bassa Vah/unhinted/ttf/NotoSansBassaVah-Medium.ttf: 0xF1: missing standard character glyph
Created static font output/Noto Sans Bassa Vah/unhinted/ttf/NotoSansBassaVah-SemiBold.ttf
Postprocessing font output/Noto Sans Bassa Vah/unhinted/ttf/NotoSansBassaVah-SemiBold.ttf
Couldn't autohint output/Noto Sans Bassa Vah/unhinted/ttf/NotoSansBassaVah-SemiBold.ttf: 0xF1: missing standard character glyph
Building variable, static completed. All done!
