Creating variable fonts from src/NotoSansArabic-MM.glyphs
Glyphs named 'ng-ar' have different number of segments
Glyphs named 'yehTwodotsabove-farsi.fina' have different number of segments
Glyphs named 'seenFourdotsabove-ar.init' have different number of segments
Glyphs named 'thalAlefabove-ar' have different number of segments
Glyphs named 'kafTwodotshorizontalabove-ar.fina' have different number of segments
Glyphs named 'ng-ar.isol' have different number of segments
Glyphs named 'yehThreedotsabove-farsi' have different number of segments
Glyphs named 'yehThreedotsabove-farsi.fina' have different number of segments
Glyphs named 'yehTwodotsabove-farsi' have different number of segments
Glyphs named 'ng-ar.fina' have different number of segments
Glyphs named 'thalAlefabove-ar.fina' have different number of segments
Glyphs named 'kafTwodotshorizontalabove-ar' have different number of segments
Couldn't build variable font: In 'src/NotoSansArabic-MM.glyphs' -> 'master_ufo/NotoSansArabic.designspace': Generating fonts from Designspace failed: fonts contains incompatible glyphs: 'kafTwodotshorizontalabove-ar', 'kafTwodotshorizontalabove-ar.fina', 'ng-ar', 'ng-ar.fina', 'ng-ar.isol', 'seenFourdotsabove-ar.init', 'thalAlefabove-ar', 'thalAlefabove-ar.fina', 'yehThreedotsabove-farsi', 'yehThreedotsabove-farsi.fina', 'yehTwodotsabove-farsi', 'yehTwodotsabove-farsi.fina'
Creating static fonts from src/NotoSansArabic-MM.glyphs
Created static font output/Noto Sans Arabic/unhinted/otf/NotoSansArabic-ExtraCondensed.otf
Postprocessing font output/Noto Sans Arabic/unhinted/otf/NotoSansArabic-ExtraCondensed.otf
Created static font output/Noto Sans Arabic/unhinted/otf/NotoSansArabic-Thin.otf
Postprocessing font output/Noto Sans Arabic/unhinted/otf/NotoSansArabic-Thin.otf
Created static font output/Noto Sans Arabic/unhinted/otf/NotoSansArabic-ExtraCondensedBlack.otf
Postprocessing font output/Noto Sans Arabic/unhinted/otf/NotoSansArabic-ExtraCondensedBlack.otf
Created static font output/Noto Sans Arabic/unhinted/otf/NotoSansArabic-Light.otf
Postprocessing font output/Noto Sans Arabic/unhinted/otf/NotoSansArabic-Light.otf
Created static font output/Noto Sans Arabic/unhinted/otf/NotoSansArabic-CondensedExtraLight.otf
Postprocessing font output/Noto Sans Arabic/unhinted/otf/NotoSansArabic-CondensedExtraLight.otf
Created static font output/Noto Sans Arabic/unhinted/otf/NotoSansArabic-CondensedBold.otf
Postprocessing font output/Noto Sans Arabic/unhinted/otf/NotoSansArabic-CondensedBold.otf
Created static font output/Noto Sans Arabic/unhinted/otf/NotoSansArabic-CondensedExtraBold.otf
Postprocessing font output/Noto Sans Arabic/unhinted/otf/NotoSansArabic-CondensedExtraBold.otf
Created static font output/Noto Sans Arabic/unhinted/otf/NotoSansArabic-SemiCondensedExtraLight.otf
Postprocessing font output/Noto Sans Arabic/unhinted/otf/NotoSansArabic-SemiCondensedExtraLight.otf
Created static font output/Noto Sans Arabic/unhinted/otf/NotoSansArabic-CondensedSemiBold.otf
Postprocessing font output/Noto Sans Arabic/unhinted/otf/NotoSansArabic-CondensedSemiBold.otf
Created static font output/Noto Sans Arabic/unhinted/otf/NotoSansArabic-CondensedBlack.otf
Postprocessing font output/Noto Sans Arabic/unhinted/otf/NotoSansArabic-CondensedBlack.otf
Created static font output/Noto Sans Arabic/unhinted/otf/NotoSansArabic-ExtraBold.otf
Postprocessing font output/Noto Sans Arabic/unhinted/otf/NotoSansArabic-ExtraBold.otf
Created static font output/Noto Sans Arabic/unhinted/otf/NotoSansArabic-Regular.otf
Postprocessing font output/Noto Sans Arabic/unhinted/otf/NotoSansArabic-Regular.otf
Created static font output/Noto Sans Arabic/unhinted/otf/NotoSansArabic-ExtraCondensedSemiBold.otf
Postprocessing font output/Noto Sans Arabic/unhinted/otf/NotoSansArabic-ExtraCondensedSemiBold.otf
Created static font output/Noto Sans Arabic/unhinted/otf/NotoSansArabic-Condensed.otf
Postprocessing font output/Noto Sans Arabic/unhinted/otf/NotoSansArabic-Condensed.otf
Created static font output/Noto Sans Arabic/unhinted/otf/NotoSansArabic-ExtraCondensedMedium.otf
Postprocessing font output/Noto Sans Arabic/unhinted/otf/NotoSansArabic-ExtraCondensedMedium.otf
Created static font output/Noto Sans Arabic/unhinted/otf/NotoSansArabic-ExtraCondensedExtraLight.otf
Postprocessing font output/Noto Sans Arabic/unhinted/otf/NotoSansArabic-ExtraCondensedExtraLight.otf
Created static font output/Noto Sans Arabic/unhinted/otf/NotoSansArabic-ExtraCondensedThin.otf
Postprocessing font output/Noto Sans Arabic/unhinted/otf/NotoSansArabic-ExtraCondensedThin.otf
Created static font output/Noto Sans Arabic/unhinted/otf/NotoSansArabic-CondensedLight.otf
Postprocessing font output/Noto Sans Arabic/unhinted/otf/NotoSansArabic-CondensedLight.otf
Created static font output/Noto Sans Arabic/unhinted/otf/NotoSansArabic-SemiCondensedSemiBold.otf
Postprocessing font output/Noto Sans Arabic/unhinted/otf/NotoSansArabic-SemiCondensedSemiBold.otf
Created static font output/Noto Sans Arabic/unhinted/otf/NotoSansArabic-Black.otf
Postprocessing font output/Noto Sans Arabic/unhinted/otf/NotoSansArabic-Black.otf
Created static font output/Noto Sans Arabic/unhinted/otf/NotoSansArabic-SemiCondensedThin.otf
Postprocessing font output/Noto Sans Arabic/unhinted/otf/NotoSansArabic-SemiCondensedThin.otf
Created static font output/Noto Sans Arabic/unhinted/otf/NotoSansArabic-ExtraCondensedExtraBold.otf
Postprocessing font output/Noto Sans Arabic/unhinted/otf/NotoSansArabic-ExtraCondensedExtraBold.otf
Created static font output/Noto Sans Arabic/unhinted/otf/NotoSansArabic-CondensedMedium.otf
Postprocessing font output/Noto Sans Arabic/unhinted/otf/NotoSansArabic-CondensedMedium.otf
Created static font output/Noto Sans Arabic/unhinted/otf/NotoSansArabic-ExtraCondensedBold.otf
Postprocessing font output/Noto Sans Arabic/unhinted/otf/NotoSansArabic-ExtraCondensedBold.otf
Created static font output/Noto Sans Arabic/unhinted/otf/NotoSansArabic-Medium.otf
Postprocessing font output/Noto Sans Arabic/unhinted/otf/NotoSansArabic-Medium.otf
Created static font output/Noto Sans Arabic/unhinted/otf/NotoSansArabic-Bold.otf
Postprocessing font output/Noto Sans Arabic/unhinted/otf/NotoSansArabic-Bold.otf
Created static font output/Noto Sans Arabic/unhinted/otf/NotoSansArabic-ExtraCondensedLight.otf
Postprocessing font output/Noto Sans Arabic/unhinted/otf/NotoSansArabic-ExtraCondensedLight.otf
Created static font output/Noto Sans Arabic/unhinted/otf/NotoSansArabic-SemiCondensedExtraBold.otf
Postprocessing font output/Noto Sans Arabic/unhinted/otf/NotoSansArabic-SemiCondensedExtraBold.otf
Created static font output/Noto Sans Arabic/unhinted/otf/NotoSansArabic-ExtraLight.otf
Postprocessing font output/Noto Sans Arabic/unhinted/otf/NotoSansArabic-ExtraLight.otf
Created static font output/Noto Sans Arabic/unhinted/otf/NotoSansArabic-SemiCondensedMedium.otf
Postprocessing font output/Noto Sans Arabic/unhinted/otf/NotoSansArabic-SemiCondensedMedium.otf
Created static font output/Noto Sans Arabic/unhinted/otf/NotoSansArabic-SemiCondensedLight.otf
Postprocessing font output/Noto Sans Arabic/unhinted/otf/NotoSansArabic-SemiCondensedLight.otf
Created static font output/Noto Sans Arabic/unhinted/otf/NotoSansArabic-SemiCondensedBlack.otf
Postprocessing font output/Noto Sans Arabic/unhinted/otf/NotoSansArabic-SemiCondensedBlack.otf
Created static font output/Noto Sans Arabic/unhinted/otf/NotoSansArabic-SemiBold.otf
Postprocessing font output/Noto Sans Arabic/unhinted/otf/NotoSansArabic-SemiBold.otf
Created static font output/Noto Sans Arabic/unhinted/otf/NotoSansArabic-CondensedThin.otf
Postprocessing font output/Noto Sans Arabic/unhinted/otf/NotoSansArabic-CondensedThin.otf
Created static font output/Noto Sans Arabic/unhinted/otf/NotoSansArabic-SemiCondensed.otf
Postprocessing font output/Noto Sans Arabic/unhinted/otf/NotoSansArabic-SemiCondensed.otf
Created static font output/Noto Sans Arabic/unhinted/otf/NotoSansArabic-SemiCondensedBold.otf
Postprocessing font output/Noto Sans Arabic/unhinted/otf/NotoSansArabic-SemiCondensedBold.otf
Creating static fonts from src/NotoSansArabic-MM.glyphs
Created static font output/Noto Sans Arabic/unhinted/ttf/NotoSansArabic-Bold.ttf
Postprocessing font output/Noto Sans Arabic/unhinted/ttf/NotoSansArabic-Bold.ttf
Created static font output/Noto Sans Arabic/unhinted/ttf/NotoSansArabic-CondensedBold.ttf
Postprocessing font output/Noto Sans Arabic/unhinted/ttf/NotoSansArabic-CondensedBold.ttf
Created static font output/Noto Sans Arabic/unhinted/ttf/NotoSansArabic-SemiCondensed.ttf
Postprocessing font output/Noto Sans Arabic/unhinted/ttf/NotoSansArabic-SemiCondensed.ttf
Created static font output/Noto Sans Arabic/unhinted/ttf/NotoSansArabic-CondensedLight.ttf
Postprocessing font output/Noto Sans Arabic/unhinted/ttf/NotoSansArabic-CondensedLight.ttf
Created static font output/Noto Sans Arabic/unhinted/ttf/NotoSansArabic-ExtraCondensedExtraLight.ttf
Postprocessing font output/Noto Sans Arabic/unhinted/ttf/NotoSansArabic-ExtraCondensedExtraLight.ttf
Created static font output/Noto Sans Arabic/unhinted/ttf/NotoSansArabic-ExtraCondensedMedium.ttf
Postprocessing font output/Noto Sans Arabic/unhinted/ttf/NotoSansArabic-ExtraCondensedMedium.ttf
Created static font output/Noto Sans Arabic/unhinted/ttf/NotoSansArabic-ExtraCondensedExtraBold.ttf
Postprocessing font output/Noto Sans Arabic/unhinted/ttf/NotoSansArabic-ExtraCondensedExtraBold.ttf
Created static font output/Noto Sans Arabic/unhinted/ttf/NotoSansArabic-SemiBold.ttf
Postprocessing font output/Noto Sans Arabic/unhinted/ttf/NotoSansArabic-SemiBold.ttf
Created static font output/Noto Sans Arabic/unhinted/ttf/NotoSansArabic-ExtraCondensedBlack.ttf
Postprocessing font output/Noto Sans Arabic/unhinted/ttf/NotoSansArabic-ExtraCondensedBlack.ttf
Created static font output/Noto Sans Arabic/unhinted/ttf/NotoSansArabic-ExtraLight.ttf
Postprocessing font output/Noto Sans Arabic/unhinted/ttf/NotoSansArabic-ExtraLight.ttf
Created static font output/Noto Sans Arabic/unhinted/ttf/NotoSansArabic-SemiCondensedExtraBold.ttf
Postprocessing font output/Noto Sans Arabic/unhinted/ttf/NotoSansArabic-SemiCondensedExtraBold.ttf
Created static font output/Noto Sans Arabic/unhinted/ttf/NotoSansArabic-Regular.ttf
Postprocessing font output/Noto Sans Arabic/unhinted/ttf/NotoSansArabic-Regular.ttf
Created static font output/Noto Sans Arabic/unhinted/ttf/NotoSansArabic-ExtraCondensedBold.ttf
Postprocessing font output/Noto Sans Arabic/unhinted/ttf/NotoSansArabic-ExtraCondensedBold.ttf
Created static font output/Noto Sans Arabic/unhinted/ttf/NotoSansArabic-SemiCondensedLight.ttf
Postprocessing font output/Noto Sans Arabic/unhinted/ttf/NotoSansArabic-SemiCondensedLight.ttf
Created static font output/Noto Sans Arabic/unhinted/ttf/NotoSansArabic-CondensedBlack.ttf
Postprocessing font output/Noto Sans Arabic/unhinted/ttf/NotoSansArabic-CondensedBlack.ttf
Created static font output/Noto Sans Arabic/unhinted/ttf/NotoSansArabic-ExtraCondensed.ttf
Postprocessing font output/Noto Sans Arabic/unhinted/ttf/NotoSansArabic-ExtraCondensed.ttf
Created static font output/Noto Sans Arabic/unhinted/ttf/NotoSansArabic-Condensed.ttf
Postprocessing font output/Noto Sans Arabic/unhinted/ttf/NotoSansArabic-Condensed.ttf
Created static font output/Noto Sans Arabic/unhinted/ttf/NotoSansArabic-SemiCondensedBold.ttf
Postprocessing font output/Noto Sans Arabic/unhinted/ttf/NotoSansArabic-SemiCondensedBold.ttf
Created static font output/Noto Sans Arabic/unhinted/ttf/NotoSansArabic-SemiCondensedMedium.ttf
Postprocessing font output/Noto Sans Arabic/unhinted/ttf/NotoSansArabic-SemiCondensedMedium.ttf
Created static font output/Noto Sans Arabic/unhinted/ttf/NotoSansArabic-SemiCondensedExtraLight.ttf
Postprocessing font output/Noto Sans Arabic/unhinted/ttf/NotoSansArabic-SemiCondensedExtraLight.ttf
Created static font output/Noto Sans Arabic/unhinted/ttf/NotoSansArabic-ExtraBold.ttf
Postprocessing font output/Noto Sans Arabic/unhinted/ttf/NotoSansArabic-ExtraBold.ttf
Created static font output/Noto Sans Arabic/unhinted/ttf/NotoSansArabic-ExtraCondensedSemiBold.ttf
Postprocessing font output/Noto Sans Arabic/unhinted/ttf/NotoSansArabic-ExtraCondensedSemiBold.ttf
Created static font output/Noto Sans Arabic/unhinted/ttf/NotoSansArabic-CondensedExtraLight.ttf
Postprocessing font output/Noto Sans Arabic/unhinted/ttf/NotoSansArabic-CondensedExtraLight.ttf
Created static font output/Noto Sans Arabic/unhinted/ttf/NotoSansArabic-CondensedSemiBold.ttf
Postprocessing font output/Noto Sans Arabic/unhinted/ttf/NotoSansArabic-CondensedSemiBold.ttf
Created static font output/Noto Sans Arabic/unhinted/ttf/NotoSansArabic-ExtraCondensedThin.ttf
Postprocessing font output/Noto Sans Arabic/unhinted/ttf/NotoSansArabic-ExtraCondensedThin.ttf
Created static font output/Noto Sans Arabic/unhinted/ttf/NotoSansArabic-CondensedExtraBold.ttf
Postprocessing font output/Noto Sans Arabic/unhinted/ttf/NotoSansArabic-CondensedExtraBold.ttf
Created static font output/Noto Sans Arabic/unhinted/ttf/NotoSansArabic-Thin.ttf
Postprocessing font output/Noto Sans Arabic/unhinted/ttf/NotoSansArabic-Thin.ttf
Created static font output/Noto Sans Arabic/unhinted/ttf/NotoSansArabic-CondensedThin.ttf
Postprocessing font output/Noto Sans Arabic/unhinted/ttf/NotoSansArabic-CondensedThin.ttf
Created static font output/Noto Sans Arabic/unhinted/ttf/NotoSansArabic-SemiCondensedThin.ttf
Postprocessing font output/Noto Sans Arabic/unhinted/ttf/NotoSansArabic-SemiCondensedThin.ttf
Created static font output/Noto Sans Arabic/unhinted/ttf/NotoSansArabic-Black.ttf
Postprocessing font output/Noto Sans Arabic/unhinted/ttf/NotoSansArabic-Black.ttf
Created static font output/Noto Sans Arabic/unhinted/ttf/NotoSansArabic-SemiCondensedSemiBold.ttf
Postprocessing font output/Noto Sans Arabic/unhinted/ttf/NotoSansArabic-SemiCondensedSemiBold.ttf
Created static font output/Noto Sans Arabic/unhinted/ttf/NotoSansArabic-CondensedMedium.ttf
Postprocessing font output/Noto Sans Arabic/unhinted/ttf/NotoSansArabic-CondensedMedium.ttf
Created static font output/Noto Sans Arabic/unhinted/ttf/NotoSansArabic-ExtraCondensedLight.ttf
Postprocessing font output/Noto Sans Arabic/unhinted/ttf/NotoSansArabic-ExtraCondensedLight.ttf
Created static font output/Noto Sans Arabic/unhinted/ttf/NotoSansArabic-Light.ttf
Postprocessing font output/Noto Sans Arabic/unhinted/ttf/NotoSansArabic-Light.ttf
Created static font output/Noto Sans Arabic/unhinted/ttf/NotoSansArabic-SemiCondensedBlack.ttf
Postprocessing font output/Noto Sans Arabic/unhinted/ttf/NotoSansArabic-SemiCondensedBlack.ttf
Created static font output/Noto Sans Arabic/unhinted/ttf/NotoSansArabic-Medium.ttf
Postprocessing font output/Noto Sans Arabic/unhinted/ttf/NotoSansArabic-Medium.ttf
Building variable, static completed. All done!
