Creating variable fonts from src/NotoLoopedThai.glyphs
Postprocessing font output/Noto Looped Thai/unhinted/variable-ttf/NotoLoopedThai[wdth,wght].ttf
Creating static fonts from src/NotoLoopedThai.glyphs
Created static font output/Noto Looped Thai/unhinted/otf/NotoLoopedThai-SemiCondensedThin.otf
Postprocessing font output/Noto Looped Thai/unhinted/otf/NotoLoopedThai-SemiCondensedThin.otf
Created static font output/Noto Looped Thai/unhinted/otf/NotoLoopedThai-SemiCondensedBold.otf
Postprocessing font output/Noto Looped Thai/unhinted/otf/NotoLoopedThai-SemiCondensedBold.otf
Created static font output/Noto Looped Thai/unhinted/otf/NotoLoopedThai-Condensed.otf
Postprocessing font output/Noto Looped Thai/unhinted/otf/NotoLoopedThai-Condensed.otf
Created static font output/Noto Looped Thai/unhinted/otf/NotoLoopedThai-ExtraCondensedBold.otf
Postprocessing font output/Noto Looped Thai/unhinted/otf/NotoLoopedThai-ExtraCondensedBold.otf
Created static font output/Noto Looped Thai/unhinted/otf/NotoLoopedThai-Light.otf
Postprocessing font output/Noto Looped Thai/unhinted/otf/NotoLoopedThai-Light.otf
Created static font output/Noto Looped Thai/unhinted/otf/NotoLoopedThai-ExtraCondensed.otf
Postprocessing font output/Noto Looped Thai/unhinted/otf/NotoLoopedThai-ExtraCondensed.otf
Created static font output/Noto Looped Thai/unhinted/otf/NotoLoopedThai-CondensedLight.otf
Postprocessing font output/Noto Looped Thai/unhinted/otf/NotoLoopedThai-CondensedLight.otf
Created static font output/Noto Looped Thai/unhinted/otf/NotoLoopedThai-CondensedBlack.otf
Postprocessing font output/Noto Looped Thai/unhinted/otf/NotoLoopedThai-CondensedBlack.otf
Created static font output/Noto Looped Thai/unhinted/otf/NotoLoopedThai-ExtraCondensedMedium.otf
Postprocessing font output/Noto Looped Thai/unhinted/otf/NotoLoopedThai-ExtraCondensedMedium.otf
Created static font output/Noto Looped Thai/unhinted/otf/NotoLoopedThai-CondensedExtraBold.otf
Postprocessing font output/Noto Looped Thai/unhinted/otf/NotoLoopedThai-CondensedExtraBold.otf
Created static font output/Noto Looped Thai/unhinted/otf/NotoLoopedThai-CondensedBold.otf
Postprocessing font output/Noto Looped Thai/unhinted/otf/NotoLoopedThai-CondensedBold.otf
Created static font output/Noto Looped Thai/unhinted/otf/NotoLoopedThai-SemiCondensedSemiBold.otf
Postprocessing font output/Noto Looped Thai/unhinted/otf/NotoLoopedThai-SemiCondensedSemiBold.otf
Created static font output/Noto Looped Thai/unhinted/otf/NotoLoopedThai-CondensedExtraLight.otf
Postprocessing font output/Noto Looped Thai/unhinted/otf/NotoLoopedThai-CondensedExtraLight.otf
Created static font output/Noto Looped Thai/unhinted/otf/NotoLoopedThai-SemiCondensed.otf
Postprocessing font output/Noto Looped Thai/unhinted/otf/NotoLoopedThai-SemiCondensed.otf
Created static font output/Noto Looped Thai/unhinted/otf/NotoLoopedThai-SemiCondensedExtraBold.otf
Postprocessing font output/Noto Looped Thai/unhinted/otf/NotoLoopedThai-SemiCondensedExtraBold.otf
Created static font output/Noto Looped Thai/unhinted/otf/NotoLoopedThai-SemiCondensedMedium.otf
Postprocessing font output/Noto Looped Thai/unhinted/otf/NotoLoopedThai-SemiCondensedMedium.otf
Created static font output/Noto Looped Thai/unhinted/otf/NotoLoopedThai-ExtraLight.otf
Postprocessing font output/Noto Looped Thai/unhinted/otf/NotoLoopedThai-ExtraLight.otf
Created static font output/Noto Looped Thai/unhinted/otf/NotoLoopedThai-ExtraCondensedExtraLight.otf
Postprocessing font output/Noto Looped Thai/unhinted/otf/NotoLoopedThai-ExtraCondensedExtraLight.otf
Created static font output/Noto Looped Thai/unhinted/otf/NotoLoopedThai-SemiBold.otf
Postprocessing font output/Noto Looped Thai/unhinted/otf/NotoLoopedThai-SemiBold.otf
Created static font output/Noto Looped Thai/unhinted/otf/NotoLoopedThai-ExtraCondensedLight.otf
Postprocessing font output/Noto Looped Thai/unhinted/otf/NotoLoopedThai-ExtraCondensedLight.otf
Created static font output/Noto Looped Thai/unhinted/otf/NotoLoopedThai-ExtraCondensedBlack.otf
Postprocessing font output/Noto Looped Thai/unhinted/otf/NotoLoopedThai-ExtraCondensedBlack.otf
Created static font output/Noto Looped Thai/unhinted/otf/NotoLoopedThai-Thin.otf
Postprocessing font output/Noto Looped Thai/unhinted/otf/NotoLoopedThai-Thin.otf
Created static font output/Noto Looped Thai/unhinted/otf/NotoLoopedThai-SemiCondensedBlack.otf
Postprocessing font output/Noto Looped Thai/unhinted/otf/NotoLoopedThai-SemiCondensedBlack.otf
Created static font output/Noto Looped Thai/unhinted/otf/NotoLoopedThai-ExtraCondensedThin.otf
Postprocessing font output/Noto Looped Thai/unhinted/otf/NotoLoopedThai-ExtraCondensedThin.otf
Created static font output/Noto Looped Thai/unhinted/otf/NotoLoopedThai-Regular.otf
Postprocessing font output/Noto Looped Thai/unhinted/otf/NotoLoopedThai-Regular.otf
Created static font output/Noto Looped Thai/unhinted/otf/NotoLoopedThai-ExtraCondensedSemiBold.otf
Postprocessing font output/Noto Looped Thai/unhinted/otf/NotoLoopedThai-ExtraCondensedSemiBold.otf
Created static font output/Noto Looped Thai/unhinted/otf/NotoLoopedThai-ExtraCondensedExtraBold.otf
Postprocessing font output/Noto Looped Thai/unhinted/otf/NotoLoopedThai-ExtraCondensedExtraBold.otf
Created static font output/Noto Looped Thai/unhinted/otf/NotoLoopedThai-Medium.otf
Postprocessing font output/Noto Looped Thai/unhinted/otf/NotoLoopedThai-Medium.otf
Created static font output/Noto Looped Thai/unhinted/otf/NotoLoopedThai-Bold.otf
Postprocessing font output/Noto Looped Thai/unhinted/otf/NotoLoopedThai-Bold.otf
Created static font output/Noto Looped Thai/unhinted/otf/NotoLoopedThai-CondensedSemiBold.otf
Postprocessing font output/Noto Looped Thai/unhinted/otf/NotoLoopedThai-CondensedSemiBold.otf
Created static font output/Noto Looped Thai/unhinted/otf/NotoLoopedThai-Black.otf
Postprocessing font output/Noto Looped Thai/unhinted/otf/NotoLoopedThai-Black.otf
Created static font output/Noto Looped Thai/unhinted/otf/NotoLoopedThai-ExtraBold.otf
Postprocessing font output/Noto Looped Thai/unhinted/otf/NotoLoopedThai-ExtraBold.otf
Created static font output/Noto Looped Thai/unhinted/otf/NotoLoopedThai-SemiCondensedLight.otf
Postprocessing font output/Noto Looped Thai/unhinted/otf/NotoLoopedThai-SemiCondensedLight.otf
Created static font output/Noto Looped Thai/unhinted/otf/NotoLoopedThai-SemiCondensedExtraLight.otf
Postprocessing font output/Noto Looped Thai/unhinted/otf/NotoLoopedThai-SemiCondensedExtraLight.otf
Created static font output/Noto Looped Thai/unhinted/otf/NotoLoopedThai-CondensedThin.otf
Postprocessing font output/Noto Looped Thai/unhinted/otf/NotoLoopedThai-CondensedThin.otf
Created static font output/Noto Looped Thai/unhinted/otf/NotoLoopedThai-CondensedMedium.otf
Postprocessing font output/Noto Looped Thai/unhinted/otf/NotoLoopedThai-CondensedMedium.otf
Creating static fonts from src/NotoLoopedThai.glyphs
Created static font output/Noto Looped Thai/unhinted/ttf/NotoLoopedThai-Thin.ttf
Postprocessing font output/Noto Looped Thai/unhinted/ttf/NotoLoopedThai-Thin.ttf
Created static font output/Noto Looped Thai/unhinted/ttf/NotoLoopedThai-SemiCondensedThin.ttf
Postprocessing font output/Noto Looped Thai/unhinted/ttf/NotoLoopedThai-SemiCondensedThin.ttf
Created static font output/Noto Looped Thai/unhinted/ttf/NotoLoopedThai-CondensedThin.ttf
Postprocessing font output/Noto Looped Thai/unhinted/ttf/NotoLoopedThai-CondensedThin.ttf
Created static font output/Noto Looped Thai/unhinted/ttf/NotoLoopedThai-SemiCondensed.ttf
Postprocessing font output/Noto Looped Thai/unhinted/ttf/NotoLoopedThai-SemiCondensed.ttf
Created static font output/Noto Looped Thai/unhinted/ttf/NotoLoopedThai-ExtraCondensedLight.ttf
Postprocessing font output/Noto Looped Thai/unhinted/ttf/NotoLoopedThai-ExtraCondensedLight.ttf
Created static font output/Noto Looped Thai/unhinted/ttf/NotoLoopedThai-Medium.ttf
Postprocessing font output/Noto Looped Thai/unhinted/ttf/NotoLoopedThai-Medium.ttf
Created static font output/Noto Looped Thai/unhinted/ttf/NotoLoopedThai-ExtraCondensedExtraLight.ttf
Postprocessing font output/Noto Looped Thai/unhinted/ttf/NotoLoopedThai-ExtraCondensedExtraLight.ttf
Created static font output/Noto Looped Thai/unhinted/ttf/NotoLoopedThai-CondensedLight.ttf
Postprocessing font output/Noto Looped Thai/unhinted/ttf/NotoLoopedThai-CondensedLight.ttf
Created static font output/Noto Looped Thai/unhinted/ttf/NotoLoopedThai-SemiCondensedExtraBold.ttf
Postprocessing font output/Noto Looped Thai/unhinted/ttf/NotoLoopedThai-SemiCondensedExtraBold.ttf
Created static font output/Noto Looped Thai/unhinted/ttf/NotoLoopedThai-ExtraCondensedBlack.ttf
Postprocessing font output/Noto Looped Thai/unhinted/ttf/NotoLoopedThai-ExtraCondensedBlack.ttf
Created static font output/Noto Looped Thai/unhinted/ttf/NotoLoopedThai-SemiCondensedBlack.ttf
Postprocessing font output/Noto Looped Thai/unhinted/ttf/NotoLoopedThai-SemiCondensedBlack.ttf
Created static font output/Noto Looped Thai/unhinted/ttf/NotoLoopedThai-CondensedBlack.ttf
Postprocessing font output/Noto Looped Thai/unhinted/ttf/NotoLoopedThai-CondensedBlack.ttf
Created static font output/Noto Looped Thai/unhinted/ttf/NotoLoopedThai-ExtraCondensedExtraBold.ttf
Postprocessing font output/Noto Looped Thai/unhinted/ttf/NotoLoopedThai-ExtraCondensedExtraBold.ttf
Created static font output/Noto Looped Thai/unhinted/ttf/NotoLoopedThai-CondensedExtraBold.ttf
Postprocessing font output/Noto Looped Thai/unhinted/ttf/NotoLoopedThai-CondensedExtraBold.ttf
Created static font output/Noto Looped Thai/unhinted/ttf/NotoLoopedThai-Bold.ttf
Postprocessing font output/Noto Looped Thai/unhinted/ttf/NotoLoopedThai-Bold.ttf
Created static font output/Noto Looped Thai/unhinted/ttf/NotoLoopedThai-SemiCondensedExtraLight.ttf
Postprocessing font output/Noto Looped Thai/unhinted/ttf/NotoLoopedThai-SemiCondensedExtraLight.ttf
Created static font output/Noto Looped Thai/unhinted/ttf/NotoLoopedThai-Condensed.ttf
Postprocessing font output/Noto Looped Thai/unhinted/ttf/NotoLoopedThai-Condensed.ttf
Created static font output/Noto Looped Thai/unhinted/ttf/NotoLoopedThai-Regular.ttf
Postprocessing font output/Noto Looped Thai/unhinted/ttf/NotoLoopedThai-Regular.ttf
Created static font output/Noto Looped Thai/unhinted/ttf/NotoLoopedThai-ExtraCondensedBold.ttf
Postprocessing font output/Noto Looped Thai/unhinted/ttf/NotoLoopedThai-ExtraCondensedBold.ttf
Created static font output/Noto Looped Thai/unhinted/ttf/NotoLoopedThai-ExtraCondensedSemiBold.ttf
Postprocessing font output/Noto Looped Thai/unhinted/ttf/NotoLoopedThai-ExtraCondensedSemiBold.ttf
Created static font output/Noto Looped Thai/unhinted/ttf/NotoLoopedThai-ExtraCondensed.ttf
Postprocessing font output/Noto Looped Thai/unhinted/ttf/NotoLoopedThai-ExtraCondensed.ttf
Created static font output/Noto Looped Thai/unhinted/ttf/NotoLoopedThai-Black.ttf
Postprocessing font output/Noto Looped Thai/unhinted/ttf/NotoLoopedThai-Black.ttf
Created static font output/Noto Looped Thai/unhinted/ttf/NotoLoopedThai-CondensedMedium.ttf
Postprocessing font output/Noto Looped Thai/unhinted/ttf/NotoLoopedThai-CondensedMedium.ttf
Created static font output/Noto Looped Thai/unhinted/ttf/NotoLoopedThai-ExtraBold.ttf
Postprocessing font output/Noto Looped Thai/unhinted/ttf/NotoLoopedThai-ExtraBold.ttf
Created static font output/Noto Looped Thai/unhinted/ttf/NotoLoopedThai-ExtraCondensedMedium.ttf
Postprocessing font output/Noto Looped Thai/unhinted/ttf/NotoLoopedThai-ExtraCondensedMedium.ttf
Created static font output/Noto Looped Thai/unhinted/ttf/NotoLoopedThai-Light.ttf
Postprocessing font output/Noto Looped Thai/unhinted/ttf/NotoLoopedThai-Light.ttf
Created static font output/Noto Looped Thai/unhinted/ttf/NotoLoopedThai-ExtraLight.ttf
Postprocessing font output/Noto Looped Thai/unhinted/ttf/NotoLoopedThai-ExtraLight.ttf
Created static font output/Noto Looped Thai/unhinted/ttf/NotoLoopedThai-SemiCondensedSemiBold.ttf
Postprocessing font output/Noto Looped Thai/unhinted/ttf/NotoLoopedThai-SemiCondensedSemiBold.ttf
Created static font output/Noto Looped Thai/unhinted/ttf/NotoLoopedThai-SemiCondensedMedium.ttf
Postprocessing font output/Noto Looped Thai/unhinted/ttf/NotoLoopedThai-SemiCondensedMedium.ttf
Created static font output/Noto Looped Thai/unhinted/ttf/NotoLoopedThai-SemiBold.ttf
Postprocessing font output/Noto Looped Thai/unhinted/ttf/NotoLoopedThai-SemiBold.ttf
Created static font output/Noto Looped Thai/unhinted/ttf/NotoLoopedThai-CondensedSemiBold.ttf
Postprocessing font output/Noto Looped Thai/unhinted/ttf/NotoLoopedThai-CondensedSemiBold.ttf
Created static font output/Noto Looped Thai/unhinted/ttf/NotoLoopedThai-CondensedBold.ttf
Postprocessing font output/Noto Looped Thai/unhinted/ttf/NotoLoopedThai-CondensedBold.ttf
Created static font output/Noto Looped Thai/unhinted/ttf/NotoLoopedThai-ExtraCondensedThin.ttf
Postprocessing font output/Noto Looped Thai/unhinted/ttf/NotoLoopedThai-ExtraCondensedThin.ttf
Created static font output/Noto Looped Thai/unhinted/ttf/NotoLoopedThai-SemiCondensedBold.ttf
Postprocessing font output/Noto Looped Thai/unhinted/ttf/NotoLoopedThai-SemiCondensedBold.ttf
Created static font output/Noto Looped Thai/unhinted/ttf/NotoLoopedThai-SemiCondensedLight.ttf
Postprocessing font output/Noto Looped Thai/unhinted/ttf/NotoLoopedThai-SemiCondensedLight.ttf
Created static font output/Noto Looped Thai/unhinted/ttf/NotoLoopedThai-CondensedExtraLight.ttf
Postprocessing font output/Noto Looped Thai/unhinted/ttf/NotoLoopedThai-CondensedExtraLight.ttf
Building variable, static completed. All done!
Removing auxiliary dirs/files {'master_ufo', 'instance_ufo'}
