Creating variable fonts from src/NotoSansMeeteiMayek-MM.glyphs
Postprocessing font output/Noto Sans Meetei Mayek/unhinted/variable-ttf/NotoSansMeeteiMayek-MM[wght].ttf
Cannot remove tables '['MVAR']' since they are not in the font.
Creating static fonts from src/NotoSansMeeteiMayek-MM.glyphs
Created static font output/Noto Sans Meetei Mayek/unhinted/otf/NotoSansMeeteiMayek-Medium.otf
Postprocessing font output/Noto Sans Meetei Mayek/unhinted/otf/NotoSansMeeteiMayek-Medium.otf
Created static font output/Noto Sans Meetei Mayek/unhinted/otf/NotoSansMeeteiMayek-Bold.otf
Postprocessing font output/Noto Sans Meetei Mayek/unhinted/otf/NotoSansMeeteiMayek-Bold.otf
Created static font output/Noto Sans Meetei Mayek/unhinted/otf/NotoSansMeeteiMayek-ExtraBold.otf
Postprocessing font output/Noto Sans Meetei Mayek/unhinted/otf/NotoSansMeeteiMayek-ExtraBold.otf
Created static font output/Noto Sans Meetei Mayek/unhinted/otf/NotoSansMeeteiMayek-Thin.otf
Postprocessing font output/Noto Sans Meetei Mayek/unhinted/otf/NotoSansMeeteiMayek-Thin.otf
Created static font output/Noto Sans Meetei Mayek/unhinted/otf/NotoSansMeeteiMayek-Regular.otf
Postprocessing font output/Noto Sans Meetei Mayek/unhinted/otf/NotoSansMeeteiMayek-Regular.otf
Created static font output/Noto Sans Meetei Mayek/unhinted/otf/NotoSansMeeteiMayek-SemiBold.otf
Postprocessing font output/Noto Sans Meetei Mayek/unhinted/otf/NotoSansMeeteiMayek-SemiBold.otf
Created static font output/Noto Sans Meetei Mayek/unhinted/otf/NotoSansMeeteiMayek-ExtraLight.otf
Postprocessing font output/Noto Sans Meetei Mayek/unhinted/otf/NotoSansMeeteiMayek-ExtraLight.otf
Created static font output/Noto Sans Meetei Mayek/unhinted/otf/NotoSansMeeteiMayek-Black.otf
Postprocessing font output/Noto Sans Meetei Mayek/unhinted/otf/NotoSansMeeteiMayek-Black.otf
Created static font output/Noto Sans Meetei Mayek/unhinted/otf/NotoSansMeeteiMayek-Light.otf
Postprocessing font output/Noto Sans Meetei Mayek/unhinted/otf/NotoSansMeeteiMayek-Light.otf
Creating static fonts from src/NotoSansMeeteiMayek-MM.glyphs
Created static font output/Noto Sans Meetei Mayek/unhinted/ttf/NotoSansMeeteiMayek-Black.ttf
Postprocessing font output/Noto Sans Meetei Mayek/unhinted/ttf/NotoSansMeeteiMayek-Black.ttf
Couldn't autohint output/Noto Sans Meetei Mayek/unhinted/ttf/NotoSansMeeteiMayek-Black.ttf: 0xF1: missing standard character glyph
Created static font output/Noto Sans Meetei Mayek/unhinted/ttf/NotoSansMeeteiMayek-Bold.ttf
Postprocessing font output/Noto Sans Meetei Mayek/unhinted/ttf/NotoSansMeeteiMayek-Bold.ttf
Couldn't autohint output/Noto Sans Meetei Mayek/unhinted/ttf/NotoSansMeeteiMayek-Bold.ttf: 0xF1: missing standard character glyph
Created static font output/Noto Sans Meetei Mayek/unhinted/ttf/NotoSansMeeteiMayek-Thin.ttf
Postprocessing font output/Noto Sans Meetei Mayek/unhinted/ttf/NotoSansMeeteiMayek-Thin.ttf
Couldn't autohint output/Noto Sans Meetei Mayek/unhinted/ttf/NotoSansMeeteiMayek-Thin.ttf: 0xF1: missing standard character glyph
Created static font output/Noto Sans Meetei Mayek/unhinted/ttf/NotoSansMeeteiMayek-Medium.ttf
Postprocessing font output/Noto Sans Meetei Mayek/unhinted/ttf/NotoSansMeeteiMayek-Medium.ttf
Couldn't autohint output/Noto Sans Meetei Mayek/unhinted/ttf/NotoSansMeeteiMayek-Medium.ttf: 0xF1: missing standard character glyph
Created static font output/Noto Sans Meetei Mayek/unhinted/ttf/NotoSansMeeteiMayek-Light.ttf
Postprocessing font output/Noto Sans Meetei Mayek/unhinted/ttf/NotoSansMeeteiMayek-Light.ttf
Couldn't autohint output/Noto Sans Meetei Mayek/unhinted/ttf/NotoSansMeeteiMayek-Light.ttf: 0xF1: missing standard character glyph
Created static font output/Noto Sans Meetei Mayek/unhinted/ttf/NotoSansMeeteiMayek-ExtraBold.ttf
Postprocessing font output/Noto Sans Meetei Mayek/unhinted/ttf/NotoSansMeeteiMayek-ExtraBold.ttf
Couldn't autohint output/Noto Sans Meetei Mayek/unhinted/ttf/NotoSansMeeteiMayek-ExtraBold.ttf: 0xF1: missing standard character glyph
Created static font output/Noto Sans Meetei Mayek/unhinted/ttf/NotoSansMeeteiMayek-ExtraLight.ttf
Postprocessing font output/Noto Sans Meetei Mayek/unhinted/ttf/NotoSansMeeteiMayek-ExtraLight.ttf
Couldn't autohint output/Noto Sans Meetei Mayek/unhinted/ttf/NotoSansMeeteiMayek-ExtraLight.ttf: 0xF1: missing standard character glyph
Created static font output/Noto Sans Meetei Mayek/unhinted/ttf/NotoSansMeeteiMayek-SemiBold.ttf
Postprocessing font output/Noto Sans Meetei Mayek/unhinted/ttf/NotoSansMeeteiMayek-SemiBold.ttf
Couldn't autohint output/Noto Sans Meetei Mayek/unhinted/ttf/NotoSansMeeteiMayek-SemiBold.ttf: 0xF1: missing standard character glyph
Created static font output/Noto Sans Meetei Mayek/unhinted/ttf/NotoSansMeeteiMayek-Regular.ttf
Postprocessing font output/Noto Sans Meetei Mayek/unhinted/ttf/NotoSansMeeteiMayek-Regular.ttf
Couldn't autohint output/Noto Sans Meetei Mayek/unhinted/ttf/NotoSansMeeteiMayek-Regular.ttf: 0xF1: missing standard character glyph
Building variable, static completed. All done!
Removing auxiliary dirs/files {'master_ufo', 'instance_ufo'}
