Creating variable fonts from src/NotoLoopedLao.glyphs
Postprocessing font output/Noto Looped Lao/unhinted/variable-ttf/NotoLoopedLao[wdth,wght].ttf
Creating static fonts from src/NotoLoopedLao.glyphs
Created static font output/Noto Looped Lao/unhinted/otf/NotoLoopedLao-ExtraCondensedLight.otf
Postprocessing font output/Noto Looped Lao/unhinted/otf/NotoLoopedLao-ExtraCondensedLight.otf
Created static font output/Noto Looped Lao/unhinted/otf/NotoLoopedLao-SemiCondensedBold.otf
Postprocessing font output/Noto Looped Lao/unhinted/otf/NotoLoopedLao-SemiCondensedBold.otf
Created static font output/Noto Looped Lao/unhinted/otf/NotoLoopedLao-Light.otf
Postprocessing font output/Noto Looped Lao/unhinted/otf/NotoLoopedLao-Light.otf
Created static font output/Noto Looped Lao/unhinted/otf/NotoLoopedLao-SemiCondensedSemiBold.otf
Postprocessing font output/Noto Looped Lao/unhinted/otf/NotoLoopedLao-SemiCondensedSemiBold.otf
Created static font output/Noto Looped Lao/unhinted/otf/NotoLoopedLao-CondensedSemiBold.otf
Postprocessing font output/Noto Looped Lao/unhinted/otf/NotoLoopedLao-CondensedSemiBold.otf
Created static font output/Noto Looped Lao/unhinted/otf/NotoLoopedLao-ExtraCondensedMedium.otf
Postprocessing font output/Noto Looped Lao/unhinted/otf/NotoLoopedLao-ExtraCondensedMedium.otf
Created static font output/Noto Looped Lao/unhinted/otf/NotoLoopedLao-SemiCondensedBlack.otf
Postprocessing font output/Noto Looped Lao/unhinted/otf/NotoLoopedLao-SemiCondensedBlack.otf
Created static font output/Noto Looped Lao/unhinted/otf/NotoLoopedLao-ExtraCondensedExtraLight.otf
Postprocessing font output/Noto Looped Lao/unhinted/otf/NotoLoopedLao-ExtraCondensedExtraLight.otf
Created static font output/Noto Looped Lao/unhinted/otf/NotoLoopedLao-Black.otf
Postprocessing font output/Noto Looped Lao/unhinted/otf/NotoLoopedLao-Black.otf
Created static font output/Noto Looped Lao/unhinted/otf/NotoLoopedLao-Thin.otf
Postprocessing font output/Noto Looped Lao/unhinted/otf/NotoLoopedLao-Thin.otf
Created static font output/Noto Looped Lao/unhinted/otf/NotoLoopedLao-ExtraCondensedThin.otf
Postprocessing font output/Noto Looped Lao/unhinted/otf/NotoLoopedLao-ExtraCondensedThin.otf
Created static font output/Noto Looped Lao/unhinted/otf/NotoLoopedLao-CondensedLight.otf
Postprocessing font output/Noto Looped Lao/unhinted/otf/NotoLoopedLao-CondensedLight.otf
Created static font output/Noto Looped Lao/unhinted/otf/NotoLoopedLao-ExtraCondensedBlack.otf
Postprocessing font output/Noto Looped Lao/unhinted/otf/NotoLoopedLao-ExtraCondensedBlack.otf
Created static font output/Noto Looped Lao/unhinted/otf/NotoLoopedLao-SemiCondensedThin.otf
Postprocessing font output/Noto Looped Lao/unhinted/otf/NotoLoopedLao-SemiCondensedThin.otf
Created static font output/Noto Looped Lao/unhinted/otf/NotoLoopedLao-CondensedExtraBold.otf
Postprocessing font output/Noto Looped Lao/unhinted/otf/NotoLoopedLao-CondensedExtraBold.otf
Created static font output/Noto Looped Lao/unhinted/otf/NotoLoopedLao-ExtraLight.otf
Postprocessing font output/Noto Looped Lao/unhinted/otf/NotoLoopedLao-ExtraLight.otf
Created static font output/Noto Looped Lao/unhinted/otf/NotoLoopedLao-CondensedThin.otf
Postprocessing font output/Noto Looped Lao/unhinted/otf/NotoLoopedLao-CondensedThin.otf
Created static font output/Noto Looped Lao/unhinted/otf/NotoLoopedLao-ExtraCondensedBold.otf
Postprocessing font output/Noto Looped Lao/unhinted/otf/NotoLoopedLao-ExtraCondensedBold.otf
Created static font output/Noto Looped Lao/unhinted/otf/NotoLoopedLao-Medium.otf
Postprocessing font output/Noto Looped Lao/unhinted/otf/NotoLoopedLao-Medium.otf
Created static font output/Noto Looped Lao/unhinted/otf/NotoLoopedLao-ExtraCondensed.otf
Postprocessing font output/Noto Looped Lao/unhinted/otf/NotoLoopedLao-ExtraCondensed.otf
Created static font output/Noto Looped Lao/unhinted/otf/NotoLoopedLao-CondensedBold.otf
Postprocessing font output/Noto Looped Lao/unhinted/otf/NotoLoopedLao-CondensedBold.otf
Created static font output/Noto Looped Lao/unhinted/otf/NotoLoopedLao-SemiCondensed.otf
Postprocessing font output/Noto Looped Lao/unhinted/otf/NotoLoopedLao-SemiCondensed.otf
Created static font output/Noto Looped Lao/unhinted/otf/NotoLoopedLao-ExtraBold.otf
Postprocessing font output/Noto Looped Lao/unhinted/otf/NotoLoopedLao-ExtraBold.otf
Created static font output/Noto Looped Lao/unhinted/otf/NotoLoopedLao-CondensedMedium.otf
Postprocessing font output/Noto Looped Lao/unhinted/otf/NotoLoopedLao-CondensedMedium.otf
Created static font output/Noto Looped Lao/unhinted/otf/NotoLoopedLao-CondensedExtraLight.otf
Postprocessing font output/Noto Looped Lao/unhinted/otf/NotoLoopedLao-CondensedExtraLight.otf
Created static font output/Noto Looped Lao/unhinted/otf/NotoLoopedLao-Bold.otf
Postprocessing font output/Noto Looped Lao/unhinted/otf/NotoLoopedLao-Bold.otf
Created static font output/Noto Looped Lao/unhinted/otf/NotoLoopedLao-Regular.otf
Postprocessing font output/Noto Looped Lao/unhinted/otf/NotoLoopedLao-Regular.otf
Created static font output/Noto Looped Lao/unhinted/otf/NotoLoopedLao-SemiCondensedExtraLight.otf
Postprocessing font output/Noto Looped Lao/unhinted/otf/NotoLoopedLao-SemiCondensedExtraLight.otf
Created static font output/Noto Looped Lao/unhinted/otf/NotoLoopedLao-SemiBold.otf
Postprocessing font output/Noto Looped Lao/unhinted/otf/NotoLoopedLao-SemiBold.otf
Created static font output/Noto Looped Lao/unhinted/otf/NotoLoopedLao-SemiCondensedLight.otf
Postprocessing font output/Noto Looped Lao/unhinted/otf/NotoLoopedLao-SemiCondensedLight.otf
Created static font output/Noto Looped Lao/unhinted/otf/NotoLoopedLao-CondensedBlack.otf
Postprocessing font output/Noto Looped Lao/unhinted/otf/NotoLoopedLao-CondensedBlack.otf
Created static font output/Noto Looped Lao/unhinted/otf/NotoLoopedLao-SemiCondensedMedium.otf
Postprocessing font output/Noto Looped Lao/unhinted/otf/NotoLoopedLao-SemiCondensedMedium.otf
Created static font output/Noto Looped Lao/unhinted/otf/NotoLoopedLao-ExtraCondensedSemiBold.otf
Postprocessing font output/Noto Looped Lao/unhinted/otf/NotoLoopedLao-ExtraCondensedSemiBold.otf
Created static font output/Noto Looped Lao/unhinted/otf/NotoLoopedLao-Condensed.otf
Postprocessing font output/Noto Looped Lao/unhinted/otf/NotoLoopedLao-Condensed.otf
Created static font output/Noto Looped Lao/unhinted/otf/NotoLoopedLao-ExtraCondensedExtraBold.otf
Postprocessing font output/Noto Looped Lao/unhinted/otf/NotoLoopedLao-ExtraCondensedExtraBold.otf
Created static font output/Noto Looped Lao/unhinted/otf/NotoLoopedLao-SemiCondensedExtraBold.otf
Postprocessing font output/Noto Looped Lao/unhinted/otf/NotoLoopedLao-SemiCondensedExtraBold.otf
Creating static fonts from src/NotoLoopedLao.glyphs
Created static font output/Noto Looped Lao/unhinted/ttf/NotoLoopedLao-SemiCondensedMedium.ttf
Postprocessing font output/Noto Looped Lao/unhinted/ttf/NotoLoopedLao-SemiCondensedMedium.ttf
Created static font output/Noto Looped Lao/unhinted/ttf/NotoLoopedLao-SemiCondensedExtraBold.ttf
Postprocessing font output/Noto Looped Lao/unhinted/ttf/NotoLoopedLao-SemiCondensedExtraBold.ttf
Created static font output/Noto Looped Lao/unhinted/ttf/NotoLoopedLao-ExtraCondensedBold.ttf
Postprocessing font output/Noto Looped Lao/unhinted/ttf/NotoLoopedLao-ExtraCondensedBold.ttf
Created static font output/Noto Looped Lao/unhinted/ttf/NotoLoopedLao-CondensedBlack.ttf
Postprocessing font output/Noto Looped Lao/unhinted/ttf/NotoLoopedLao-CondensedBlack.ttf
Created static font output/Noto Looped Lao/unhinted/ttf/NotoLoopedLao-Condensed.ttf
Postprocessing font output/Noto Looped Lao/unhinted/ttf/NotoLoopedLao-Condensed.ttf
Created static font output/Noto Looped Lao/unhinted/ttf/NotoLoopedLao-SemiCondensedExtraLight.ttf
Postprocessing font output/Noto Looped Lao/unhinted/ttf/NotoLoopedLao-SemiCondensedExtraLight.ttf
Created static font output/Noto Looped Lao/unhinted/ttf/NotoLoopedLao-SemiCondensed.ttf
Postprocessing font output/Noto Looped Lao/unhinted/ttf/NotoLoopedLao-SemiCondensed.ttf
Created static font output/Noto Looped Lao/unhinted/ttf/NotoLoopedLao-Medium.ttf
Postprocessing font output/Noto Looped Lao/unhinted/ttf/NotoLoopedLao-Medium.ttf
Created static font output/Noto Looped Lao/unhinted/ttf/NotoLoopedLao-CondensedThin.ttf
Postprocessing font output/Noto Looped Lao/unhinted/ttf/NotoLoopedLao-CondensedThin.ttf
Created static font output/Noto Looped Lao/unhinted/ttf/NotoLoopedLao-ExtraCondensedMedium.ttf
Postprocessing font output/Noto Looped Lao/unhinted/ttf/NotoLoopedLao-ExtraCondensedMedium.ttf
Created static font output/Noto Looped Lao/unhinted/ttf/NotoLoopedLao-CondensedBold.ttf
Postprocessing font output/Noto Looped Lao/unhinted/ttf/NotoLoopedLao-CondensedBold.ttf
Created static font output/Noto Looped Lao/unhinted/ttf/NotoLoopedLao-ExtraBold.ttf
Postprocessing font output/Noto Looped Lao/unhinted/ttf/NotoLoopedLao-ExtraBold.ttf
Created static font output/Noto Looped Lao/unhinted/ttf/NotoLoopedLao-ExtraCondensedExtraBold.ttf
Postprocessing font output/Noto Looped Lao/unhinted/ttf/NotoLoopedLao-ExtraCondensedExtraBold.ttf
Created static font output/Noto Looped Lao/unhinted/ttf/NotoLoopedLao-SemiCondensedBold.ttf
Postprocessing font output/Noto Looped Lao/unhinted/ttf/NotoLoopedLao-SemiCondensedBold.ttf
Created static font output/Noto Looped Lao/unhinted/ttf/NotoLoopedLao-CondensedExtraLight.ttf
Postprocessing font output/Noto Looped Lao/unhinted/ttf/NotoLoopedLao-CondensedExtraLight.ttf
Created static font output/Noto Looped Lao/unhinted/ttf/NotoLoopedLao-Light.ttf
Postprocessing font output/Noto Looped Lao/unhinted/ttf/NotoLoopedLao-Light.ttf
Created static font output/Noto Looped Lao/unhinted/ttf/NotoLoopedLao-CondensedSemiBold.ttf
Postprocessing font output/Noto Looped Lao/unhinted/ttf/NotoLoopedLao-CondensedSemiBold.ttf
Created static font output/Noto Looped Lao/unhinted/ttf/NotoLoopedLao-SemiCondensedBlack.ttf
Postprocessing font output/Noto Looped Lao/unhinted/ttf/NotoLoopedLao-SemiCondensedBlack.ttf
Created static font output/Noto Looped Lao/unhinted/ttf/NotoLoopedLao-ExtraLight.ttf
Postprocessing font output/Noto Looped Lao/unhinted/ttf/NotoLoopedLao-ExtraLight.ttf
Created static font output/Noto Looped Lao/unhinted/ttf/NotoLoopedLao-CondensedLight.ttf
Postprocessing font output/Noto Looped Lao/unhinted/ttf/NotoLoopedLao-CondensedLight.ttf
Created static font output/Noto Looped Lao/unhinted/ttf/NotoLoopedLao-SemiCondensedSemiBold.ttf
Postprocessing font output/Noto Looped Lao/unhinted/ttf/NotoLoopedLao-SemiCondensedSemiBold.ttf
Created static font output/Noto Looped Lao/unhinted/ttf/NotoLoopedLao-SemiBold.ttf
Postprocessing font output/Noto Looped Lao/unhinted/ttf/NotoLoopedLao-SemiBold.ttf
Created static font output/Noto Looped Lao/unhinted/ttf/NotoLoopedLao-SemiCondensedThin.ttf
Postprocessing font output/Noto Looped Lao/unhinted/ttf/NotoLoopedLao-SemiCondensedThin.ttf
Created static font output/Noto Looped Lao/unhinted/ttf/NotoLoopedLao-ExtraCondensed.ttf
Postprocessing font output/Noto Looped Lao/unhinted/ttf/NotoLoopedLao-ExtraCondensed.ttf
Created static font output/Noto Looped Lao/unhinted/ttf/NotoLoopedLao-CondensedExtraBold.ttf
Postprocessing font output/Noto Looped Lao/unhinted/ttf/NotoLoopedLao-CondensedExtraBold.ttf
Created static font output/Noto Looped Lao/unhinted/ttf/NotoLoopedLao-Bold.ttf
Postprocessing font output/Noto Looped Lao/unhinted/ttf/NotoLoopedLao-Bold.ttf
Created static font output/Noto Looped Lao/unhinted/ttf/NotoLoopedLao-CondensedMedium.ttf
Postprocessing font output/Noto Looped Lao/unhinted/ttf/NotoLoopedLao-CondensedMedium.ttf
Created static font output/Noto Looped Lao/unhinted/ttf/NotoLoopedLao-SemiCondensedLight.ttf
Postprocessing font output/Noto Looped Lao/unhinted/ttf/NotoLoopedLao-SemiCondensedLight.ttf
Created static font output/Noto Looped Lao/unhinted/ttf/NotoLoopedLao-ExtraCondensedExtraLight.ttf
Postprocessing font output/Noto Looped Lao/unhinted/ttf/NotoLoopedLao-ExtraCondensedExtraLight.ttf
Created static font output/Noto Looped Lao/unhinted/ttf/NotoLoopedLao-ExtraCondensedBlack.ttf
Postprocessing font output/Noto Looped Lao/unhinted/ttf/NotoLoopedLao-ExtraCondensedBlack.ttf
Created static font output/Noto Looped Lao/unhinted/ttf/NotoLoopedLao-Black.ttf
Postprocessing font output/Noto Looped Lao/unhinted/ttf/NotoLoopedLao-Black.ttf
Created static font output/Noto Looped Lao/unhinted/ttf/NotoLoopedLao-ExtraCondensedLight.ttf
Postprocessing font output/Noto Looped Lao/unhinted/ttf/NotoLoopedLao-ExtraCondensedLight.ttf
Created static font output/Noto Looped Lao/unhinted/ttf/NotoLoopedLao-Thin.ttf
Postprocessing font output/Noto Looped Lao/unhinted/ttf/NotoLoopedLao-Thin.ttf
Created static font output/Noto Looped Lao/unhinted/ttf/NotoLoopedLao-ExtraCondensedThin.ttf
Postprocessing font output/Noto Looped Lao/unhinted/ttf/NotoLoopedLao-ExtraCondensedThin.ttf
Created static font output/Noto Looped Lao/unhinted/ttf/NotoLoopedLao-Regular.ttf
Postprocessing font output/Noto Looped Lao/unhinted/ttf/NotoLoopedLao-Regular.ttf
Created static font output/Noto Looped Lao/unhinted/ttf/NotoLoopedLao-ExtraCondensedSemiBold.ttf
Postprocessing font output/Noto Looped Lao/unhinted/ttf/NotoLoopedLao-ExtraCondensedSemiBold.ttf
Building variable, static completed. All done!
Removing auxiliary dirs/files {'master_ufo', 'instance_ufo'}
