Creating variable fonts from src/NotoSansBalinese.glyphs
Glyphs named 'uni1B1C.conj' have different number of segments
Glyphs named 'uni1B30.td' have different number of segments
Couldn't build variable font: In 'src/NotoSansBalinese.glyphs' -> 'master_ufo/NotoSansBalinese.designspace': Generating fonts from Designspace failed: fonts contains incompatible glyphs: 'uni1B1C.conj', 'uni1B30.td'
Creating static fonts from src/NotoSansBalinese.glyphs
Created static font output/Noto Sans Balinese/unhinted/otf/NotoSansBalinese-Bold.otf
Postprocessing font output/Noto Sans Balinese/unhinted/otf/NotoSansBalinese-Bold.otf
Created static font output/Noto Sans Balinese/unhinted/otf/NotoSansBalinese-Regular.otf
Postprocessing font output/Noto Sans Balinese/unhinted/otf/NotoSansBalinese-Regular.otf
Created static font output/Noto Sans Balinese/unhinted/otf/NotoSansBalinese-SemiBold.otf
Postprocessing font output/Noto Sans Balinese/unhinted/otf/NotoSansBalinese-SemiBold.otf
Created static font output/Noto Sans Balinese/unhinted/otf/NotoSansBalinese-Medium.otf
Postprocessing font output/Noto Sans Balinese/unhinted/otf/NotoSansBalinese-Medium.otf
Creating static fonts from src/NotoSansBalinese.glyphs
Created static font output/Noto Sans Balinese/unhinted/ttf/NotoSansBalinese-Bold.ttf
Postprocessing font output/Noto Sans Balinese/unhinted/ttf/NotoSansBalinese-Bold.ttf
Couldn't autohint output/Noto Sans Balinese/unhinted/ttf/NotoSansBalinese-Bold.ttf: 0xF1: missing standard character glyph
Created static font output/Noto Sans Balinese/unhinted/ttf/NotoSansBalinese-Medium.ttf
Postprocessing font output/Noto Sans Balinese/unhinted/ttf/NotoSansBalinese-Medium.ttf
Couldn't autohint output/Noto Sans Balinese/unhinted/ttf/NotoSansBalinese-Medium.ttf: 0xF1: missing standard character glyph
Created static font output/Noto Sans Balinese/unhinted/ttf/NotoSansBalinese-SemiBold.ttf
Postprocessing font output/Noto Sans Balinese/unhinted/ttf/NotoSansBalinese-SemiBold.ttf
Couldn't autohint output/Noto Sans Balinese/unhinted/ttf/NotoSansBalinese-SemiBold.ttf: 0xF1: missing standard character glyph
Created static font output/Noto Sans Balinese/unhinted/ttf/NotoSansBalinese-Regular.ttf
Postprocessing font output/Noto Sans Balinese/unhinted/ttf/NotoSansBalinese-Regular.ttf
Couldn't autohint output/Noto Sans Balinese/unhinted/ttf/NotoSansBalinese-Regular.ttf: 0xF1: missing standard character glyph
Building variable, static completed. All done!
