Creating variable fonts from src/NotoLoopedLaoUI.glyphs
Postprocessing font output/Noto Looped Lao UI/unhinted/variable-ttf/NotoLoopedLaoUI[wdth,wght].ttf
Creating static fonts from src/NotoLoopedLaoUI.glyphs
Created static font output/Noto Looped Lao UI/unhinted/otf/NotoLoopedLaoUI-SemiCondensedThin.otf
Postprocessing font output/Noto Looped Lao UI/unhinted/otf/NotoLoopedLaoUI-SemiCondensedThin.otf
Created static font output/Noto Looped Lao UI/unhinted/otf/NotoLoopedLaoUI-Medium.otf
Postprocessing font output/Noto Looped Lao UI/unhinted/otf/NotoLoopedLaoUI-Medium.otf
Created static font output/Noto Looped Lao UI/unhinted/otf/NotoLoopedLaoUI-CondensedMedium.otf
Postprocessing font output/Noto Looped Lao UI/unhinted/otf/NotoLoopedLaoUI-CondensedMedium.otf
Created static font output/Noto Looped Lao UI/unhinted/otf/NotoLoopedLaoUI-Bold.otf
Postprocessing font output/Noto Looped Lao UI/unhinted/otf/NotoLoopedLaoUI-Bold.otf
Created static font output/Noto Looped Lao UI/unhinted/otf/NotoLoopedLaoUI-SemiBold.otf
Postprocessing font output/Noto Looped Lao UI/unhinted/otf/NotoLoopedLaoUI-SemiBold.otf
Created static font output/Noto Looped Lao UI/unhinted/otf/NotoLoopedLaoUI-Black.otf
Postprocessing font output/Noto Looped Lao UI/unhinted/otf/NotoLoopedLaoUI-Black.otf
Created static font output/Noto Looped Lao UI/unhinted/otf/NotoLoopedLaoUI-ExtraCondensedExtraBold.otf
Postprocessing font output/Noto Looped Lao UI/unhinted/otf/NotoLoopedLaoUI-ExtraCondensedExtraBold.otf
Created static font output/Noto Looped Lao UI/unhinted/otf/NotoLoopedLaoUI-Light.otf
Postprocessing font output/Noto Looped Lao UI/unhinted/otf/NotoLoopedLaoUI-Light.otf
Created static font output/Noto Looped Lao UI/unhinted/otf/NotoLoopedLaoUI-CondensedExtraLight.otf
Postprocessing font output/Noto Looped Lao UI/unhinted/otf/NotoLoopedLaoUI-CondensedExtraLight.otf
Created static font output/Noto Looped Lao UI/unhinted/otf/NotoLoopedLaoUI-ExtraCondensed.otf
Postprocessing font output/Noto Looped Lao UI/unhinted/otf/NotoLoopedLaoUI-ExtraCondensed.otf
Created static font output/Noto Looped Lao UI/unhinted/otf/NotoLoopedLaoUI-ExtraCondensedMedium.otf
Postprocessing font output/Noto Looped Lao UI/unhinted/otf/NotoLoopedLaoUI-ExtraCondensedMedium.otf
Created static font output/Noto Looped Lao UI/unhinted/otf/NotoLoopedLaoUI-ExtraCondensedLight.otf
Postprocessing font output/Noto Looped Lao UI/unhinted/otf/NotoLoopedLaoUI-ExtraCondensedLight.otf
Created static font output/Noto Looped Lao UI/unhinted/otf/NotoLoopedLaoUI-ExtraCondensedThin.otf
Postprocessing font output/Noto Looped Lao UI/unhinted/otf/NotoLoopedLaoUI-ExtraCondensedThin.otf
Created static font output/Noto Looped Lao UI/unhinted/otf/NotoLoopedLaoUI-SemiCondensedBlack.otf
Postprocessing font output/Noto Looped Lao UI/unhinted/otf/NotoLoopedLaoUI-SemiCondensedBlack.otf
Created static font output/Noto Looped Lao UI/unhinted/otf/NotoLoopedLaoUI-SemiCondensedExtraLight.otf
Postprocessing font output/Noto Looped Lao UI/unhinted/otf/NotoLoopedLaoUI-SemiCondensedExtraLight.otf
Created static font output/Noto Looped Lao UI/unhinted/otf/NotoLoopedLaoUI-CondensedBold.otf
Postprocessing font output/Noto Looped Lao UI/unhinted/otf/NotoLoopedLaoUI-CondensedBold.otf
Created static font output/Noto Looped Lao UI/unhinted/otf/NotoLoopedLaoUI-SemiCondensedMedium.otf
Postprocessing font output/Noto Looped Lao UI/unhinted/otf/NotoLoopedLaoUI-SemiCondensedMedium.otf
Created static font output/Noto Looped Lao UI/unhinted/otf/NotoLoopedLaoUI-CondensedThin.otf
Postprocessing font output/Noto Looped Lao UI/unhinted/otf/NotoLoopedLaoUI-CondensedThin.otf
Created static font output/Noto Looped Lao UI/unhinted/otf/NotoLoopedLaoUI-ExtraCondensedExtraLight.otf
Postprocessing font output/Noto Looped Lao UI/unhinted/otf/NotoLoopedLaoUI-ExtraCondensedExtraLight.otf
Created static font output/Noto Looped Lao UI/unhinted/otf/NotoLoopedLaoUI-ExtraCondensedBold.otf
Postprocessing font output/Noto Looped Lao UI/unhinted/otf/NotoLoopedLaoUI-ExtraCondensedBold.otf
Created static font output/Noto Looped Lao UI/unhinted/otf/NotoLoopedLaoUI-ExtraBold.otf
Postprocessing font output/Noto Looped Lao UI/unhinted/otf/NotoLoopedLaoUI-ExtraBold.otf
Created static font output/Noto Looped Lao UI/unhinted/otf/NotoLoopedLaoUI-CondensedSemiBold.otf
Postprocessing font output/Noto Looped Lao UI/unhinted/otf/NotoLoopedLaoUI-CondensedSemiBold.otf
Created static font output/Noto Looped Lao UI/unhinted/otf/NotoLoopedLaoUI-SemiCondensedExtraBold.otf
Postprocessing font output/Noto Looped Lao UI/unhinted/otf/NotoLoopedLaoUI-SemiCondensedExtraBold.otf
Created static font output/Noto Looped Lao UI/unhinted/otf/NotoLoopedLaoUI-SemiCondensed.otf
Postprocessing font output/Noto Looped Lao UI/unhinted/otf/NotoLoopedLaoUI-SemiCondensed.otf
Created static font output/Noto Looped Lao UI/unhinted/otf/NotoLoopedLaoUI-Regular.otf
Postprocessing font output/Noto Looped Lao UI/unhinted/otf/NotoLoopedLaoUI-Regular.otf
Created static font output/Noto Looped Lao UI/unhinted/otf/NotoLoopedLaoUI-SemiCondensedSemiBold.otf
Postprocessing font output/Noto Looped Lao UI/unhinted/otf/NotoLoopedLaoUI-SemiCondensedSemiBold.otf
Created static font output/Noto Looped Lao UI/unhinted/otf/NotoLoopedLaoUI-ExtraCondensedBlack.otf
Postprocessing font output/Noto Looped Lao UI/unhinted/otf/NotoLoopedLaoUI-ExtraCondensedBlack.otf
Created static font output/Noto Looped Lao UI/unhinted/otf/NotoLoopedLaoUI-SemiCondensedBold.otf
Postprocessing font output/Noto Looped Lao UI/unhinted/otf/NotoLoopedLaoUI-SemiCondensedBold.otf
Created static font output/Noto Looped Lao UI/unhinted/otf/NotoLoopedLaoUI-SemiCondensedLight.otf
Postprocessing font output/Noto Looped Lao UI/unhinted/otf/NotoLoopedLaoUI-SemiCondensedLight.otf
Created static font output/Noto Looped Lao UI/unhinted/otf/NotoLoopedLaoUI-ExtraLight.otf
Postprocessing font output/Noto Looped Lao UI/unhinted/otf/NotoLoopedLaoUI-ExtraLight.otf
Created static font output/Noto Looped Lao UI/unhinted/otf/NotoLoopedLaoUI-CondensedBlack.otf
Postprocessing font output/Noto Looped Lao UI/unhinted/otf/NotoLoopedLaoUI-CondensedBlack.otf
Created static font output/Noto Looped Lao UI/unhinted/otf/NotoLoopedLaoUI-CondensedLight.otf
Postprocessing font output/Noto Looped Lao UI/unhinted/otf/NotoLoopedLaoUI-CondensedLight.otf
Created static font output/Noto Looped Lao UI/unhinted/otf/NotoLoopedLaoUI-CondensedExtraBold.otf
Postprocessing font output/Noto Looped Lao UI/unhinted/otf/NotoLoopedLaoUI-CondensedExtraBold.otf
Created static font output/Noto Looped Lao UI/unhinted/otf/NotoLoopedLaoUI-Thin.otf
Postprocessing font output/Noto Looped Lao UI/unhinted/otf/NotoLoopedLaoUI-Thin.otf
Created static font output/Noto Looped Lao UI/unhinted/otf/NotoLoopedLaoUI-ExtraCondensedSemiBold.otf
Postprocessing font output/Noto Looped Lao UI/unhinted/otf/NotoLoopedLaoUI-ExtraCondensedSemiBold.otf
Created static font output/Noto Looped Lao UI/unhinted/otf/NotoLoopedLaoUI-Condensed.otf
Postprocessing font output/Noto Looped Lao UI/unhinted/otf/NotoLoopedLaoUI-Condensed.otf
Creating static fonts from src/NotoLoopedLaoUI.glyphs
Created static font output/Noto Looped Lao UI/unhinted/ttf/NotoLoopedLaoUI-Medium.ttf
Postprocessing font output/Noto Looped Lao UI/unhinted/ttf/NotoLoopedLaoUI-Medium.ttf
Created static font output/Noto Looped Lao UI/unhinted/ttf/NotoLoopedLaoUI-ExtraCondensed.ttf
Postprocessing font output/Noto Looped Lao UI/unhinted/ttf/NotoLoopedLaoUI-ExtraCondensed.ttf
Created static font output/Noto Looped Lao UI/unhinted/ttf/NotoLoopedLaoUI-SemiCondensedExtraLight.ttf
Postprocessing font output/Noto Looped Lao UI/unhinted/ttf/NotoLoopedLaoUI-SemiCondensedExtraLight.ttf
Created static font output/Noto Looped Lao UI/unhinted/ttf/NotoLoopedLaoUI-ExtraCondensedBlack.ttf
Postprocessing font output/Noto Looped Lao UI/unhinted/ttf/NotoLoopedLaoUI-ExtraCondensedBlack.ttf
Created static font output/Noto Looped Lao UI/unhinted/ttf/NotoLoopedLaoUI-ExtraCondensedThin.ttf
Postprocessing font output/Noto Looped Lao UI/unhinted/ttf/NotoLoopedLaoUI-ExtraCondensedThin.ttf
Created static font output/Noto Looped Lao UI/unhinted/ttf/NotoLoopedLaoUI-ExtraCondensedExtraLight.ttf
Postprocessing font output/Noto Looped Lao UI/unhinted/ttf/NotoLoopedLaoUI-ExtraCondensedExtraLight.ttf
Created static font output/Noto Looped Lao UI/unhinted/ttf/NotoLoopedLaoUI-CondensedExtraBold.ttf
Postprocessing font output/Noto Looped Lao UI/unhinted/ttf/NotoLoopedLaoUI-CondensedExtraBold.ttf
Created static font output/Noto Looped Lao UI/unhinted/ttf/NotoLoopedLaoUI-SemiCondensedBold.ttf
Postprocessing font output/Noto Looped Lao UI/unhinted/ttf/NotoLoopedLaoUI-SemiCondensedBold.ttf
Created static font output/Noto Looped Lao UI/unhinted/ttf/NotoLoopedLaoUI-SemiCondensedExtraBold.ttf
Postprocessing font output/Noto Looped Lao UI/unhinted/ttf/NotoLoopedLaoUI-SemiCondensedExtraBold.ttf
Created static font output/Noto Looped Lao UI/unhinted/ttf/NotoLoopedLaoUI-ExtraBold.ttf
Postprocessing font output/Noto Looped Lao UI/unhinted/ttf/NotoLoopedLaoUI-ExtraBold.ttf
Created static font output/Noto Looped Lao UI/unhinted/ttf/NotoLoopedLaoUI-CondensedBold.ttf
Postprocessing font output/Noto Looped Lao UI/unhinted/ttf/NotoLoopedLaoUI-CondensedBold.ttf
Created static font output/Noto Looped Lao UI/unhinted/ttf/NotoLoopedLaoUI-Light.ttf
Postprocessing font output/Noto Looped Lao UI/unhinted/ttf/NotoLoopedLaoUI-Light.ttf
Created static font output/Noto Looped Lao UI/unhinted/ttf/NotoLoopedLaoUI-CondensedThin.ttf
Postprocessing font output/Noto Looped Lao UI/unhinted/ttf/NotoLoopedLaoUI-CondensedThin.ttf
Created static font output/Noto Looped Lao UI/unhinted/ttf/NotoLoopedLaoUI-CondensedMedium.ttf
Postprocessing font output/Noto Looped Lao UI/unhinted/ttf/NotoLoopedLaoUI-CondensedMedium.ttf
Created static font output/Noto Looped Lao UI/unhinted/ttf/NotoLoopedLaoUI-ExtraCondensedLight.ttf
Postprocessing font output/Noto Looped Lao UI/unhinted/ttf/NotoLoopedLaoUI-ExtraCondensedLight.ttf
Created static font output/Noto Looped Lao UI/unhinted/ttf/NotoLoopedLaoUI-SemiCondensedMedium.ttf
Postprocessing font output/Noto Looped Lao UI/unhinted/ttf/NotoLoopedLaoUI-SemiCondensedMedium.ttf
Created static font output/Noto Looped Lao UI/unhinted/ttf/NotoLoopedLaoUI-CondensedExtraLight.ttf
Postprocessing font output/Noto Looped Lao UI/unhinted/ttf/NotoLoopedLaoUI-CondensedExtraLight.ttf
Created static font output/Noto Looped Lao UI/unhinted/ttf/NotoLoopedLaoUI-SemiCondensedThin.ttf
Postprocessing font output/Noto Looped Lao UI/unhinted/ttf/NotoLoopedLaoUI-SemiCondensedThin.ttf
Created static font output/Noto Looped Lao UI/unhinted/ttf/NotoLoopedLaoUI-ExtraLight.ttf
Postprocessing font output/Noto Looped Lao UI/unhinted/ttf/NotoLoopedLaoUI-ExtraLight.ttf
Created static font output/Noto Looped Lao UI/unhinted/ttf/NotoLoopedLaoUI-SemiCondensed.ttf
Postprocessing font output/Noto Looped Lao UI/unhinted/ttf/NotoLoopedLaoUI-SemiCondensed.ttf
Created static font output/Noto Looped Lao UI/unhinted/ttf/NotoLoopedLaoUI-CondensedBlack.ttf
Postprocessing font output/Noto Looped Lao UI/unhinted/ttf/NotoLoopedLaoUI-CondensedBlack.ttf
Created static font output/Noto Looped Lao UI/unhinted/ttf/NotoLoopedLaoUI-ExtraCondensedSemiBold.ttf
Postprocessing font output/Noto Looped Lao UI/unhinted/ttf/NotoLoopedLaoUI-ExtraCondensedSemiBold.ttf
Created static font output/Noto Looped Lao UI/unhinted/ttf/NotoLoopedLaoUI-CondensedLight.ttf
Postprocessing font output/Noto Looped Lao UI/unhinted/ttf/NotoLoopedLaoUI-CondensedLight.ttf
Created static font output/Noto Looped Lao UI/unhinted/ttf/NotoLoopedLaoUI-Condensed.ttf
Postprocessing font output/Noto Looped Lao UI/unhinted/ttf/NotoLoopedLaoUI-Condensed.ttf
Created static font output/Noto Looped Lao UI/unhinted/ttf/NotoLoopedLaoUI-Black.ttf
Postprocessing font output/Noto Looped Lao UI/unhinted/ttf/NotoLoopedLaoUI-Black.ttf
Created static font output/Noto Looped Lao UI/unhinted/ttf/NotoLoopedLaoUI-Regular.ttf
Postprocessing font output/Noto Looped Lao UI/unhinted/ttf/NotoLoopedLaoUI-Regular.ttf
Created static font output/Noto Looped Lao UI/unhinted/ttf/NotoLoopedLaoUI-ExtraCondensedMedium.ttf
Postprocessing font output/Noto Looped Lao UI/unhinted/ttf/NotoLoopedLaoUI-ExtraCondensedMedium.ttf
Created static font output/Noto Looped Lao UI/unhinted/ttf/NotoLoopedLaoUI-SemiCondensedSemiBold.ttf
Postprocessing font output/Noto Looped Lao UI/unhinted/ttf/NotoLoopedLaoUI-SemiCondensedSemiBold.ttf
Created static font output/Noto Looped Lao UI/unhinted/ttf/NotoLoopedLaoUI-Bold.ttf
Postprocessing font output/Noto Looped Lao UI/unhinted/ttf/NotoLoopedLaoUI-Bold.ttf
Created static font output/Noto Looped Lao UI/unhinted/ttf/NotoLoopedLaoUI-SemiBold.ttf
Postprocessing font output/Noto Looped Lao UI/unhinted/ttf/NotoLoopedLaoUI-SemiBold.ttf
Created static font output/Noto Looped Lao UI/unhinted/ttf/NotoLoopedLaoUI-CondensedSemiBold.ttf
Postprocessing font output/Noto Looped Lao UI/unhinted/ttf/NotoLoopedLaoUI-CondensedSemiBold.ttf
Created static font output/Noto Looped Lao UI/unhinted/ttf/NotoLoopedLaoUI-ExtraCondensedBold.ttf
Postprocessing font output/Noto Looped Lao UI/unhinted/ttf/NotoLoopedLaoUI-ExtraCondensedBold.ttf
Created static font output/Noto Looped Lao UI/unhinted/ttf/NotoLoopedLaoUI-SemiCondensedBlack.ttf
Postprocessing font output/Noto Looped Lao UI/unhinted/ttf/NotoLoopedLaoUI-SemiCondensedBlack.ttf
Created static font output/Noto Looped Lao UI/unhinted/ttf/NotoLoopedLaoUI-ExtraCondensedExtraBold.ttf
Postprocessing font output/Noto Looped Lao UI/unhinted/ttf/NotoLoopedLaoUI-ExtraCondensedExtraBold.ttf
Created static font output/Noto Looped Lao UI/unhinted/ttf/NotoLoopedLaoUI-Thin.ttf
Postprocessing font output/Noto Looped Lao UI/unhinted/ttf/NotoLoopedLaoUI-Thin.ttf
Created static font output/Noto Looped Lao UI/unhinted/ttf/NotoLoopedLaoUI-SemiCondensedLight.ttf
Postprocessing font output/Noto Looped Lao UI/unhinted/ttf/NotoLoopedLaoUI-SemiCondensedLight.ttf
Building variable, static completed. All done!
Removing auxiliary dirs/files {'master_ufo', 'instance_ufo'}
