Creating variable fonts from src/NotoSansCanadianAboriginal/NotoSansCanadianAboriginal.designspace
Glyphs named 'uni1408' have different number of segments
Glyphs named 'uni14C5' have different number of segments
Glyphs named 'uni1409' have different number of segments
Couldn't build variable font: In 'src/NotoSansCanadianAboriginal/NotoSansCanadianAboriginal.designspace': Generating fonts from Designspace failed: fonts contains incompatible glyphs: 'uni1408', 'uni1409', 'uni14C5'
Creating static fonts from src/NotoSansCanadianAboriginal/NotoSansCanadianAboriginal.designspace
Created static font output/Noto Sans Canadian Aboriginal/unhinted/otf/NotoSansCanadianAboriginal-Light.otf
Postprocessing font output/Noto Sans Canadian Aboriginal/unhinted/otf/NotoSansCanadianAboriginal-Light.otf
Created static font output/Noto Sans Canadian Aboriginal/unhinted/otf/NotoSansCanadianAboriginal-Regular.otf
Postprocessing font output/Noto Sans Canadian Aboriginal/unhinted/otf/NotoSansCanadianAboriginal-Regular.otf
Created static font output/Noto Sans Canadian Aboriginal/unhinted/otf/NotoSansCanadianAboriginal-ExtraLight.otf
Postprocessing font output/Noto Sans Canadian Aboriginal/unhinted/otf/NotoSansCanadianAboriginal-ExtraLight.otf
Created static font output/Noto Sans Canadian Aboriginal/unhinted/otf/NotoSansCanadianAboriginal-Medium.otf
Postprocessing font output/Noto Sans Canadian Aboriginal/unhinted/otf/NotoSansCanadianAboriginal-Medium.otf
Created static font output/Noto Sans Canadian Aboriginal/unhinted/otf/NotoSansCanadianAboriginal-Thin.otf
Postprocessing font output/Noto Sans Canadian Aboriginal/unhinted/otf/NotoSansCanadianAboriginal-Thin.otf
Created static font output/Noto Sans Canadian Aboriginal/unhinted/otf/NotoSansCanadianAboriginal-ExtraBold.otf
Postprocessing font output/Noto Sans Canadian Aboriginal/unhinted/otf/NotoSansCanadianAboriginal-ExtraBold.otf
Created static font output/Noto Sans Canadian Aboriginal/unhinted/otf/NotoSansCanadianAboriginal-Bold.otf
Postprocessing font output/Noto Sans Canadian Aboriginal/unhinted/otf/NotoSansCanadianAboriginal-Bold.otf
Created static font output/Noto Sans Canadian Aboriginal/unhinted/otf/NotoSansCanadianAboriginal-SemiBold.otf
Postprocessing font output/Noto Sans Canadian Aboriginal/unhinted/otf/NotoSansCanadianAboriginal-SemiBold.otf
Created static font output/Noto Sans Canadian Aboriginal/unhinted/otf/NotoSansCanadianAboriginal-Black.otf
Postprocessing font output/Noto Sans Canadian Aboriginal/unhinted/otf/NotoSansCanadianAboriginal-Black.otf
Creating static fonts from src/NotoSansCanadianAboriginal/NotoSansCanadianAboriginal.designspace
Created static font output/Noto Sans Canadian Aboriginal/unhinted/ttf/NotoSansCanadianAboriginal-Black.ttf
Postprocessing font output/Noto Sans Canadian Aboriginal/unhinted/ttf/NotoSansCanadianAboriginal-Black.ttf
Created static font output/Noto Sans Canadian Aboriginal/unhinted/ttf/NotoSansCanadianAboriginal-Light.ttf
Postprocessing font output/Noto Sans Canadian Aboriginal/unhinted/ttf/NotoSansCanadianAboriginal-Light.ttf
Created static font output/Noto Sans Canadian Aboriginal/unhinted/ttf/NotoSansCanadianAboriginal-SemiBold.ttf
Postprocessing font output/Noto Sans Canadian Aboriginal/unhinted/ttf/NotoSansCanadianAboriginal-SemiBold.ttf
Created static font output/Noto Sans Canadian Aboriginal/unhinted/ttf/NotoSansCanadianAboriginal-ExtraBold.ttf
Postprocessing font output/Noto Sans Canadian Aboriginal/unhinted/ttf/NotoSansCanadianAboriginal-ExtraBold.ttf
Created static font output/Noto Sans Canadian Aboriginal/unhinted/ttf/NotoSansCanadianAboriginal-Regular.ttf
Postprocessing font output/Noto Sans Canadian Aboriginal/unhinted/ttf/NotoSansCanadianAboriginal-Regular.ttf
Created static font output/Noto Sans Canadian Aboriginal/unhinted/ttf/NotoSansCanadianAboriginal-Bold.ttf
Postprocessing font output/Noto Sans Canadian Aboriginal/unhinted/ttf/NotoSansCanadianAboriginal-Bold.ttf
Created static font output/Noto Sans Canadian Aboriginal/unhinted/ttf/NotoSansCanadianAboriginal-ExtraLight.ttf
Postprocessing font output/Noto Sans Canadian Aboriginal/unhinted/ttf/NotoSansCanadianAboriginal-ExtraLight.ttf
Created static font output/Noto Sans Canadian Aboriginal/unhinted/ttf/NotoSansCanadianAboriginal-Thin.ttf
Postprocessing font output/Noto Sans Canadian Aboriginal/unhinted/ttf/NotoSansCanadianAboriginal-Thin.ttf
Created static font output/Noto Sans Canadian Aboriginal/unhinted/ttf/NotoSansCanadianAboriginal-Medium.ttf
Postprocessing font output/Noto Sans Canadian Aboriginal/unhinted/ttf/NotoSansCanadianAboriginal-Medium.ttf
Building variable, static completed. All done!
