Creating variable fonts from src/NotoRashiHebrew.glyphs
Postprocessing font output/Noto Rashi Hebrew/unhinted/variable-ttf/NotoRashiHebrew[wght].ttf
Cannot remove tables '['MVAR']' since they are not in the font.
Creating static fonts from src/NotoRashiHebrew.glyphs
Created static font output/Noto Rashi Hebrew/unhinted/otf/NotoRashiHebrew-ExtraBold.otf
Postprocessing font output/Noto Rashi Hebrew/unhinted/otf/NotoRashiHebrew-ExtraBold.otf
Created static font output/Noto Rashi Hebrew/unhinted/otf/NotoRashiHebrew-Regular.otf
Postprocessing font output/Noto Rashi Hebrew/unhinted/otf/NotoRashiHebrew-Regular.otf
Created static font output/Noto Rashi Hebrew/unhinted/otf/NotoRashiHebrew-Bold.otf
Postprocessing font output/Noto Rashi Hebrew/unhinted/otf/NotoRashiHebrew-Bold.otf
Created static font output/Noto Rashi Hebrew/unhinted/otf/NotoRashiHebrew-Light.otf
Postprocessing font output/Noto Rashi Hebrew/unhinted/otf/NotoRashiHebrew-Light.otf
Created static font output/Noto Rashi Hebrew/unhinted/otf/NotoRashiHebrew-SemiBold.otf
Postprocessing font output/Noto Rashi Hebrew/unhinted/otf/NotoRashiHebrew-SemiBold.otf
Created static font output/Noto Rashi Hebrew/unhinted/otf/NotoRashiHebrew-ExtraLight.otf
Postprocessing font output/Noto Rashi Hebrew/unhinted/otf/NotoRashiHebrew-ExtraLight.otf
Created static font output/Noto Rashi Hebrew/unhinted/otf/NotoRashiHebrew-Black.otf
Postprocessing font output/Noto Rashi Hebrew/unhinted/otf/NotoRashiHebrew-Black.otf
Created static font output/Noto Rashi Hebrew/unhinted/otf/NotoRashiHebrew-Medium.otf
Postprocessing font output/Noto Rashi Hebrew/unhinted/otf/NotoRashiHebrew-Medium.otf
Created static font output/Noto Rashi Hebrew/unhinted/otf/NotoRashiHebrew-Thin.otf
Postprocessing font output/Noto Rashi Hebrew/unhinted/otf/NotoRashiHebrew-Thin.otf
Creating static fonts from src/NotoRashiHebrew.glyphs
Created static font output/Noto Rashi Hebrew/unhinted/ttf/NotoRashiHebrew-Bold.ttf
Postprocessing font output/Noto Rashi Hebrew/unhinted/ttf/NotoRashiHebrew-Bold.ttf
Created static font output/Noto Rashi Hebrew/unhinted/ttf/NotoRashiHebrew-Medium.ttf
Postprocessing font output/Noto Rashi Hebrew/unhinted/ttf/NotoRashiHebrew-Medium.ttf
Created static font output/Noto Rashi Hebrew/unhinted/ttf/NotoRashiHebrew-SemiBold.ttf
Postprocessing font output/Noto Rashi Hebrew/unhinted/ttf/NotoRashiHebrew-SemiBold.ttf
Created static font output/Noto Rashi Hebrew/unhinted/ttf/NotoRashiHebrew-Light.ttf
Postprocessing font output/Noto Rashi Hebrew/unhinted/ttf/NotoRashiHebrew-Light.ttf
Created static font output/Noto Rashi Hebrew/unhinted/ttf/NotoRashiHebrew-Black.ttf
Postprocessing font output/Noto Rashi Hebrew/unhinted/ttf/NotoRashiHebrew-Black.ttf
Created static font output/Noto Rashi Hebrew/unhinted/ttf/NotoRashiHebrew-ExtraLight.ttf
Postprocessing font output/Noto Rashi Hebrew/unhinted/ttf/NotoRashiHebrew-ExtraLight.ttf
Created static font output/Noto Rashi Hebrew/unhinted/ttf/NotoRashiHebrew-Thin.ttf
Postprocessing font output/Noto Rashi Hebrew/unhinted/ttf/NotoRashiHebrew-Thin.ttf
Created static font output/Noto Rashi Hebrew/unhinted/ttf/NotoRashiHebrew-ExtraBold.ttf
Postprocessing font output/Noto Rashi Hebrew/unhinted/ttf/NotoRashiHebrew-ExtraBold.ttf
Created static font output/Noto Rashi Hebrew/unhinted/ttf/NotoRashiHebrew-Regular.ttf
Postprocessing font output/Noto Rashi Hebrew/unhinted/ttf/NotoRashiHebrew-Regular.ttf
Building variable, static completed. All done!
