Creating variable fonts from src/NotoLoopedThaiUI.glyphs
Postprocessing font output/Noto Looped Thai UI/unhinted/variable-ttf/NotoLoopedThaiUI[wdth,wght].ttf
Creating static fonts from src/NotoLoopedThaiUI.glyphs
Created static font output/Noto Looped Thai UI/unhinted/otf/NotoLoopedThaiUI-ExtraCondensedExtraBold.otf
Postprocessing font output/Noto Looped Thai UI/unhinted/otf/NotoLoopedThaiUI-ExtraCondensedExtraBold.otf
Created static font output/Noto Looped Thai UI/unhinted/otf/NotoLoopedThaiUI-Condensed.otf
Postprocessing font output/Noto Looped Thai UI/unhinted/otf/NotoLoopedThaiUI-Condensed.otf
Created static font output/Noto Looped Thai UI/unhinted/otf/NotoLoopedThaiUI-Regular.otf
Postprocessing font output/Noto Looped Thai UI/unhinted/otf/NotoLoopedThaiUI-Regular.otf
Created static font output/Noto Looped Thai UI/unhinted/otf/NotoLoopedThaiUI-ExtraCondensedThin.otf
Postprocessing font output/Noto Looped Thai UI/unhinted/otf/NotoLoopedThaiUI-ExtraCondensedThin.otf
Created static font output/Noto Looped Thai UI/unhinted/otf/NotoLoopedThaiUI-SemiCondensedBold.otf
Postprocessing font output/Noto Looped Thai UI/unhinted/otf/NotoLoopedThaiUI-SemiCondensedBold.otf
Created static font output/Noto Looped Thai UI/unhinted/otf/NotoLoopedThaiUI-ExtraLight.otf
Postprocessing font output/Noto Looped Thai UI/unhinted/otf/NotoLoopedThaiUI-ExtraLight.otf
Created static font output/Noto Looped Thai UI/unhinted/otf/NotoLoopedThaiUI-Bold.otf
Postprocessing font output/Noto Looped Thai UI/unhinted/otf/NotoLoopedThaiUI-Bold.otf
Created static font output/Noto Looped Thai UI/unhinted/otf/NotoLoopedThaiUI-SemiCondensedLight.otf
Postprocessing font output/Noto Looped Thai UI/unhinted/otf/NotoLoopedThaiUI-SemiCondensedLight.otf
Created static font output/Noto Looped Thai UI/unhinted/otf/NotoLoopedThaiUI-ExtraCondensed.otf
Postprocessing font output/Noto Looped Thai UI/unhinted/otf/NotoLoopedThaiUI-ExtraCondensed.otf
Created static font output/Noto Looped Thai UI/unhinted/otf/NotoLoopedThaiUI-Light.otf
Postprocessing font output/Noto Looped Thai UI/unhinted/otf/NotoLoopedThaiUI-Light.otf
Created static font output/Noto Looped Thai UI/unhinted/otf/NotoLoopedThaiUI-CondensedSemiBold.otf
Postprocessing font output/Noto Looped Thai UI/unhinted/otf/NotoLoopedThaiUI-CondensedSemiBold.otf
Created static font output/Noto Looped Thai UI/unhinted/otf/NotoLoopedThaiUI-CondensedLight.otf
Postprocessing font output/Noto Looped Thai UI/unhinted/otf/NotoLoopedThaiUI-CondensedLight.otf
Created static font output/Noto Looped Thai UI/unhinted/otf/NotoLoopedThaiUI-ExtraCondensedMedium.otf
Postprocessing font output/Noto Looped Thai UI/unhinted/otf/NotoLoopedThaiUI-ExtraCondensedMedium.otf
Created static font output/Noto Looped Thai UI/unhinted/otf/NotoLoopedThaiUI-CondensedBold.otf
Postprocessing font output/Noto Looped Thai UI/unhinted/otf/NotoLoopedThaiUI-CondensedBold.otf
Created static font output/Noto Looped Thai UI/unhinted/otf/NotoLoopedThaiUI-CondensedExtraLight.otf
Postprocessing font output/Noto Looped Thai UI/unhinted/otf/NotoLoopedThaiUI-CondensedExtraLight.otf
Created static font output/Noto Looped Thai UI/unhinted/otf/NotoLoopedThaiUI-Black.otf
Postprocessing font output/Noto Looped Thai UI/unhinted/otf/NotoLoopedThaiUI-Black.otf
Created static font output/Noto Looped Thai UI/unhinted/otf/NotoLoopedThaiUI-SemiCondensedSemiBold.otf
Postprocessing font output/Noto Looped Thai UI/unhinted/otf/NotoLoopedThaiUI-SemiCondensedSemiBold.otf
Created static font output/Noto Looped Thai UI/unhinted/otf/NotoLoopedThaiUI-CondensedMedium.otf
Postprocessing font output/Noto Looped Thai UI/unhinted/otf/NotoLoopedThaiUI-CondensedMedium.otf
Created static font output/Noto Looped Thai UI/unhinted/otf/NotoLoopedThaiUI-SemiCondensedMedium.otf
Postprocessing font output/Noto Looped Thai UI/unhinted/otf/NotoLoopedThaiUI-SemiCondensedMedium.otf
Created static font output/Noto Looped Thai UI/unhinted/otf/NotoLoopedThaiUI-CondensedThin.otf
Postprocessing font output/Noto Looped Thai UI/unhinted/otf/NotoLoopedThaiUI-CondensedThin.otf
Created static font output/Noto Looped Thai UI/unhinted/otf/NotoLoopedThaiUI-ExtraCondensedExtraLight.otf
Postprocessing font output/Noto Looped Thai UI/unhinted/otf/NotoLoopedThaiUI-ExtraCondensedExtraLight.otf
Created static font output/Noto Looped Thai UI/unhinted/otf/NotoLoopedThaiUI-Thin.otf
Postprocessing font output/Noto Looped Thai UI/unhinted/otf/NotoLoopedThaiUI-Thin.otf
Created static font output/Noto Looped Thai UI/unhinted/otf/NotoLoopedThaiUI-CondensedBlack.otf
Postprocessing font output/Noto Looped Thai UI/unhinted/otf/NotoLoopedThaiUI-CondensedBlack.otf
Created static font output/Noto Looped Thai UI/unhinted/otf/NotoLoopedThaiUI-SemiCondensedBlack.otf
Postprocessing font output/Noto Looped Thai UI/unhinted/otf/NotoLoopedThaiUI-SemiCondensedBlack.otf
Created static font output/Noto Looped Thai UI/unhinted/otf/NotoLoopedThaiUI-Medium.otf
Postprocessing font output/Noto Looped Thai UI/unhinted/otf/NotoLoopedThaiUI-Medium.otf
Created static font output/Noto Looped Thai UI/unhinted/otf/NotoLoopedThaiUI-ExtraCondensedBold.otf
Postprocessing font output/Noto Looped Thai UI/unhinted/otf/NotoLoopedThaiUI-ExtraCondensedBold.otf
Created static font output/Noto Looped Thai UI/unhinted/otf/NotoLoopedThaiUI-SemiCondensedThin.otf
Postprocessing font output/Noto Looped Thai UI/unhinted/otf/NotoLoopedThaiUI-SemiCondensedThin.otf
Created static font output/Noto Looped Thai UI/unhinted/otf/NotoLoopedThaiUI-ExtraCondensedBlack.otf
Postprocessing font output/Noto Looped Thai UI/unhinted/otf/NotoLoopedThaiUI-ExtraCondensedBlack.otf
Created static font output/Noto Looped Thai UI/unhinted/otf/NotoLoopedThaiUI-SemiBold.otf
Postprocessing font output/Noto Looped Thai UI/unhinted/otf/NotoLoopedThaiUI-SemiBold.otf
Created static font output/Noto Looped Thai UI/unhinted/otf/NotoLoopedThaiUI-SemiCondensedExtraBold.otf
Postprocessing font output/Noto Looped Thai UI/unhinted/otf/NotoLoopedThaiUI-SemiCondensedExtraBold.otf
Created static font output/Noto Looped Thai UI/unhinted/otf/NotoLoopedThaiUI-CondensedExtraBold.otf
Postprocessing font output/Noto Looped Thai UI/unhinted/otf/NotoLoopedThaiUI-CondensedExtraBold.otf
Created static font output/Noto Looped Thai UI/unhinted/otf/NotoLoopedThaiUI-ExtraCondensedLight.otf
Postprocessing font output/Noto Looped Thai UI/unhinted/otf/NotoLoopedThaiUI-ExtraCondensedLight.otf
Created static font output/Noto Looped Thai UI/unhinted/otf/NotoLoopedThaiUI-ExtraBold.otf
Postprocessing font output/Noto Looped Thai UI/unhinted/otf/NotoLoopedThaiUI-ExtraBold.otf
Created static font output/Noto Looped Thai UI/unhinted/otf/NotoLoopedThaiUI-ExtraCondensedSemiBold.otf
Postprocessing font output/Noto Looped Thai UI/unhinted/otf/NotoLoopedThaiUI-ExtraCondensedSemiBold.otf
Created static font output/Noto Looped Thai UI/unhinted/otf/NotoLoopedThaiUI-SemiCondensedExtraLight.otf
Postprocessing font output/Noto Looped Thai UI/unhinted/otf/NotoLoopedThaiUI-SemiCondensedExtraLight.otf
Created static font output/Noto Looped Thai UI/unhinted/otf/NotoLoopedThaiUI-SemiCondensed.otf
Postprocessing font output/Noto Looped Thai UI/unhinted/otf/NotoLoopedThaiUI-SemiCondensed.otf
Creating static fonts from src/NotoLoopedThaiUI.glyphs
Created static font output/Noto Looped Thai UI/unhinted/ttf/NotoLoopedThaiUI-ExtraCondensedBlack.ttf
Postprocessing font output/Noto Looped Thai UI/unhinted/ttf/NotoLoopedThaiUI-ExtraCondensedBlack.ttf
Created static font output/Noto Looped Thai UI/unhinted/ttf/NotoLoopedThaiUI-ExtraCondensed.ttf
Postprocessing font output/Noto Looped Thai UI/unhinted/ttf/NotoLoopedThaiUI-ExtraCondensed.ttf
Created static font output/Noto Looped Thai UI/unhinted/ttf/NotoLoopedThaiUI-SemiCondensed.ttf
Postprocessing font output/Noto Looped Thai UI/unhinted/ttf/NotoLoopedThaiUI-SemiCondensed.ttf
Created static font output/Noto Looped Thai UI/unhinted/ttf/NotoLoopedThaiUI-Bold.ttf
Postprocessing font output/Noto Looped Thai UI/unhinted/ttf/NotoLoopedThaiUI-Bold.ttf
Created static font output/Noto Looped Thai UI/unhinted/ttf/NotoLoopedThaiUI-SemiCondensedLight.ttf
Postprocessing font output/Noto Looped Thai UI/unhinted/ttf/NotoLoopedThaiUI-SemiCondensedLight.ttf
Created static font output/Noto Looped Thai UI/unhinted/ttf/NotoLoopedThaiUI-ExtraLight.ttf
Postprocessing font output/Noto Looped Thai UI/unhinted/ttf/NotoLoopedThaiUI-ExtraLight.ttf
Created static font output/Noto Looped Thai UI/unhinted/ttf/NotoLoopedThaiUI-SemiCondensedExtraLight.ttf
Postprocessing font output/Noto Looped Thai UI/unhinted/ttf/NotoLoopedThaiUI-SemiCondensedExtraLight.ttf
Created static font output/Noto Looped Thai UI/unhinted/ttf/NotoLoopedThaiUI-SemiCondensedThin.ttf
Postprocessing font output/Noto Looped Thai UI/unhinted/ttf/NotoLoopedThaiUI-SemiCondensedThin.ttf
Created static font output/Noto Looped Thai UI/unhinted/ttf/NotoLoopedThaiUI-ExtraCondensedSemiBold.ttf
Postprocessing font output/Noto Looped Thai UI/unhinted/ttf/NotoLoopedThaiUI-ExtraCondensedSemiBold.ttf
Created static font output/Noto Looped Thai UI/unhinted/ttf/NotoLoopedThaiUI-ExtraCondensedExtraBold.ttf
Postprocessing font output/Noto Looped Thai UI/unhinted/ttf/NotoLoopedThaiUI-ExtraCondensedExtraBold.ttf
Created static font output/Noto Looped Thai UI/unhinted/ttf/NotoLoopedThaiUI-CondensedExtraBold.ttf
Postprocessing font output/Noto Looped Thai UI/unhinted/ttf/NotoLoopedThaiUI-CondensedExtraBold.ttf
Created static font output/Noto Looped Thai UI/unhinted/ttf/NotoLoopedThaiUI-Light.ttf
Postprocessing font output/Noto Looped Thai UI/unhinted/ttf/NotoLoopedThaiUI-Light.ttf
Created static font output/Noto Looped Thai UI/unhinted/ttf/NotoLoopedThaiUI-CondensedThin.ttf
Postprocessing font output/Noto Looped Thai UI/unhinted/ttf/NotoLoopedThaiUI-CondensedThin.ttf
Created static font output/Noto Looped Thai UI/unhinted/ttf/NotoLoopedThaiUI-ExtraCondensedLight.ttf
Postprocessing font output/Noto Looped Thai UI/unhinted/ttf/NotoLoopedThaiUI-ExtraCondensedLight.ttf
Created static font output/Noto Looped Thai UI/unhinted/ttf/NotoLoopedThaiUI-CondensedBlack.ttf
Postprocessing font output/Noto Looped Thai UI/unhinted/ttf/NotoLoopedThaiUI-CondensedBlack.ttf
Created static font output/Noto Looped Thai UI/unhinted/ttf/NotoLoopedThaiUI-CondensedExtraLight.ttf
Postprocessing font output/Noto Looped Thai UI/unhinted/ttf/NotoLoopedThaiUI-CondensedExtraLight.ttf
Created static font output/Noto Looped Thai UI/unhinted/ttf/NotoLoopedThaiUI-CondensedSemiBold.ttf
Postprocessing font output/Noto Looped Thai UI/unhinted/ttf/NotoLoopedThaiUI-CondensedSemiBold.ttf
Created static font output/Noto Looped Thai UI/unhinted/ttf/NotoLoopedThaiUI-Black.ttf
Postprocessing font output/Noto Looped Thai UI/unhinted/ttf/NotoLoopedThaiUI-Black.ttf
Created static font output/Noto Looped Thai UI/unhinted/ttf/NotoLoopedThaiUI-SemiCondensedBold.ttf
Postprocessing font output/Noto Looped Thai UI/unhinted/ttf/NotoLoopedThaiUI-SemiCondensedBold.ttf
Created static font output/Noto Looped Thai UI/unhinted/ttf/NotoLoopedThaiUI-ExtraCondensedExtraLight.ttf
Postprocessing font output/Noto Looped Thai UI/unhinted/ttf/NotoLoopedThaiUI-ExtraCondensedExtraLight.ttf
Created static font output/Noto Looped Thai UI/unhinted/ttf/NotoLoopedThaiUI-ExtraCondensedBold.ttf
Postprocessing font output/Noto Looped Thai UI/unhinted/ttf/NotoLoopedThaiUI-ExtraCondensedBold.ttf
Created static font output/Noto Looped Thai UI/unhinted/ttf/NotoLoopedThaiUI-SemiCondensedSemiBold.ttf
Postprocessing font output/Noto Looped Thai UI/unhinted/ttf/NotoLoopedThaiUI-SemiCondensedSemiBold.ttf
Created static font output/Noto Looped Thai UI/unhinted/ttf/NotoLoopedThaiUI-Condensed.ttf
Postprocessing font output/Noto Looped Thai UI/unhinted/ttf/NotoLoopedThaiUI-Condensed.ttf
Created static font output/Noto Looped Thai UI/unhinted/ttf/NotoLoopedThaiUI-Regular.ttf
Postprocessing font output/Noto Looped Thai UI/unhinted/ttf/NotoLoopedThaiUI-Regular.ttf
Created static font output/Noto Looped Thai UI/unhinted/ttf/NotoLoopedThaiUI-ExtraCondensedThin.ttf
Postprocessing font output/Noto Looped Thai UI/unhinted/ttf/NotoLoopedThaiUI-ExtraCondensedThin.ttf
Created static font output/Noto Looped Thai UI/unhinted/ttf/NotoLoopedThaiUI-SemiCondensedBlack.ttf
Postprocessing font output/Noto Looped Thai UI/unhinted/ttf/NotoLoopedThaiUI-SemiCondensedBlack.ttf
Created static font output/Noto Looped Thai UI/unhinted/ttf/NotoLoopedThaiUI-SemiCondensedExtraBold.ttf
Postprocessing font output/Noto Looped Thai UI/unhinted/ttf/NotoLoopedThaiUI-SemiCondensedExtraBold.ttf
Created static font output/Noto Looped Thai UI/unhinted/ttf/NotoLoopedThaiUI-CondensedBold.ttf
Postprocessing font output/Noto Looped Thai UI/unhinted/ttf/NotoLoopedThaiUI-CondensedBold.ttf
Created static font output/Noto Looped Thai UI/unhinted/ttf/NotoLoopedThaiUI-SemiCondensedMedium.ttf
Postprocessing font output/Noto Looped Thai UI/unhinted/ttf/NotoLoopedThaiUI-SemiCondensedMedium.ttf
Created static font output/Noto Looped Thai UI/unhinted/ttf/NotoLoopedThaiUI-SemiBold.ttf
Postprocessing font output/Noto Looped Thai UI/unhinted/ttf/NotoLoopedThaiUI-SemiBold.ttf
Created static font output/Noto Looped Thai UI/unhinted/ttf/NotoLoopedThaiUI-ExtraCondensedMedium.ttf
Postprocessing font output/Noto Looped Thai UI/unhinted/ttf/NotoLoopedThaiUI-ExtraCondensedMedium.ttf
Created static font output/Noto Looped Thai UI/unhinted/ttf/NotoLoopedThaiUI-CondensedMedium.ttf
Postprocessing font output/Noto Looped Thai UI/unhinted/ttf/NotoLoopedThaiUI-CondensedMedium.ttf
Created static font output/Noto Looped Thai UI/unhinted/ttf/NotoLoopedThaiUI-CondensedLight.ttf
Postprocessing font output/Noto Looped Thai UI/unhinted/ttf/NotoLoopedThaiUI-CondensedLight.ttf
Created static font output/Noto Looped Thai UI/unhinted/ttf/NotoLoopedThaiUI-Medium.ttf
Postprocessing font output/Noto Looped Thai UI/unhinted/ttf/NotoLoopedThaiUI-Medium.ttf
Created static font output/Noto Looped Thai UI/unhinted/ttf/NotoLoopedThaiUI-Thin.ttf
Postprocessing font output/Noto Looped Thai UI/unhinted/ttf/NotoLoopedThaiUI-Thin.ttf
Created static font output/Noto Looped Thai UI/unhinted/ttf/NotoLoopedThaiUI-ExtraBold.ttf
Postprocessing font output/Noto Looped Thai UI/unhinted/ttf/NotoLoopedThaiUI-ExtraBold.ttf
Building variable, static completed. All done!
Removing auxiliary dirs/files {'master_ufo', 'instance_ufo'}
