Creating variable fonts from src/NotoSansCherokee/NotoSansCherokee.designspace
Postprocessing font output/Noto Sans Cherokee/unhinted/variable-ttf/NotoSansCherokee[wght].ttf
Cannot remove tables '['MVAR']' since they are not in the font.
Creating static fonts from src/NotoSansCherokee/NotoSansCherokee.designspace
Created static font output/Noto Sans Cherokee/unhinted/otf/NotoSansCherokee-Regular.otf
Postprocessing font output/Noto Sans Cherokee/unhinted/otf/NotoSansCherokee-Regular.otf
Created static font output/Noto Sans Cherokee/unhinted/otf/NotoSansCherokee-Medium.otf
Postprocessing font output/Noto Sans Cherokee/unhinted/otf/NotoSansCherokee-Medium.otf
Created static font output/Noto Sans Cherokee/unhinted/otf/NotoSansCherokee-Thin.otf
Postprocessing font output/Noto Sans Cherokee/unhinted/otf/NotoSansCherokee-Thin.otf
Created static font output/Noto Sans Cherokee/unhinted/otf/NotoSansCherokee-Black.otf
Postprocessing font output/Noto Sans Cherokee/unhinted/otf/NotoSansCherokee-Black.otf
Created static font output/Noto Sans Cherokee/unhinted/otf/NotoSansCherokee-ExtraBold.otf
Postprocessing font output/Noto Sans Cherokee/unhinted/otf/NotoSansCherokee-ExtraBold.otf
Created static font output/Noto Sans Cherokee/unhinted/otf/NotoSansCherokee-SemiBold.otf
Postprocessing font output/Noto Sans Cherokee/unhinted/otf/NotoSansCherokee-SemiBold.otf
Created static font output/Noto Sans Cherokee/unhinted/otf/NotoSansCherokee-Light.otf
Postprocessing font output/Noto Sans Cherokee/unhinted/otf/NotoSansCherokee-Light.otf
Created static font output/Noto Sans Cherokee/unhinted/otf/NotoSansCherokee-Bold.otf
Postprocessing font output/Noto Sans Cherokee/unhinted/otf/NotoSansCherokee-Bold.otf
Created static font output/Noto Sans Cherokee/unhinted/otf/NotoSansCherokee-ExtraLight.otf
Postprocessing font output/Noto Sans Cherokee/unhinted/otf/NotoSansCherokee-ExtraLight.otf
Creating static fonts from src/NotoSansCherokee/NotoSansCherokee.designspace
Created static font output/Noto Sans Cherokee/unhinted/ttf/NotoSansCherokee-Bold.ttf
Postprocessing font output/Noto Sans Cherokee/unhinted/ttf/NotoSansCherokee-Bold.ttf
Created static font output/Noto Sans Cherokee/unhinted/ttf/NotoSansCherokee-Light.ttf
Postprocessing font output/Noto Sans Cherokee/unhinted/ttf/NotoSansCherokee-Light.ttf
Created static font output/Noto Sans Cherokee/unhinted/ttf/NotoSansCherokee-Thin.ttf
Postprocessing font output/Noto Sans Cherokee/unhinted/ttf/NotoSansCherokee-Thin.ttf
Created static font output/Noto Sans Cherokee/unhinted/ttf/NotoSansCherokee-SemiBold.ttf
Postprocessing font output/Noto Sans Cherokee/unhinted/ttf/NotoSansCherokee-SemiBold.ttf
Created static font output/Noto Sans Cherokee/unhinted/ttf/NotoSansCherokee-Medium.ttf
Postprocessing font output/Noto Sans Cherokee/unhinted/ttf/NotoSansCherokee-Medium.ttf
Created static font output/Noto Sans Cherokee/unhinted/ttf/NotoSansCherokee-ExtraBold.ttf
Postprocessing font output/Noto Sans Cherokee/unhinted/ttf/NotoSansCherokee-ExtraBold.ttf
Created static font output/Noto Sans Cherokee/unhinted/ttf/NotoSansCherokee-Black.ttf
Postprocessing font output/Noto Sans Cherokee/unhinted/ttf/NotoSansCherokee-Black.ttf
Created static font output/Noto Sans Cherokee/unhinted/ttf/NotoSansCherokee-Regular.ttf
Postprocessing font output/Noto Sans Cherokee/unhinted/ttf/NotoSansCherokee-Regular.ttf
Created static font output/Noto Sans Cherokee/unhinted/ttf/NotoSansCherokee-ExtraLight.ttf
Postprocessing font output/Noto Sans Cherokee/unhinted/ttf/NotoSansCherokee-ExtraLight.ttf
Building variable, static completed. All done!
