Creating variable fonts from src/NotoSansArabicUI-MM.glyphs
Fonts had differing anchors in glyph wawDotcenter-ar:
 * Noto Sans Arabic UI Light, Noto Sans Arabic UI Regular, Noto Sans Arabic UI SemiBold, Noto Sans Arabic UI Bold had "bottom"
 * Noto Sans Arabic UI Condensed Light, Noto Sans Arabic UI Condensed, Noto Sans Arabic UI Condensed SemiBold, Noto Sans Arabic UI Condensed Bold had ""
Couldn't build variable font: In 'src/NotoSansArabicUI-MM.glyphs' -> 'master_ufo/NotoSansArabicUI.designspace': Compatibility check failed
Creating static fonts from src/NotoSansArabicUI-MM.glyphs
Created static font output/Noto Sans Arabic UI/unhinted/otf/NotoSansArabicUI-ExtraCondensedBlack.otf
Postprocessing font output/Noto Sans Arabic UI/unhinted/otf/NotoSansArabicUI-ExtraCondensedBlack.otf
Created static font output/Noto Sans Arabic UI/unhinted/otf/NotoSansArabicUI-CondensedExtraLight.otf
Postprocessing font output/Noto Sans Arabic UI/unhinted/otf/NotoSansArabicUI-CondensedExtraLight.otf
Created static font output/Noto Sans Arabic UI/unhinted/otf/NotoSansArabicUI-Condensed.otf
Postprocessing font output/Noto Sans Arabic UI/unhinted/otf/NotoSansArabicUI-Condensed.otf
Created static font output/Noto Sans Arabic UI/unhinted/otf/NotoSansArabicUI-ExtraCondensed.otf
Postprocessing font output/Noto Sans Arabic UI/unhinted/otf/NotoSansArabicUI-ExtraCondensed.otf
Created static font output/Noto Sans Arabic UI/unhinted/otf/NotoSansArabicUI-Light.otf
Postprocessing font output/Noto Sans Arabic UI/unhinted/otf/NotoSansArabicUI-Light.otf
Created static font output/Noto Sans Arabic UI/unhinted/otf/NotoSansArabicUI-CondensedExtraBold.otf
Postprocessing font output/Noto Sans Arabic UI/unhinted/otf/NotoSansArabicUI-CondensedExtraBold.otf
Created static font output/Noto Sans Arabic UI/unhinted/otf/NotoSansArabicUI-SemiCondensedSemiBold.otf
Postprocessing font output/Noto Sans Arabic UI/unhinted/otf/NotoSansArabicUI-SemiCondensedSemiBold.otf
Created static font output/Noto Sans Arabic UI/unhinted/otf/NotoSansArabicUI-CondensedLight.otf
Postprocessing font output/Noto Sans Arabic UI/unhinted/otf/NotoSansArabicUI-CondensedLight.otf
Created static font output/Noto Sans Arabic UI/unhinted/otf/NotoSansArabicUI-SemiCondensedMedium.otf
Postprocessing font output/Noto Sans Arabic UI/unhinted/otf/NotoSansArabicUI-SemiCondensedMedium.otf
Created static font output/Noto Sans Arabic UI/unhinted/otf/NotoSansArabicUI-ExtraBold.otf
Postprocessing font output/Noto Sans Arabic UI/unhinted/otf/NotoSansArabicUI-ExtraBold.otf
Created static font output/Noto Sans Arabic UI/unhinted/otf/NotoSansArabicUI-ExtraLight.otf
Postprocessing font output/Noto Sans Arabic UI/unhinted/otf/NotoSansArabicUI-ExtraLight.otf
Created static font output/Noto Sans Arabic UI/unhinted/otf/NotoSansArabicUI-Regular.otf
Postprocessing font output/Noto Sans Arabic UI/unhinted/otf/NotoSansArabicUI-Regular.otf
Created static font output/Noto Sans Arabic UI/unhinted/otf/NotoSansArabicUI-ExtraCondensedThin.otf
Postprocessing font output/Noto Sans Arabic UI/unhinted/otf/NotoSansArabicUI-ExtraCondensedThin.otf
Created static font output/Noto Sans Arabic UI/unhinted/otf/NotoSansArabicUI-Black.otf
Postprocessing font output/Noto Sans Arabic UI/unhinted/otf/NotoSansArabicUI-Black.otf
Created static font output/Noto Sans Arabic UI/unhinted/otf/NotoSansArabicUI-SemiCondensedBold.otf
Postprocessing font output/Noto Sans Arabic UI/unhinted/otf/NotoSansArabicUI-SemiCondensedBold.otf
Created static font output/Noto Sans Arabic UI/unhinted/otf/NotoSansArabicUI-CondensedMedium.otf
Postprocessing font output/Noto Sans Arabic UI/unhinted/otf/NotoSansArabicUI-CondensedMedium.otf
Created static font output/Noto Sans Arabic UI/unhinted/otf/NotoSansArabicUI-ExtraCondensedLight.otf
Postprocessing font output/Noto Sans Arabic UI/unhinted/otf/NotoSansArabicUI-ExtraCondensedLight.otf
Created static font output/Noto Sans Arabic UI/unhinted/otf/NotoSansArabicUI-SemiCondensedExtraLight.otf
Postprocessing font output/Noto Sans Arabic UI/unhinted/otf/NotoSansArabicUI-SemiCondensedExtraLight.otf
Created static font output/Noto Sans Arabic UI/unhinted/otf/NotoSansArabicUI-CondensedSemiBold.otf
Postprocessing font output/Noto Sans Arabic UI/unhinted/otf/NotoSansArabicUI-CondensedSemiBold.otf
Created static font output/Noto Sans Arabic UI/unhinted/otf/NotoSansArabicUI-SemiCondensedBlack.otf
Postprocessing font output/Noto Sans Arabic UI/unhinted/otf/NotoSansArabicUI-SemiCondensedBlack.otf
Created static font output/Noto Sans Arabic UI/unhinted/otf/NotoSansArabicUI-ExtraCondensedSemiBold.otf
Postprocessing font output/Noto Sans Arabic UI/unhinted/otf/NotoSansArabicUI-ExtraCondensedSemiBold.otf
Created static font output/Noto Sans Arabic UI/unhinted/otf/NotoSansArabicUI-ExtraCondensedMedium.otf
Postprocessing font output/Noto Sans Arabic UI/unhinted/otf/NotoSansArabicUI-ExtraCondensedMedium.otf
Created static font output/Noto Sans Arabic UI/unhinted/otf/NotoSansArabicUI-SemiCondensedExtraBold.otf
Postprocessing font output/Noto Sans Arabic UI/unhinted/otf/NotoSansArabicUI-SemiCondensedExtraBold.otf
Created static font output/Noto Sans Arabic UI/unhinted/otf/NotoSansArabicUI-CondensedBlack.otf
Postprocessing font output/Noto Sans Arabic UI/unhinted/otf/NotoSansArabicUI-CondensedBlack.otf
Created static font output/Noto Sans Arabic UI/unhinted/otf/NotoSansArabicUI-SemiBold.otf
Postprocessing font output/Noto Sans Arabic UI/unhinted/otf/NotoSansArabicUI-SemiBold.otf
Created static font output/Noto Sans Arabic UI/unhinted/otf/NotoSansArabicUI-Thin.otf
Postprocessing font output/Noto Sans Arabic UI/unhinted/otf/NotoSansArabicUI-Thin.otf
Created static font output/Noto Sans Arabic UI/unhinted/otf/NotoSansArabicUI-ExtraCondensedExtraLight.otf
Postprocessing font output/Noto Sans Arabic UI/unhinted/otf/NotoSansArabicUI-ExtraCondensedExtraLight.otf
Created static font output/Noto Sans Arabic UI/unhinted/otf/NotoSansArabicUI-SemiCondensedLight.otf
Postprocessing font output/Noto Sans Arabic UI/unhinted/otf/NotoSansArabicUI-SemiCondensedLight.otf
Created static font output/Noto Sans Arabic UI/unhinted/otf/NotoSansArabicUI-CondensedThin.otf
Postprocessing font output/Noto Sans Arabic UI/unhinted/otf/NotoSansArabicUI-CondensedThin.otf
Created static font output/Noto Sans Arabic UI/unhinted/otf/NotoSansArabicUI-Bold.otf
Postprocessing font output/Noto Sans Arabic UI/unhinted/otf/NotoSansArabicUI-Bold.otf
Created static font output/Noto Sans Arabic UI/unhinted/otf/NotoSansArabicUI-SemiCondensedThin.otf
Postprocessing font output/Noto Sans Arabic UI/unhinted/otf/NotoSansArabicUI-SemiCondensedThin.otf
Created static font output/Noto Sans Arabic UI/unhinted/otf/NotoSansArabicUI-CondensedBold.otf
Postprocessing font output/Noto Sans Arabic UI/unhinted/otf/NotoSansArabicUI-CondensedBold.otf
Created static font output/Noto Sans Arabic UI/unhinted/otf/NotoSansArabicUI-Medium.otf
Postprocessing font output/Noto Sans Arabic UI/unhinted/otf/NotoSansArabicUI-Medium.otf
Created static font output/Noto Sans Arabic UI/unhinted/otf/NotoSansArabicUI-ExtraCondensedExtraBold.otf
Postprocessing font output/Noto Sans Arabic UI/unhinted/otf/NotoSansArabicUI-ExtraCondensedExtraBold.otf
Created static font output/Noto Sans Arabic UI/unhinted/otf/NotoSansArabicUI-ExtraCondensedBold.otf
Postprocessing font output/Noto Sans Arabic UI/unhinted/otf/NotoSansArabicUI-ExtraCondensedBold.otf
Created static font output/Noto Sans Arabic UI/unhinted/otf/NotoSansArabicUI-SemiCondensed.otf
Postprocessing font output/Noto Sans Arabic UI/unhinted/otf/NotoSansArabicUI-SemiCondensed.otf
Creating static fonts from src/NotoSansArabicUI-MM.glyphs
Created static font output/Noto Sans Arabic UI/unhinted/ttf/NotoSansArabicUI-Regular.ttf
Postprocessing font output/Noto Sans Arabic UI/unhinted/ttf/NotoSansArabicUI-Regular.ttf
Created static font output/Noto Sans Arabic UI/unhinted/ttf/NotoSansArabicUI-Bold.ttf
Postprocessing font output/Noto Sans Arabic UI/unhinted/ttf/NotoSansArabicUI-Bold.ttf
Created static font output/Noto Sans Arabic UI/unhinted/ttf/NotoSansArabicUI-SemiCondensedExtraLight.ttf
Postprocessing font output/Noto Sans Arabic UI/unhinted/ttf/NotoSansArabicUI-SemiCondensedExtraLight.ttf
Created static font output/Noto Sans Arabic UI/unhinted/ttf/NotoSansArabicUI-SemiCondensedMedium.ttf
Postprocessing font output/Noto Sans Arabic UI/unhinted/ttf/NotoSansArabicUI-SemiCondensedMedium.ttf
Created static font output/Noto Sans Arabic UI/unhinted/ttf/NotoSansArabicUI-SemiCondensedExtraBold.ttf
Postprocessing font output/Noto Sans Arabic UI/unhinted/ttf/NotoSansArabicUI-SemiCondensedExtraBold.ttf
Created static font output/Noto Sans Arabic UI/unhinted/ttf/NotoSansArabicUI-Light.ttf
Postprocessing font output/Noto Sans Arabic UI/unhinted/ttf/NotoSansArabicUI-Light.ttf
Created static font output/Noto Sans Arabic UI/unhinted/ttf/NotoSansArabicUI-ExtraCondensedExtraBold.ttf
Postprocessing font output/Noto Sans Arabic UI/unhinted/ttf/NotoSansArabicUI-ExtraCondensedExtraBold.ttf
Created static font output/Noto Sans Arabic UI/unhinted/ttf/NotoSansArabicUI-ExtraBold.ttf
Postprocessing font output/Noto Sans Arabic UI/unhinted/ttf/NotoSansArabicUI-ExtraBold.ttf
Created static font output/Noto Sans Arabic UI/unhinted/ttf/NotoSansArabicUI-CondensedLight.ttf
Postprocessing font output/Noto Sans Arabic UI/unhinted/ttf/NotoSansArabicUI-CondensedLight.ttf
Created static font output/Noto Sans Arabic UI/unhinted/ttf/NotoSansArabicUI-ExtraCondensedMedium.ttf
Postprocessing font output/Noto Sans Arabic UI/unhinted/ttf/NotoSansArabicUI-ExtraCondensedMedium.ttf
Created static font output/Noto Sans Arabic UI/unhinted/ttf/NotoSansArabicUI-ExtraCondensedBlack.ttf
Postprocessing font output/Noto Sans Arabic UI/unhinted/ttf/NotoSansArabicUI-ExtraCondensedBlack.ttf
Created static font output/Noto Sans Arabic UI/unhinted/ttf/NotoSansArabicUI-CondensedExtraBold.ttf
Postprocessing font output/Noto Sans Arabic UI/unhinted/ttf/NotoSansArabicUI-CondensedExtraBold.ttf
Created static font output/Noto Sans Arabic UI/unhinted/ttf/NotoSansArabicUI-Thin.ttf
Postprocessing font output/Noto Sans Arabic UI/unhinted/ttf/NotoSansArabicUI-Thin.ttf
Created static font output/Noto Sans Arabic UI/unhinted/ttf/NotoSansArabicUI-ExtraCondensedLight.ttf
Postprocessing font output/Noto Sans Arabic UI/unhinted/ttf/NotoSansArabicUI-ExtraCondensedLight.ttf
Created static font output/Noto Sans Arabic UI/unhinted/ttf/NotoSansArabicUI-SemiCondensedLight.ttf
Postprocessing font output/Noto Sans Arabic UI/unhinted/ttf/NotoSansArabicUI-SemiCondensedLight.ttf
Created static font output/Noto Sans Arabic UI/unhinted/ttf/NotoSansArabicUI-ExtraCondensed.ttf
Postprocessing font output/Noto Sans Arabic UI/unhinted/ttf/NotoSansArabicUI-ExtraCondensed.ttf
Created static font output/Noto Sans Arabic UI/unhinted/ttf/NotoSansArabicUI-ExtraCondensedSemiBold.ttf
Postprocessing font output/Noto Sans Arabic UI/unhinted/ttf/NotoSansArabicUI-ExtraCondensedSemiBold.ttf
Created static font output/Noto Sans Arabic UI/unhinted/ttf/NotoSansArabicUI-SemiCondensedThin.ttf
Postprocessing font output/Noto Sans Arabic UI/unhinted/ttf/NotoSansArabicUI-SemiCondensedThin.ttf
Created static font output/Noto Sans Arabic UI/unhinted/ttf/NotoSansArabicUI-CondensedBold.ttf
Postprocessing font output/Noto Sans Arabic UI/unhinted/ttf/NotoSansArabicUI-CondensedBold.ttf
Created static font output/Noto Sans Arabic UI/unhinted/ttf/NotoSansArabicUI-SemiBold.ttf
Postprocessing font output/Noto Sans Arabic UI/unhinted/ttf/NotoSansArabicUI-SemiBold.ttf
Created static font output/Noto Sans Arabic UI/unhinted/ttf/NotoSansArabicUI-ExtraLight.ttf
Postprocessing font output/Noto Sans Arabic UI/unhinted/ttf/NotoSansArabicUI-ExtraLight.ttf
Created static font output/Noto Sans Arabic UI/unhinted/ttf/NotoSansArabicUI-CondensedBlack.ttf
Postprocessing font output/Noto Sans Arabic UI/unhinted/ttf/NotoSansArabicUI-CondensedBlack.ttf
Created static font output/Noto Sans Arabic UI/unhinted/ttf/NotoSansArabicUI-CondensedMedium.ttf
Postprocessing font output/Noto Sans Arabic UI/unhinted/ttf/NotoSansArabicUI-CondensedMedium.ttf
Created static font output/Noto Sans Arabic UI/unhinted/ttf/NotoSansArabicUI-CondensedThin.ttf
Postprocessing font output/Noto Sans Arabic UI/unhinted/ttf/NotoSansArabicUI-CondensedThin.ttf
Created static font output/Noto Sans Arabic UI/unhinted/ttf/NotoSansArabicUI-ExtraCondensedBold.ttf
Postprocessing font output/Noto Sans Arabic UI/unhinted/ttf/NotoSansArabicUI-ExtraCondensedBold.ttf
Created static font output/Noto Sans Arabic UI/unhinted/ttf/NotoSansArabicUI-SemiCondensedBlack.ttf
Postprocessing font output/Noto Sans Arabic UI/unhinted/ttf/NotoSansArabicUI-SemiCondensedBlack.ttf
Created static font output/Noto Sans Arabic UI/unhinted/ttf/NotoSansArabicUI-SemiCondensed.ttf
Postprocessing font output/Noto Sans Arabic UI/unhinted/ttf/NotoSansArabicUI-SemiCondensed.ttf
Created static font output/Noto Sans Arabic UI/unhinted/ttf/NotoSansArabicUI-CondensedSemiBold.ttf
Postprocessing font output/Noto Sans Arabic UI/unhinted/ttf/NotoSansArabicUI-CondensedSemiBold.ttf
Created static font output/Noto Sans Arabic UI/unhinted/ttf/NotoSansArabicUI-Condensed.ttf
Postprocessing font output/Noto Sans Arabic UI/unhinted/ttf/NotoSansArabicUI-Condensed.ttf
Created static font output/Noto Sans Arabic UI/unhinted/ttf/NotoSansArabicUI-Medium.ttf
Postprocessing font output/Noto Sans Arabic UI/unhinted/ttf/NotoSansArabicUI-Medium.ttf
Created static font output/Noto Sans Arabic UI/unhinted/ttf/NotoSansArabicUI-SemiCondensedSemiBold.ttf
Postprocessing font output/Noto Sans Arabic UI/unhinted/ttf/NotoSansArabicUI-SemiCondensedSemiBold.ttf
Created static font output/Noto Sans Arabic UI/unhinted/ttf/NotoSansArabicUI-Black.ttf
Postprocessing font output/Noto Sans Arabic UI/unhinted/ttf/NotoSansArabicUI-Black.ttf
Created static font output/Noto Sans Arabic UI/unhinted/ttf/NotoSansArabicUI-CondensedExtraLight.ttf
Postprocessing font output/Noto Sans Arabic UI/unhinted/ttf/NotoSansArabicUI-CondensedExtraLight.ttf
Created static font output/Noto Sans Arabic UI/unhinted/ttf/NotoSansArabicUI-SemiCondensedBold.ttf
Postprocessing font output/Noto Sans Arabic UI/unhinted/ttf/NotoSansArabicUI-SemiCondensedBold.ttf
Created static font output/Noto Sans Arabic UI/unhinted/ttf/NotoSansArabicUI-ExtraCondensedThin.ttf
Postprocessing font output/Noto Sans Arabic UI/unhinted/ttf/NotoSansArabicUI-ExtraCondensedThin.ttf
Created static font output/Noto Sans Arabic UI/unhinted/ttf/NotoSansArabicUI-ExtraCondensedExtraLight.ttf
Postprocessing font output/Noto Sans Arabic UI/unhinted/ttf/NotoSansArabicUI-ExtraCondensedExtraLight.ttf
Building variable, static completed. All done!
