Creating variable fonts from src/NotoSansArmenian/NotoSansArmenian.designspace
Postprocessing font output/Noto Sans Armenian/unhinted/variable-ttf/NotoSansArmenian[wdth,wght].ttf
Cannot remove tables '['MVAR']' since they are not in the font.
Creating static fonts from src/NotoSansArmenian/NotoSansArmenian.designspace
Created static font output/Noto Sans Armenian/unhinted/otf/NotoSansArmenian-Thin.otf
Postprocessing font output/Noto Sans Armenian/unhinted/otf/NotoSansArmenian-Thin.otf
Created static font output/Noto Sans Armenian/unhinted/otf/NotoSansArmenian-SemiCondensedExtraBold.otf
Postprocessing font output/Noto Sans Armenian/unhinted/otf/NotoSansArmenian-SemiCondensedExtraBold.otf
Created static font output/Noto Sans Armenian/unhinted/otf/NotoSansArmenian-Black.otf
Postprocessing font output/Noto Sans Armenian/unhinted/otf/NotoSansArmenian-Black.otf
Created static font output/Noto Sans Armenian/unhinted/otf/NotoSansArmenian-SemiCondensedLight.otf
Postprocessing font output/Noto Sans Armenian/unhinted/otf/NotoSansArmenian-SemiCondensedLight.otf
Created static font output/Noto Sans Armenian/unhinted/otf/NotoSansArmenian-SemiCondensedSemiBold.otf
Postprocessing font output/Noto Sans Armenian/unhinted/otf/NotoSansArmenian-SemiCondensedSemiBold.otf
Created static font output/Noto Sans Armenian/unhinted/otf/NotoSansArmenian-CondensedBlack.otf
Postprocessing font output/Noto Sans Armenian/unhinted/otf/NotoSansArmenian-CondensedBlack.otf
Created static font output/Noto Sans Armenian/unhinted/otf/NotoSansArmenian-Bold.otf
Postprocessing font output/Noto Sans Armenian/unhinted/otf/NotoSansArmenian-Bold.otf
Created static font output/Noto Sans Armenian/unhinted/otf/NotoSansArmenian-SemiCondensed.otf
Postprocessing font output/Noto Sans Armenian/unhinted/otf/NotoSansArmenian-SemiCondensed.otf
Created static font output/Noto Sans Armenian/unhinted/otf/NotoSansArmenian-SemiCondensedExtraLight.otf
Postprocessing font output/Noto Sans Armenian/unhinted/otf/NotoSansArmenian-SemiCondensedExtraLight.otf
Created static font output/Noto Sans Armenian/unhinted/otf/NotoSansArmenian-ExtraCondensedBlack.otf
Postprocessing font output/Noto Sans Armenian/unhinted/otf/NotoSansArmenian-ExtraCondensedBlack.otf
Created static font output/Noto Sans Armenian/unhinted/otf/NotoSansArmenian-Medium.otf
Postprocessing font output/Noto Sans Armenian/unhinted/otf/NotoSansArmenian-Medium.otf
Created static font output/Noto Sans Armenian/unhinted/otf/NotoSansArmenian-CondensedMedium.otf
Postprocessing font output/Noto Sans Armenian/unhinted/otf/NotoSansArmenian-CondensedMedium.otf
Created static font output/Noto Sans Armenian/unhinted/otf/NotoSansArmenian-ExtraCondensedLight.otf
Postprocessing font output/Noto Sans Armenian/unhinted/otf/NotoSansArmenian-ExtraCondensedLight.otf
Created static font output/Noto Sans Armenian/unhinted/otf/NotoSansArmenian-ExtraCondensedBold.otf
Postprocessing font output/Noto Sans Armenian/unhinted/otf/NotoSansArmenian-ExtraCondensedBold.otf
Created static font output/Noto Sans Armenian/unhinted/otf/NotoSansArmenian-CondensedSemiBold.otf
Postprocessing font output/Noto Sans Armenian/unhinted/otf/NotoSansArmenian-CondensedSemiBold.otf
Created static font output/Noto Sans Armenian/unhinted/otf/NotoSansArmenian-Condensed.otf
Postprocessing font output/Noto Sans Armenian/unhinted/otf/NotoSansArmenian-Condensed.otf
Created static font output/Noto Sans Armenian/unhinted/otf/NotoSansArmenian-SemiCondensedMedium.otf
Postprocessing font output/Noto Sans Armenian/unhinted/otf/NotoSansArmenian-SemiCondensedMedium.otf
Created static font output/Noto Sans Armenian/unhinted/otf/NotoSansArmenian-ExtraBold.otf
Postprocessing font output/Noto Sans Armenian/unhinted/otf/NotoSansArmenian-ExtraBold.otf
Created static font output/Noto Sans Armenian/unhinted/otf/NotoSansArmenian-ExtraCondensedExtraLight.otf
Postprocessing font output/Noto Sans Armenian/unhinted/otf/NotoSansArmenian-ExtraCondensedExtraLight.otf
Created static font output/Noto Sans Armenian/unhinted/otf/NotoSansArmenian-CondensedThin.otf
Postprocessing font output/Noto Sans Armenian/unhinted/otf/NotoSansArmenian-CondensedThin.otf
Created static font output/Noto Sans Armenian/unhinted/otf/NotoSansArmenian-Light.otf
Postprocessing font output/Noto Sans Armenian/unhinted/otf/NotoSansArmenian-Light.otf
Created static font output/Noto Sans Armenian/unhinted/otf/NotoSansArmenian-SemiBold.otf
Postprocessing font output/Noto Sans Armenian/unhinted/otf/NotoSansArmenian-SemiBold.otf
Created static font output/Noto Sans Armenian/unhinted/otf/NotoSansArmenian-ExtraCondensed.otf
Postprocessing font output/Noto Sans Armenian/unhinted/otf/NotoSansArmenian-ExtraCondensed.otf
Created static font output/Noto Sans Armenian/unhinted/otf/NotoSansArmenian-CondensedExtraBold.otf
Postprocessing font output/Noto Sans Armenian/unhinted/otf/NotoSansArmenian-CondensedExtraBold.otf
Created static font output/Noto Sans Armenian/unhinted/otf/NotoSansArmenian-SemiCondensedBold.otf
Postprocessing font output/Noto Sans Armenian/unhinted/otf/NotoSansArmenian-SemiCondensedBold.otf
Created static font output/Noto Sans Armenian/unhinted/otf/NotoSansArmenian-ExtraCondensedExtraBold.otf
Postprocessing font output/Noto Sans Armenian/unhinted/otf/NotoSansArmenian-ExtraCondensedExtraBold.otf
Created static font output/Noto Sans Armenian/unhinted/otf/NotoSansArmenian-CondensedLight.otf
Postprocessing font output/Noto Sans Armenian/unhinted/otf/NotoSansArmenian-CondensedLight.otf
Created static font output/Noto Sans Armenian/unhinted/otf/NotoSansArmenian-ExtraCondensedSemiBold.otf
Postprocessing font output/Noto Sans Armenian/unhinted/otf/NotoSansArmenian-ExtraCondensedSemiBold.otf
Created static font output/Noto Sans Armenian/unhinted/otf/NotoSansArmenian-Regular.otf
Postprocessing font output/Noto Sans Armenian/unhinted/otf/NotoSansArmenian-Regular.otf
Created static font output/Noto Sans Armenian/unhinted/otf/NotoSansArmenian-CondensedExtraLight.otf
Postprocessing font output/Noto Sans Armenian/unhinted/otf/NotoSansArmenian-CondensedExtraLight.otf
Created static font output/Noto Sans Armenian/unhinted/otf/NotoSansArmenian-ExtraLight.otf
Postprocessing font output/Noto Sans Armenian/unhinted/otf/NotoSansArmenian-ExtraLight.otf
Created static font output/Noto Sans Armenian/unhinted/otf/NotoSansArmenian-ExtraCondensedMedium.otf
Postprocessing font output/Noto Sans Armenian/unhinted/otf/NotoSansArmenian-ExtraCondensedMedium.otf
Created static font output/Noto Sans Armenian/unhinted/otf/NotoSansArmenian-SemiCondensedThin.otf
Postprocessing font output/Noto Sans Armenian/unhinted/otf/NotoSansArmenian-SemiCondensedThin.otf
Created static font output/Noto Sans Armenian/unhinted/otf/NotoSansArmenian-SemiCondensedBlack.otf
Postprocessing font output/Noto Sans Armenian/unhinted/otf/NotoSansArmenian-SemiCondensedBlack.otf
Created static font output/Noto Sans Armenian/unhinted/otf/NotoSansArmenian-CondensedBold.otf
Postprocessing font output/Noto Sans Armenian/unhinted/otf/NotoSansArmenian-CondensedBold.otf
Created static font output/Noto Sans Armenian/unhinted/otf/NotoSansArmenian-ExtraCondensedThin.otf
Postprocessing font output/Noto Sans Armenian/unhinted/otf/NotoSansArmenian-ExtraCondensedThin.otf
Creating static fonts from src/NotoSansArmenian/NotoSansArmenian.designspace
Created static font output/Noto Sans Armenian/unhinted/ttf/NotoSansArmenian-ExtraCondensedMedium.ttf
Postprocessing font output/Noto Sans Armenian/unhinted/ttf/NotoSansArmenian-ExtraCondensedMedium.ttf
Created static font output/Noto Sans Armenian/unhinted/ttf/NotoSansArmenian-ExtraCondensedExtraLight.ttf
Postprocessing font output/Noto Sans Armenian/unhinted/ttf/NotoSansArmenian-ExtraCondensedExtraLight.ttf
Created static font output/Noto Sans Armenian/unhinted/ttf/NotoSansArmenian-ExtraCondensedLight.ttf
Postprocessing font output/Noto Sans Armenian/unhinted/ttf/NotoSansArmenian-ExtraCondensedLight.ttf
Created static font output/Noto Sans Armenian/unhinted/ttf/NotoSansArmenian-CondensedLight.ttf
Postprocessing font output/Noto Sans Armenian/unhinted/ttf/NotoSansArmenian-CondensedLight.ttf
Created static font output/Noto Sans Armenian/unhinted/ttf/NotoSansArmenian-SemiCondensedLight.ttf
Postprocessing font output/Noto Sans Armenian/unhinted/ttf/NotoSansArmenian-SemiCondensedLight.ttf
Created static font output/Noto Sans Armenian/unhinted/ttf/NotoSansArmenian-SemiCondensedExtraBold.ttf
Postprocessing font output/Noto Sans Armenian/unhinted/ttf/NotoSansArmenian-SemiCondensedExtraBold.ttf
Created static font output/Noto Sans Armenian/unhinted/ttf/NotoSansArmenian-Thin.ttf
Postprocessing font output/Noto Sans Armenian/unhinted/ttf/NotoSansArmenian-Thin.ttf
Created static font output/Noto Sans Armenian/unhinted/ttf/NotoSansArmenian-SemiCondensedExtraLight.ttf
Postprocessing font output/Noto Sans Armenian/unhinted/ttf/NotoSansArmenian-SemiCondensedExtraLight.ttf
Created static font output/Noto Sans Armenian/unhinted/ttf/NotoSansArmenian-CondensedBold.ttf
Postprocessing font output/Noto Sans Armenian/unhinted/ttf/NotoSansArmenian-CondensedBold.ttf
Created static font output/Noto Sans Armenian/unhinted/ttf/NotoSansArmenian-ExtraLight.ttf
Postprocessing font output/Noto Sans Armenian/unhinted/ttf/NotoSansArmenian-ExtraLight.ttf
Created static font output/Noto Sans Armenian/unhinted/ttf/NotoSansArmenian-ExtraBold.ttf
Postprocessing font output/Noto Sans Armenian/unhinted/ttf/NotoSansArmenian-ExtraBold.ttf
Created static font output/Noto Sans Armenian/unhinted/ttf/NotoSansArmenian-CondensedExtraLight.ttf
Postprocessing font output/Noto Sans Armenian/unhinted/ttf/NotoSansArmenian-CondensedExtraLight.ttf
Created static font output/Noto Sans Armenian/unhinted/ttf/NotoSansArmenian-Medium.ttf
Postprocessing font output/Noto Sans Armenian/unhinted/ttf/NotoSansArmenian-Medium.ttf
Created static font output/Noto Sans Armenian/unhinted/ttf/NotoSansArmenian-SemiCondensedMedium.ttf
Postprocessing font output/Noto Sans Armenian/unhinted/ttf/NotoSansArmenian-SemiCondensedMedium.ttf
Created static font output/Noto Sans Armenian/unhinted/ttf/NotoSansArmenian-SemiCondensed.ttf
Postprocessing font output/Noto Sans Armenian/unhinted/ttf/NotoSansArmenian-SemiCondensed.ttf
Created static font output/Noto Sans Armenian/unhinted/ttf/NotoSansArmenian-CondensedExtraBold.ttf
Postprocessing font output/Noto Sans Armenian/unhinted/ttf/NotoSansArmenian-CondensedExtraBold.ttf
Created static font output/Noto Sans Armenian/unhinted/ttf/NotoSansArmenian-CondensedMedium.ttf
Postprocessing font output/Noto Sans Armenian/unhinted/ttf/NotoSansArmenian-CondensedMedium.ttf
Created static font output/Noto Sans Armenian/unhinted/ttf/NotoSansArmenian-Condensed.ttf
Postprocessing font output/Noto Sans Armenian/unhinted/ttf/NotoSansArmenian-Condensed.ttf
Created static font output/Noto Sans Armenian/unhinted/ttf/NotoSansArmenian-ExtraCondensedSemiBold.ttf
Postprocessing font output/Noto Sans Armenian/unhinted/ttf/NotoSansArmenian-ExtraCondensedSemiBold.ttf
Created static font output/Noto Sans Armenian/unhinted/ttf/NotoSansArmenian-Black.ttf
Postprocessing font output/Noto Sans Armenian/unhinted/ttf/NotoSansArmenian-Black.ttf
Created static font output/Noto Sans Armenian/unhinted/ttf/NotoSansArmenian-CondensedThin.ttf
Postprocessing font output/Noto Sans Armenian/unhinted/ttf/NotoSansArmenian-CondensedThin.ttf
Created static font output/Noto Sans Armenian/unhinted/ttf/NotoSansArmenian-SemiCondensedThin.ttf
Postprocessing font output/Noto Sans Armenian/unhinted/ttf/NotoSansArmenian-SemiCondensedThin.ttf
Created static font output/Noto Sans Armenian/unhinted/ttf/NotoSansArmenian-ExtraCondensedExtraBold.ttf
Postprocessing font output/Noto Sans Armenian/unhinted/ttf/NotoSansArmenian-ExtraCondensedExtraBold.ttf
Created static font output/Noto Sans Armenian/unhinted/ttf/NotoSansArmenian-Regular.ttf
Postprocessing font output/Noto Sans Armenian/unhinted/ttf/NotoSansArmenian-Regular.ttf
Created static font output/Noto Sans Armenian/unhinted/ttf/NotoSansArmenian-ExtraCondensedBlack.ttf
Postprocessing font output/Noto Sans Armenian/unhinted/ttf/NotoSansArmenian-ExtraCondensedBlack.ttf
Created static font output/Noto Sans Armenian/unhinted/ttf/NotoSansArmenian-CondensedBlack.ttf
Postprocessing font output/Noto Sans Armenian/unhinted/ttf/NotoSansArmenian-CondensedBlack.ttf
Created static font output/Noto Sans Armenian/unhinted/ttf/NotoSansArmenian-SemiCondensedSemiBold.ttf
Postprocessing font output/Noto Sans Armenian/unhinted/ttf/NotoSansArmenian-SemiCondensedSemiBold.ttf
Created static font output/Noto Sans Armenian/unhinted/ttf/NotoSansArmenian-SemiCondensedBold.ttf
Postprocessing font output/Noto Sans Armenian/unhinted/ttf/NotoSansArmenian-SemiCondensedBold.ttf
Created static font output/Noto Sans Armenian/unhinted/ttf/NotoSansArmenian-Bold.ttf
Postprocessing font output/Noto Sans Armenian/unhinted/ttf/NotoSansArmenian-Bold.ttf
Created static font output/Noto Sans Armenian/unhinted/ttf/NotoSansArmenian-CondensedSemiBold.ttf
Postprocessing font output/Noto Sans Armenian/unhinted/ttf/NotoSansArmenian-CondensedSemiBold.ttf
Created static font output/Noto Sans Armenian/unhinted/ttf/NotoSansArmenian-ExtraCondensedBold.ttf
Postprocessing font output/Noto Sans Armenian/unhinted/ttf/NotoSansArmenian-ExtraCondensedBold.ttf
Created static font output/Noto Sans Armenian/unhinted/ttf/NotoSansArmenian-SemiCondensedBlack.ttf
Postprocessing font output/Noto Sans Armenian/unhinted/ttf/NotoSansArmenian-SemiCondensedBlack.ttf
Created static font output/Noto Sans Armenian/unhinted/ttf/NotoSansArmenian-SemiBold.ttf
Postprocessing font output/Noto Sans Armenian/unhinted/ttf/NotoSansArmenian-SemiBold.ttf
Created static font output/Noto Sans Armenian/unhinted/ttf/NotoSansArmenian-ExtraCondensedThin.ttf
Postprocessing font output/Noto Sans Armenian/unhinted/ttf/NotoSansArmenian-ExtraCondensedThin.ttf
Created static font output/Noto Sans Armenian/unhinted/ttf/NotoSansArmenian-ExtraCondensed.ttf
Postprocessing font output/Noto Sans Armenian/unhinted/ttf/NotoSansArmenian-ExtraCondensed.ttf
Created static font output/Noto Sans Armenian/unhinted/ttf/NotoSansArmenian-Light.ttf
Postprocessing font output/Noto Sans Armenian/unhinted/ttf/NotoSansArmenian-Light.ttf
Building variable, static completed. All done!
