Creating variable fonts from src/NotoSans-ItalicMM.glyphs
Glyphs named 'Odouble-cy' have different number of segments
Glyphs named 'alpha_brevecomb_commareversedabovecomb_gravecomb' have different number of segments
Glyphs named 'asterism' have different number of segments
Glyphs named 'upsilon_brevecomb_commareversedabovecomb_gravecomb' have different number of segments
Glyphs named 'OO' have different number of segments
Glyphs named 'iota_brevecomb_commareversedabovecomb_gravecomb' have different number of segments
Glyphs named 'Omonocular-cy' have different number of segments
Glyphs named 'dasiavaria_brevecomb' have different number of segments
Glyphs named 'psilivaria_brevecomb' have different number of segments
Glyphs named 'bilabialclick' have different number of segments
Glyphs named 'Odoublemonocular-cy' have different number of segments
Glyphs named 'alpha_brevecomb_commaabovecomb_gravecomb' have different number of segments
Glyphs named 'iota_brevecomb_commaabovecomb_gravecomb' have different number of segments
Glyphs named 'upsilon_brevecomb_commaabovecomb_gravecomb' have different number of segments
Couldn't build variable font: In 'src/NotoSans-ItalicMM.glyphs' -> 'master_ufo/NotoSans-ItalicMM-Italic.designspace': Generating fonts from Designspace failed: fonts contains incompatible glyphs: 'OO', 'Odouble-cy', 'Odoublemonocular-cy', 'Omonocular-cy', 'alpha_brevecomb_commaabovecomb_gravecomb', 'alpha_brevecomb_commareversedabovecomb_gravecomb', 'asterism', 'bilabialclick', 'dasiavaria_brevecomb', 'iota_brevecomb_commaabovecomb_gravecomb', 'iota_brevecomb_commareversedabovecomb_gravecomb', 'psilivaria_brevecomb', 'upsilon_brevecomb_commaabovecomb_gravecomb', 'upsilon_brevecomb_commareversedabovecomb_gravecomb'
Creating static fonts from src/NotoSans-ItalicMM.glyphs
Created static font output/Noto Sans-Italic MM/unhinted/otf/NotoSans-DisplaySemiBoldItalic.otf
Postprocessing font output/Noto Sans-Italic MM/unhinted/otf/NotoSans-DisplaySemiBoldItalic.otf
Created static font output/Noto Sans-Italic MM/unhinted/otf/NotoSans-DisplayExtraCondensedExtraLightItalic.otf
Postprocessing font output/Noto Sans-Italic MM/unhinted/otf/NotoSans-DisplayExtraCondensedExtraLightItalic.otf
Created static font output/Noto Sans-Italic MM/unhinted/otf/NotoSans-SemiCondensedLightItalic.otf
Postprocessing font output/Noto Sans-Italic MM/unhinted/otf/NotoSans-SemiCondensedLightItalic.otf
Created static font output/Noto Sans-Italic MM/unhinted/otf/NotoSans-ExtraCondensedExtraBoldItalic.otf
Postprocessing font output/Noto Sans-Italic MM/unhinted/otf/NotoSans-ExtraCondensedExtraBoldItalic.otf
Created static font output/Noto Sans-Italic MM/unhinted/otf/NotoSans-CondensedBlackItalic.otf
Postprocessing font output/Noto Sans-Italic MM/unhinted/otf/NotoSans-CondensedBlackItalic.otf
Created static font output/Noto Sans-Italic MM/unhinted/otf/NotoSans-DisplayCondensedLightItalic.otf
Postprocessing font output/Noto Sans-Italic MM/unhinted/otf/NotoSans-DisplayCondensedLightItalic.otf
Created static font output/Noto Sans-Italic MM/unhinted/otf/NotoSans-DisplayExtraCondensedMediumItalic.otf
Postprocessing font output/Noto Sans-Italic MM/unhinted/otf/NotoSans-DisplayExtraCondensedMediumItalic.otf
Created static font output/Noto Sans-Italic MM/unhinted/otf/NotoSans-DisplayCondensedItalic.otf
Postprocessing font output/Noto Sans-Italic MM/unhinted/otf/NotoSans-DisplayCondensedItalic.otf
Created static font output/Noto Sans-Italic MM/unhinted/otf/NotoSans-SemiBoldItalic.otf
Postprocessing font output/Noto Sans-Italic MM/unhinted/otf/NotoSans-SemiBoldItalic.otf
Created static font output/Noto Sans-Italic MM/unhinted/otf/NotoSans-CondensedThinItalic.otf
Postprocessing font output/Noto Sans-Italic MM/unhinted/otf/NotoSans-CondensedThinItalic.otf
Created static font output/Noto Sans-Italic MM/unhinted/otf/NotoSans-DisplayCondensedSemiBoldItalic.otf
Postprocessing font output/Noto Sans-Italic MM/unhinted/otf/NotoSans-DisplayCondensedSemiBoldItalic.otf
Created static font output/Noto Sans-Italic MM/unhinted/otf/NotoSans-DisplayExtraCondensedItalic.otf
Postprocessing font output/Noto Sans-Italic MM/unhinted/otf/NotoSans-DisplayExtraCondensedItalic.otf
Created static font output/Noto Sans-Italic MM/unhinted/otf/NotoSans-BoldItalic.otf
Postprocessing font output/Noto Sans-Italic MM/unhinted/otf/NotoSans-BoldItalic.otf
Created static font output/Noto Sans-Italic MM/unhinted/otf/NotoSans-ExtraCondensedThinItalic.otf
Postprocessing font output/Noto Sans-Italic MM/unhinted/otf/NotoSans-ExtraCondensedThinItalic.otf
Created static font output/Noto Sans-Italic MM/unhinted/otf/NotoSans-LightItalic.otf
Postprocessing font output/Noto Sans-Italic MM/unhinted/otf/NotoSans-LightItalic.otf
Created static font output/Noto Sans-Italic MM/unhinted/otf/NotoSans-DisplayBoldItalic.otf
Postprocessing font output/Noto Sans-Italic MM/unhinted/otf/NotoSans-DisplayBoldItalic.otf
Created static font output/Noto Sans-Italic MM/unhinted/otf/NotoSans-DisplayLightItalic.otf
Postprocessing font output/Noto Sans-Italic MM/unhinted/otf/NotoSans-DisplayLightItalic.otf
Created static font output/Noto Sans-Italic MM/unhinted/otf/NotoSans-BlackItalic.otf
Postprocessing font output/Noto Sans-Italic MM/unhinted/otf/NotoSans-BlackItalic.otf
Created static font output/Noto Sans-Italic MM/unhinted/otf/NotoSans-DisplaySemiCondensedBoldItalic.otf
Postprocessing font output/Noto Sans-Italic MM/unhinted/otf/NotoSans-DisplaySemiCondensedBoldItalic.otf
Created static font output/Noto Sans-Italic MM/unhinted/otf/NotoSans-ExtraCondensedExtraLightItalic.otf
Postprocessing font output/Noto Sans-Italic MM/unhinted/otf/NotoSans-ExtraCondensedExtraLightItalic.otf
Created static font output/Noto Sans-Italic MM/unhinted/otf/NotoSans-CondensedExtraBoldItalic.otf
Postprocessing font output/Noto Sans-Italic MM/unhinted/otf/NotoSans-CondensedExtraBoldItalic.otf
Created static font output/Noto Sans-Italic MM/unhinted/otf/NotoSans-DisplayItalic.otf
Postprocessing font output/Noto Sans-Italic MM/unhinted/otf/NotoSans-DisplayItalic.otf
Created static font output/Noto Sans-Italic MM/unhinted/otf/NotoSans-MediumItalic.otf
Postprocessing font output/Noto Sans-Italic MM/unhinted/otf/NotoSans-MediumItalic.otf
Created static font output/Noto Sans-Italic MM/unhinted/otf/NotoSans-DisplayCondensedExtraBoldItalic.otf
Postprocessing font output/Noto Sans-Italic MM/unhinted/otf/NotoSans-DisplayCondensedExtraBoldItalic.otf
Created static font output/Noto Sans-Italic MM/unhinted/otf/NotoSans-ExtraCondensedMediumItalic.otf
Postprocessing font output/Noto Sans-Italic MM/unhinted/otf/NotoSans-ExtraCondensedMediumItalic.otf
Created static font output/Noto Sans-Italic MM/unhinted/otf/NotoSans-DisplayBlackItalic.otf
Postprocessing font output/Noto Sans-Italic MM/unhinted/otf/NotoSans-DisplayBlackItalic.otf
Created static font output/Noto Sans-Italic MM/unhinted/otf/NotoSans-CondensedSemiBoldItalic.otf
Postprocessing font output/Noto Sans-Italic MM/unhinted/otf/NotoSans-CondensedSemiBoldItalic.otf
Created static font output/Noto Sans-Italic MM/unhinted/otf/NotoSans-ExtraCondensedBlackItalic.otf
Postprocessing font output/Noto Sans-Italic MM/unhinted/otf/NotoSans-ExtraCondensedBlackItalic.otf
Created static font output/Noto Sans-Italic MM/unhinted/otf/NotoSans-DisplayCondensedBoldItalic.otf
Postprocessing font output/Noto Sans-Italic MM/unhinted/otf/NotoSans-DisplayCondensedBoldItalic.otf
Created static font output/Noto Sans-Italic MM/unhinted/otf/NotoSans-ExtraCondensedItalic.otf
Postprocessing font output/Noto Sans-Italic MM/unhinted/otf/NotoSans-ExtraCondensedItalic.otf
Created static font output/Noto Sans-Italic MM/unhinted/otf/NotoSans-SemiCondensedMediumItalic.otf
Postprocessing font output/Noto Sans-Italic MM/unhinted/otf/NotoSans-SemiCondensedMediumItalic.otf
Created static font output/Noto Sans-Italic MM/unhinted/otf/NotoSans-DisplayCondensedMediumItalic.otf
Postprocessing font output/Noto Sans-Italic MM/unhinted/otf/NotoSans-DisplayCondensedMediumItalic.otf
Created static font output/Noto Sans-Italic MM/unhinted/otf/NotoSans-DisplayCondensedExtraLightItalic.otf
Postprocessing font output/Noto Sans-Italic MM/unhinted/otf/NotoSans-DisplayCondensedExtraLightItalic.otf
Created static font output/Noto Sans-Italic MM/unhinted/otf/NotoSans-Italic.otf
Postprocessing font output/Noto Sans-Italic MM/unhinted/otf/NotoSans-Italic.otf
Created static font output/Noto Sans-Italic MM/unhinted/otf/NotoSans-ExtraCondensedBoldItalic.otf
Postprocessing font output/Noto Sans-Italic MM/unhinted/otf/NotoSans-ExtraCondensedBoldItalic.otf
Created static font output/Noto Sans-Italic MM/unhinted/otf/NotoSans-CondensedExtraLightItalic.otf
Postprocessing font output/Noto Sans-Italic MM/unhinted/otf/NotoSans-CondensedExtraLightItalic.otf
Created static font output/Noto Sans-Italic MM/unhinted/otf/NotoSans-DisplaySemiCondensedThinItalic.otf
Postprocessing font output/Noto Sans-Italic MM/unhinted/otf/NotoSans-DisplaySemiCondensedThinItalic.otf
Created static font output/Noto Sans-Italic MM/unhinted/otf/NotoSans-SemiCondensedBoldItalic.otf
Postprocessing font output/Noto Sans-Italic MM/unhinted/otf/NotoSans-SemiCondensedBoldItalic.otf
Created static font output/Noto Sans-Italic MM/unhinted/otf/NotoSans-ExtraBoldItalic.otf
Postprocessing font output/Noto Sans-Italic MM/unhinted/otf/NotoSans-ExtraBoldItalic.otf
Created static font output/Noto Sans-Italic MM/unhinted/otf/NotoSans-DisplayMediumItalic.otf
Postprocessing font output/Noto Sans-Italic MM/unhinted/otf/NotoSans-DisplayMediumItalic.otf
Created static font output/Noto Sans-Italic MM/unhinted/otf/NotoSans-CondensedMediumItalic.otf
Postprocessing font output/Noto Sans-Italic MM/unhinted/otf/NotoSans-CondensedMediumItalic.otf
Created static font output/Noto Sans-Italic MM/unhinted/otf/NotoSans-DisplaySemiCondensedMediumItalic.otf
Postprocessing font output/Noto Sans-Italic MM/unhinted/otf/NotoSans-DisplaySemiCondensedMediumItalic.otf
Created static font output/Noto Sans-Italic MM/unhinted/otf/NotoSans-SemiCondensedExtraBoldItalic.otf
Postprocessing font output/Noto Sans-Italic MM/unhinted/otf/NotoSans-SemiCondensedExtraBoldItalic.otf
Created static font output/Noto Sans-Italic MM/unhinted/otf/NotoSans-DisplayExtraCondensedLightItalic.otf
Postprocessing font output/Noto Sans-Italic MM/unhinted/otf/NotoSans-DisplayExtraCondensedLightItalic.otf
Created static font output/Noto Sans-Italic MM/unhinted/otf/NotoSans-DisplayThinItalic.otf
Postprocessing font output/Noto Sans-Italic MM/unhinted/otf/NotoSans-DisplayThinItalic.otf
Created static font output/Noto Sans-Italic MM/unhinted/otf/NotoSans-SemiCondensedThinItalic.otf
Postprocessing font output/Noto Sans-Italic MM/unhinted/otf/NotoSans-SemiCondensedThinItalic.otf
Created static font output/Noto Sans-Italic MM/unhinted/otf/NotoSans-CondensedLightItalic.otf
Postprocessing font output/Noto Sans-Italic MM/unhinted/otf/NotoSans-CondensedLightItalic.otf
Created static font output/Noto Sans-Italic MM/unhinted/otf/NotoSans-DisplayExtraBoldItalic.otf
Postprocessing font output/Noto Sans-Italic MM/unhinted/otf/NotoSans-DisplayExtraBoldItalic.otf
Created static font output/Noto Sans-Italic MM/unhinted/otf/NotoSans-DisplaySemiCondensedExtraLightItalic.otf
Postprocessing font output/Noto Sans-Italic MM/unhinted/otf/NotoSans-DisplaySemiCondensedExtraLightItalic.otf
Created static font output/Noto Sans-Italic MM/unhinted/otf/NotoSans-DisplayExtraCondensedExtraBoldItalic.otf
Postprocessing font output/Noto Sans-Italic MM/unhinted/otf/NotoSans-DisplayExtraCondensedExtraBoldItalic.otf
Created static font output/Noto Sans-Italic MM/unhinted/otf/NotoSans-ExtraLightItalic.otf
Postprocessing font output/Noto Sans-Italic MM/unhinted/otf/NotoSans-ExtraLightItalic.otf
Created static font output/Noto Sans-Italic MM/unhinted/otf/NotoSans-DisplaySemiCondensedItalic.otf
Postprocessing font output/Noto Sans-Italic MM/unhinted/otf/NotoSans-DisplaySemiCondensedItalic.otf
Created static font output/Noto Sans-Italic MM/unhinted/otf/NotoSans-SemiCondensedItalic.otf
Postprocessing font output/Noto Sans-Italic MM/unhinted/otf/NotoSans-SemiCondensedItalic.otf
Created static font output/Noto Sans-Italic MM/unhinted/otf/NotoSans-DisplaySemiCondensedExtraBoldItalic.otf
Postprocessing font output/Noto Sans-Italic MM/unhinted/otf/NotoSans-DisplaySemiCondensedExtraBoldItalic.otf
Created static font output/Noto Sans-Italic MM/unhinted/otf/NotoSans-DisplayExtraCondensedBlackItalic.otf
Postprocessing font output/Noto Sans-Italic MM/unhinted/otf/NotoSans-DisplayExtraCondensedBlackItalic.otf
Created static font output/Noto Sans-Italic MM/unhinted/otf/NotoSans-DisplaySemiCondensedLightItalic.otf
Postprocessing font output/Noto Sans-Italic MM/unhinted/otf/NotoSans-DisplaySemiCondensedLightItalic.otf
Created static font output/Noto Sans-Italic MM/unhinted/otf/NotoSans-DisplayExtraCondensedSemiBoldItalic.otf
Postprocessing font output/Noto Sans-Italic MM/unhinted/otf/NotoSans-DisplayExtraCondensedSemiBoldItalic.otf
Created static font output/Noto Sans-Italic MM/unhinted/otf/NotoSans-ExtraCondensedSemiBoldItalic.otf
Postprocessing font output/Noto Sans-Italic MM/unhinted/otf/NotoSans-ExtraCondensedSemiBoldItalic.otf
Created static font output/Noto Sans-Italic MM/unhinted/otf/NotoSans-SemiCondensedSemiBoldItalic.otf
Postprocessing font output/Noto Sans-Italic MM/unhinted/otf/NotoSans-SemiCondensedSemiBoldItalic.otf
Created static font output/Noto Sans-Italic MM/unhinted/otf/NotoSans-DisplayExtraLightItalic.otf
Postprocessing font output/Noto Sans-Italic MM/unhinted/otf/NotoSans-DisplayExtraLightItalic.otf
Created static font output/Noto Sans-Italic MM/unhinted/otf/NotoSans-CondensedItalic.otf
Postprocessing font output/Noto Sans-Italic MM/unhinted/otf/NotoSans-CondensedItalic.otf
Created static font output/Noto Sans-Italic MM/unhinted/otf/NotoSans-ExtraCondensedLightItalic.otf
Postprocessing font output/Noto Sans-Italic MM/unhinted/otf/NotoSans-ExtraCondensedLightItalic.otf
Created static font output/Noto Sans-Italic MM/unhinted/otf/NotoSans-DisplaySemiCondensedBlackItalic.otf
Postprocessing font output/Noto Sans-Italic MM/unhinted/otf/NotoSans-DisplaySemiCondensedBlackItalic.otf
Created static font output/Noto Sans-Italic MM/unhinted/otf/NotoSans-DisplayExtraCondensedBoldItalic.otf
Postprocessing font output/Noto Sans-Italic MM/unhinted/otf/NotoSans-DisplayExtraCondensedBoldItalic.otf
Created static font output/Noto Sans-Italic MM/unhinted/otf/NotoSans-ThinItalic.otf
Postprocessing font output/Noto Sans-Italic MM/unhinted/otf/NotoSans-ThinItalic.otf
Created static font output/Noto Sans-Italic MM/unhinted/otf/NotoSans-DisplayCondensedBlackItalic.otf
Postprocessing font output/Noto Sans-Italic MM/unhinted/otf/NotoSans-DisplayCondensedBlackItalic.otf
Created static font output/Noto Sans-Italic MM/unhinted/otf/NotoSans-SemiCondensedBlackItalic.otf
Postprocessing font output/Noto Sans-Italic MM/unhinted/otf/NotoSans-SemiCondensedBlackItalic.otf
Created static font output/Noto Sans-Italic MM/unhinted/otf/NotoSans-DisplayCondensedThinItalic.otf
Postprocessing font output/Noto Sans-Italic MM/unhinted/otf/NotoSans-DisplayCondensedThinItalic.otf
Created static font output/Noto Sans-Italic MM/unhinted/otf/NotoSans-CondensedBoldItalic.otf
Postprocessing font output/Noto Sans-Italic MM/unhinted/otf/NotoSans-CondensedBoldItalic.otf
Created static font output/Noto Sans-Italic MM/unhinted/otf/NotoSans-DisplaySemiCondensedSemiBoldItalic.otf
Postprocessing font output/Noto Sans-Italic MM/unhinted/otf/NotoSans-DisplaySemiCondensedSemiBoldItalic.otf
Created static font output/Noto Sans-Italic MM/unhinted/otf/NotoSans-SemiCondensedExtraLightItalic.otf
Postprocessing font output/Noto Sans-Italic MM/unhinted/otf/NotoSans-SemiCondensedExtraLightItalic.otf
Created static font output/Noto Sans-Italic MM/unhinted/otf/NotoSans-DisplayExtraCondensedThinItalic.otf
Postprocessing font output/Noto Sans-Italic MM/unhinted/otf/NotoSans-DisplayExtraCondensedThinItalic.otf
Creating static fonts from src/NotoSans-ItalicMM.glyphs
Created static font output/Noto Sans-Italic MM/unhinted/ttf/NotoSans-ExtraLightItalic.ttf
Postprocessing font output/Noto Sans-Italic MM/unhinted/ttf/NotoSans-ExtraLightItalic.ttf
Created static font output/Noto Sans-Italic MM/unhinted/ttf/NotoSans-DisplayExtraBoldItalic.ttf
Postprocessing font output/Noto Sans-Italic MM/unhinted/ttf/NotoSans-DisplayExtraBoldItalic.ttf
Created static font output/Noto Sans-Italic MM/unhinted/ttf/NotoSans-SemiCondensedExtraBoldItalic.ttf
Postprocessing font output/Noto Sans-Italic MM/unhinted/ttf/NotoSans-SemiCondensedExtraBoldItalic.ttf
Created static font output/Noto Sans-Italic MM/unhinted/ttf/NotoSans-DisplaySemiCondensedItalic.ttf
Postprocessing font output/Noto Sans-Italic MM/unhinted/ttf/NotoSans-DisplaySemiCondensedItalic.ttf
Created static font output/Noto Sans-Italic MM/unhinted/ttf/NotoSans-DisplaySemiCondensedExtraLightItalic.ttf
Postprocessing font output/Noto Sans-Italic MM/unhinted/ttf/NotoSans-DisplaySemiCondensedExtraLightItalic.ttf
Created static font output/Noto Sans-Italic MM/unhinted/ttf/NotoSans-Italic.ttf
Postprocessing font output/Noto Sans-Italic MM/unhinted/ttf/NotoSans-Italic.ttf
Created static font output/Noto Sans-Italic MM/unhinted/ttf/NotoSans-ExtraCondensedItalic.ttf
Postprocessing font output/Noto Sans-Italic MM/unhinted/ttf/NotoSans-ExtraCondensedItalic.ttf
Created static font output/Noto Sans-Italic MM/unhinted/ttf/NotoSans-DisplayExtraLightItalic.ttf
Postprocessing font output/Noto Sans-Italic MM/unhinted/ttf/NotoSans-DisplayExtraLightItalic.ttf
Created static font output/Noto Sans-Italic MM/unhinted/ttf/NotoSans-SemiBoldItalic.ttf
Postprocessing font output/Noto Sans-Italic MM/unhinted/ttf/NotoSans-SemiBoldItalic.ttf
Created static font output/Noto Sans-Italic MM/unhinted/ttf/NotoSans-SemiCondensedBlackItalic.ttf
Postprocessing font output/Noto Sans-Italic MM/unhinted/ttf/NotoSans-SemiCondensedBlackItalic.ttf
Created static font output/Noto Sans-Italic MM/unhinted/ttf/NotoSans-DisplayExtraCondensedLightItalic.ttf
Postprocessing font output/Noto Sans-Italic MM/unhinted/ttf/NotoSans-DisplayExtraCondensedLightItalic.ttf
Created static font output/Noto Sans-Italic MM/unhinted/ttf/NotoSans-ExtraCondensedExtraLightItalic.ttf
Postprocessing font output/Noto Sans-Italic MM/unhinted/ttf/NotoSans-ExtraCondensedExtraLightItalic.ttf
Created static font output/Noto Sans-Italic MM/unhinted/ttf/NotoSans-CondensedBoldItalic.ttf
Postprocessing font output/Noto Sans-Italic MM/unhinted/ttf/NotoSans-CondensedBoldItalic.ttf
Created static font output/Noto Sans-Italic MM/unhinted/ttf/NotoSans-DisplayExtraCondensedItalic.ttf
Postprocessing font output/Noto Sans-Italic MM/unhinted/ttf/NotoSans-DisplayExtraCondensedItalic.ttf
Created static font output/Noto Sans-Italic MM/unhinted/ttf/NotoSans-CondensedExtraLightItalic.ttf
Postprocessing font output/Noto Sans-Italic MM/unhinted/ttf/NotoSans-CondensedExtraLightItalic.ttf
Created static font output/Noto Sans-Italic MM/unhinted/ttf/NotoSans-DisplayExtraCondensedBoldItalic.ttf
Postprocessing font output/Noto Sans-Italic MM/unhinted/ttf/NotoSans-DisplayExtraCondensedBoldItalic.ttf
Created static font output/Noto Sans-Italic MM/unhinted/ttf/NotoSans-DisplayCondensedMediumItalic.ttf
Postprocessing font output/Noto Sans-Italic MM/unhinted/ttf/NotoSans-DisplayCondensedMediumItalic.ttf
Created static font output/Noto Sans-Italic MM/unhinted/ttf/NotoSans-DisplayExtraCondensedExtraLightItalic.ttf
Postprocessing font output/Noto Sans-Italic MM/unhinted/ttf/NotoSans-DisplayExtraCondensedExtraLightItalic.ttf
Created static font output/Noto Sans-Italic MM/unhinted/ttf/NotoSans-DisplaySemiCondensedThinItalic.ttf
Postprocessing font output/Noto Sans-Italic MM/unhinted/ttf/NotoSans-DisplaySemiCondensedThinItalic.ttf
Created static font output/Noto Sans-Italic MM/unhinted/ttf/NotoSans-DisplayCondensedThinItalic.ttf
Postprocessing font output/Noto Sans-Italic MM/unhinted/ttf/NotoSans-DisplayCondensedThinItalic.ttf
Created static font output/Noto Sans-Italic MM/unhinted/ttf/NotoSans-DisplayBoldItalic.ttf
Postprocessing font output/Noto Sans-Italic MM/unhinted/ttf/NotoSans-DisplayBoldItalic.ttf
Created static font output/Noto Sans-Italic MM/unhinted/ttf/NotoSans-LightItalic.ttf
Postprocessing font output/Noto Sans-Italic MM/unhinted/ttf/NotoSans-LightItalic.ttf
Created static font output/Noto Sans-Italic MM/unhinted/ttf/NotoSans-SemiCondensedBoldItalic.ttf
Postprocessing font output/Noto Sans-Italic MM/unhinted/ttf/NotoSans-SemiCondensedBoldItalic.ttf
Created static font output/Noto Sans-Italic MM/unhinted/ttf/NotoSans-DisplaySemiCondensedBlackItalic.ttf
Postprocessing font output/Noto Sans-Italic MM/unhinted/ttf/NotoSans-DisplaySemiCondensedBlackItalic.ttf
Created static font output/Noto Sans-Italic MM/unhinted/ttf/NotoSans-DisplaySemiBoldItalic.ttf
Postprocessing font output/Noto Sans-Italic MM/unhinted/ttf/NotoSans-DisplaySemiBoldItalic.ttf
Created static font output/Noto Sans-Italic MM/unhinted/ttf/NotoSans-BlackItalic.ttf
Postprocessing font output/Noto Sans-Italic MM/unhinted/ttf/NotoSans-BlackItalic.ttf
Created static font output/Noto Sans-Italic MM/unhinted/ttf/NotoSans-BoldItalic.ttf
Postprocessing font output/Noto Sans-Italic MM/unhinted/ttf/NotoSans-BoldItalic.ttf
Created static font output/Noto Sans-Italic MM/unhinted/ttf/NotoSans-DisplayBlackItalic.ttf
Postprocessing font output/Noto Sans-Italic MM/unhinted/ttf/NotoSans-DisplayBlackItalic.ttf
Created static font output/Noto Sans-Italic MM/unhinted/ttf/NotoSans-DisplayCondensedExtraBoldItalic.ttf
Postprocessing font output/Noto Sans-Italic MM/unhinted/ttf/NotoSans-DisplayCondensedExtraBoldItalic.ttf
Created static font output/Noto Sans-Italic MM/unhinted/ttf/NotoSans-SemiCondensedLightItalic.ttf
Postprocessing font output/Noto Sans-Italic MM/unhinted/ttf/NotoSans-SemiCondensedLightItalic.ttf
Created static font output/Noto Sans-Italic MM/unhinted/ttf/NotoSans-DisplayCondensedItalic.ttf
Postprocessing font output/Noto Sans-Italic MM/unhinted/ttf/NotoSans-DisplayCondensedItalic.ttf
Created static font output/Noto Sans-Italic MM/unhinted/ttf/NotoSans-SemiCondensedThinItalic.ttf
Postprocessing font output/Noto Sans-Italic MM/unhinted/ttf/NotoSans-SemiCondensedThinItalic.ttf
Created static font output/Noto Sans-Italic MM/unhinted/ttf/NotoSans-DisplayCondensedSemiBoldItalic.ttf
Postprocessing font output/Noto Sans-Italic MM/unhinted/ttf/NotoSans-DisplayCondensedSemiBoldItalic.ttf
Created static font output/Noto Sans-Italic MM/unhinted/ttf/NotoSans-DisplayExtraCondensedBlackItalic.ttf
Postprocessing font output/Noto Sans-Italic MM/unhinted/ttf/NotoSans-DisplayExtraCondensedBlackItalic.ttf
Created static font output/Noto Sans-Italic MM/unhinted/ttf/NotoSans-SemiCondensedSemiBoldItalic.ttf
Postprocessing font output/Noto Sans-Italic MM/unhinted/ttf/NotoSans-SemiCondensedSemiBoldItalic.ttf
Created static font output/Noto Sans-Italic MM/unhinted/ttf/NotoSans-DisplaySemiCondensedExtraBoldItalic.ttf
Postprocessing font output/Noto Sans-Italic MM/unhinted/ttf/NotoSans-DisplaySemiCondensedExtraBoldItalic.ttf
Created static font output/Noto Sans-Italic MM/unhinted/ttf/NotoSans-DisplayCondensedBlackItalic.ttf
Postprocessing font output/Noto Sans-Italic MM/unhinted/ttf/NotoSans-DisplayCondensedBlackItalic.ttf
Created static font output/Noto Sans-Italic MM/unhinted/ttf/NotoSans-SemiCondensedItalic.ttf
Postprocessing font output/Noto Sans-Italic MM/unhinted/ttf/NotoSans-SemiCondensedItalic.ttf
Created static font output/Noto Sans-Italic MM/unhinted/ttf/NotoSans-CondensedBlackItalic.ttf
Postprocessing font output/Noto Sans-Italic MM/unhinted/ttf/NotoSans-CondensedBlackItalic.ttf
Created static font output/Noto Sans-Italic MM/unhinted/ttf/NotoSans-CondensedThinItalic.ttf
Postprocessing font output/Noto Sans-Italic MM/unhinted/ttf/NotoSans-CondensedThinItalic.ttf
Created static font output/Noto Sans-Italic MM/unhinted/ttf/NotoSans-SemiCondensedExtraLightItalic.ttf
Postprocessing font output/Noto Sans-Italic MM/unhinted/ttf/NotoSans-SemiCondensedExtraLightItalic.ttf
Created static font output/Noto Sans-Italic MM/unhinted/ttf/NotoSans-ThinItalic.ttf
Postprocessing font output/Noto Sans-Italic MM/unhinted/ttf/NotoSans-ThinItalic.ttf
Created static font output/Noto Sans-Italic MM/unhinted/ttf/NotoSans-SemiCondensedMediumItalic.ttf
Postprocessing font output/Noto Sans-Italic MM/unhinted/ttf/NotoSans-SemiCondensedMediumItalic.ttf
Created static font output/Noto Sans-Italic MM/unhinted/ttf/NotoSans-DisplayCondensedLightItalic.ttf
Postprocessing font output/Noto Sans-Italic MM/unhinted/ttf/NotoSans-DisplayCondensedLightItalic.ttf
Created static font output/Noto Sans-Italic MM/unhinted/ttf/NotoSans-ExtraCondensedMediumItalic.ttf
Postprocessing font output/Noto Sans-Italic MM/unhinted/ttf/NotoSans-ExtraCondensedMediumItalic.ttf
Created static font output/Noto Sans-Italic MM/unhinted/ttf/NotoSans-DisplaySemiCondensedMediumItalic.ttf
Postprocessing font output/Noto Sans-Italic MM/unhinted/ttf/NotoSans-DisplaySemiCondensedMediumItalic.ttf
Created static font output/Noto Sans-Italic MM/unhinted/ttf/NotoSans-ExtraCondensedBlackItalic.ttf
Postprocessing font output/Noto Sans-Italic MM/unhinted/ttf/NotoSans-ExtraCondensedBlackItalic.ttf
Created static font output/Noto Sans-Italic MM/unhinted/ttf/NotoSans-MediumItalic.ttf
Postprocessing font output/Noto Sans-Italic MM/unhinted/ttf/NotoSans-MediumItalic.ttf
Created static font output/Noto Sans-Italic MM/unhinted/ttf/NotoSans-ExtraCondensedBoldItalic.ttf
Postprocessing font output/Noto Sans-Italic MM/unhinted/ttf/NotoSans-ExtraCondensedBoldItalic.ttf
Created static font output/Noto Sans-Italic MM/unhinted/ttf/NotoSans-CondensedItalic.ttf
Postprocessing font output/Noto Sans-Italic MM/unhinted/ttf/NotoSans-CondensedItalic.ttf
Created static font output/Noto Sans-Italic MM/unhinted/ttf/NotoSans-DisplayExtraCondensedThinItalic.ttf
Postprocessing font output/Noto Sans-Italic MM/unhinted/ttf/NotoSans-DisplayExtraCondensedThinItalic.ttf
Created static font output/Noto Sans-Italic MM/unhinted/ttf/NotoSans-CondensedMediumItalic.ttf
Postprocessing font output/Noto Sans-Italic MM/unhinted/ttf/NotoSans-CondensedMediumItalic.ttf
Created static font output/Noto Sans-Italic MM/unhinted/ttf/NotoSans-DisplayMediumItalic.ttf
Postprocessing font output/Noto Sans-Italic MM/unhinted/ttf/NotoSans-DisplayMediumItalic.ttf
Created static font output/Noto Sans-Italic MM/unhinted/ttf/NotoSans-DisplayCondensedBoldItalic.ttf
Postprocessing font output/Noto Sans-Italic MM/unhinted/ttf/NotoSans-DisplayCondensedBoldItalic.ttf
Created static font output/Noto Sans-Italic MM/unhinted/ttf/NotoSans-ExtraCondensedThinItalic.ttf
Postprocessing font output/Noto Sans-Italic MM/unhinted/ttf/NotoSans-ExtraCondensedThinItalic.ttf
Created static font output/Noto Sans-Italic MM/unhinted/ttf/NotoSans-DisplaySemiCondensedLightItalic.ttf
Postprocessing font output/Noto Sans-Italic MM/unhinted/ttf/NotoSans-DisplaySemiCondensedLightItalic.ttf
Created static font output/Noto Sans-Italic MM/unhinted/ttf/NotoSans-ExtraBoldItalic.ttf
Postprocessing font output/Noto Sans-Italic MM/unhinted/ttf/NotoSans-ExtraBoldItalic.ttf
Created static font output/Noto Sans-Italic MM/unhinted/ttf/NotoSans-DisplaySemiCondensedSemiBoldItalic.ttf
Postprocessing font output/Noto Sans-Italic MM/unhinted/ttf/NotoSans-DisplaySemiCondensedSemiBoldItalic.ttf
Created static font output/Noto Sans-Italic MM/unhinted/ttf/NotoSans-DisplayExtraCondensedExtraBoldItalic.ttf
Postprocessing font output/Noto Sans-Italic MM/unhinted/ttf/NotoSans-DisplayExtraCondensedExtraBoldItalic.ttf
Created static font output/Noto Sans-Italic MM/unhinted/ttf/NotoSans-ExtraCondensedLightItalic.ttf
Postprocessing font output/Noto Sans-Italic MM/unhinted/ttf/NotoSans-ExtraCondensedLightItalic.ttf
Created static font output/Noto Sans-Italic MM/unhinted/ttf/NotoSans-DisplayLightItalic.ttf
Postprocessing font output/Noto Sans-Italic MM/unhinted/ttf/NotoSans-DisplayLightItalic.ttf
Created static font output/Noto Sans-Italic MM/unhinted/ttf/NotoSans-CondensedLightItalic.ttf
Postprocessing font output/Noto Sans-Italic MM/unhinted/ttf/NotoSans-CondensedLightItalic.ttf
Created static font output/Noto Sans-Italic MM/unhinted/ttf/NotoSans-DisplayItalic.ttf
Postprocessing font output/Noto Sans-Italic MM/unhinted/ttf/NotoSans-DisplayItalic.ttf
Created static font output/Noto Sans-Italic MM/unhinted/ttf/NotoSans-DisplayExtraCondensedSemiBoldItalic.ttf
Postprocessing font output/Noto Sans-Italic MM/unhinted/ttf/NotoSans-DisplayExtraCondensedSemiBoldItalic.ttf
Created static font output/Noto Sans-Italic MM/unhinted/ttf/NotoSans-DisplaySemiCondensedBoldItalic.ttf
Postprocessing font output/Noto Sans-Italic MM/unhinted/ttf/NotoSans-DisplaySemiCondensedBoldItalic.ttf
Created static font output/Noto Sans-Italic MM/unhinted/ttf/NotoSans-DisplayCondensedExtraLightItalic.ttf
Postprocessing font output/Noto Sans-Italic MM/unhinted/ttf/NotoSans-DisplayCondensedExtraLightItalic.ttf
Created static font output/Noto Sans-Italic MM/unhinted/ttf/NotoSans-DisplayThinItalic.ttf
Postprocessing font output/Noto Sans-Italic MM/unhinted/ttf/NotoSans-DisplayThinItalic.ttf
Created static font output/Noto Sans-Italic MM/unhinted/ttf/NotoSans-CondensedExtraBoldItalic.ttf
Postprocessing font output/Noto Sans-Italic MM/unhinted/ttf/NotoSans-CondensedExtraBoldItalic.ttf
Created static font output/Noto Sans-Italic MM/unhinted/ttf/NotoSans-ExtraCondensedSemiBoldItalic.ttf
Postprocessing font output/Noto Sans-Italic MM/unhinted/ttf/NotoSans-ExtraCondensedSemiBoldItalic.ttf
Created static font output/Noto Sans-Italic MM/unhinted/ttf/NotoSans-ExtraCondensedExtraBoldItalic.ttf
Postprocessing font output/Noto Sans-Italic MM/unhinted/ttf/NotoSans-ExtraCondensedExtraBoldItalic.ttf
Created static font output/Noto Sans-Italic MM/unhinted/ttf/NotoSans-DisplayExtraCondensedMediumItalic.ttf
Postprocessing font output/Noto Sans-Italic MM/unhinted/ttf/NotoSans-DisplayExtraCondensedMediumItalic.ttf
Created static font output/Noto Sans-Italic MM/unhinted/ttf/NotoSans-CondensedSemiBoldItalic.ttf
Postprocessing font output/Noto Sans-Italic MM/unhinted/ttf/NotoSans-CondensedSemiBoldItalic.ttf
Building variable, static completed. All done!
