Creating variable fonts from src/NotoSansBamum.glyphs
Postprocessing font output/Noto Sans Bamum/unhinted/variable-ttf/NotoSansBamum[wght].ttf
Cannot remove tables '['MVAR']' since they are not in the font.
Creating static fonts from src/NotoSansBamum.glyphs
Created static font output/Noto Sans Bamum/unhinted/otf/NotoSansBamum-Bold.otf
Postprocessing font output/Noto Sans Bamum/unhinted/otf/NotoSansBamum-Bold.otf
Created static font output/Noto Sans Bamum/unhinted/otf/NotoSansBamum-Medium.otf
Postprocessing font output/Noto Sans Bamum/unhinted/otf/NotoSansBamum-Medium.otf
Created static font output/Noto Sans Bamum/unhinted/otf/NotoSansBamum-Regular.otf
Postprocessing font output/Noto Sans Bamum/unhinted/otf/NotoSansBamum-Regular.otf
Created static font output/Noto Sans Bamum/unhinted/otf/NotoSansBamum-SemiBold.otf
Postprocessing font output/Noto Sans Bamum/unhinted/otf/NotoSansBamum-SemiBold.otf
Creating static fonts from src/NotoSansBamum.glyphs
Created static font output/Noto Sans Bamum/unhinted/ttf/NotoSansBamum-SemiBold.ttf
Postprocessing font output/Noto Sans Bamum/unhinted/ttf/NotoSansBamum-SemiBold.ttf
Created static font output/Noto Sans Bamum/unhinted/ttf/NotoSansBamum-Bold.ttf
Postprocessing font output/Noto Sans Bamum/unhinted/ttf/NotoSansBamum-Bold.ttf
Created static font output/Noto Sans Bamum/unhinted/ttf/NotoSansBamum-Medium.ttf
Postprocessing font output/Noto Sans Bamum/unhinted/ttf/NotoSansBamum-Medium.ttf
Created static font output/Noto Sans Bamum/unhinted/ttf/NotoSansBamum-Regular.ttf
Postprocessing font output/Noto Sans Bamum/unhinted/ttf/NotoSansBamum-Regular.ttf
Building variable, static completed. All done!
