Creating variable fonts from src/NotoSansEthiopic/NotoSansEthiopic.designspace
Fonts had differing anchors in glyph bi.eth:
 * Noto Sans Ethiopic Light, Noto Sans Ethiopic Regular, Noto Sans Ethiopic SemiBold, Noto Sans Ethiopic Condensed Light, Noto Sans Ethiopic Condensed, Noto Sans Ethiopic Condensed SemiBold, Noto Sans Ethiopic Condensed Bold had "top"
 * Noto Sans Ethiopic Bold had ""
Couldn't build variable font: In 'src/NotoSansEthiopic/NotoSansEthiopic.designspace': Compatibility check failed
Creating static fonts from src/NotoSansEthiopic/NotoSansEthiopic.designspace
The source Noto Sans Ethiopic Light (NotoSansEthiopic-Light.ufo) contains different groups than the default source. The default source's groups will be used for the instances.
The source Noto Sans Ethiopic SemiBold (NotoSansEthiopic-SemiBold.ufo) contains different groups than the default source. The default source's groups will be used for the instances.
The source Noto Sans Ethiopic Bold (NotoSansEthiopic-Bold.ufo) contains different groups than the default source. The default source's groups will be used for the instances.
The source Noto Sans Ethiopic Condensed Light (NotoSansEthiopic-CondensedLight.ufo) contains different groups than the default source. The default source's groups will be used for the instances.
The source Noto Sans Ethiopic Condensed (NotoSansEthiopic-Condensed.ufo) contains different groups than the default source. The default source's groups will be used for the instances.
The source Noto Sans Ethiopic Condensed SemiBold (NotoSansEthiopic-CondensedSemiBold.ufo) contains different groups than the default source. The default source's groups will be used for the instances.
The source Noto Sans Ethiopic Condensed Bold (NotoSansEthiopic-CondensedBold.ufo) contains different groups than the default source. The default source's groups will be used for the instances.
Created static font output/Noto Sans Ethiopic/unhinted/otf/NotoSansEthiopic-SemiCondensedLight.otf
Postprocessing font output/Noto Sans Ethiopic/unhinted/otf/NotoSansEthiopic-SemiCondensedLight.otf
Created static font output/Noto Sans Ethiopic/unhinted/otf/NotoSansEthiopic-CondensedSemiBold.otf
Postprocessing font output/Noto Sans Ethiopic/unhinted/otf/NotoSansEthiopic-CondensedSemiBold.otf
Created static font output/Noto Sans Ethiopic/unhinted/otf/NotoSansEthiopic-ExtraCondensedMedium.otf
Postprocessing font output/Noto Sans Ethiopic/unhinted/otf/NotoSansEthiopic-ExtraCondensedMedium.otf
Created static font output/Noto Sans Ethiopic/unhinted/otf/NotoSansEthiopic-ExtraBold.otf
Postprocessing font output/Noto Sans Ethiopic/unhinted/otf/NotoSansEthiopic-ExtraBold.otf
Created static font output/Noto Sans Ethiopic/unhinted/otf/NotoSansEthiopic-ExtraCondensedExtraLight.otf
Postprocessing font output/Noto Sans Ethiopic/unhinted/otf/NotoSansEthiopic-ExtraCondensedExtraLight.otf
Created static font output/Noto Sans Ethiopic/unhinted/otf/NotoSansEthiopic-ExtraCondensedBold.otf
Postprocessing font output/Noto Sans Ethiopic/unhinted/otf/NotoSansEthiopic-ExtraCondensedBold.otf
Created static font output/Noto Sans Ethiopic/unhinted/otf/NotoSansEthiopic-Light.otf
Postprocessing font output/Noto Sans Ethiopic/unhinted/otf/NotoSansEthiopic-Light.otf
Created static font output/Noto Sans Ethiopic/unhinted/otf/NotoSansEthiopic-CondensedMedium.otf
Postprocessing font output/Noto Sans Ethiopic/unhinted/otf/NotoSansEthiopic-CondensedMedium.otf
Created static font output/Noto Sans Ethiopic/unhinted/otf/NotoSansEthiopic-CondensedThin.otf
Postprocessing font output/Noto Sans Ethiopic/unhinted/otf/NotoSansEthiopic-CondensedThin.otf
Created static font output/Noto Sans Ethiopic/unhinted/otf/NotoSansEthiopic-ExtraCondensedExtraBold.otf
Postprocessing font output/Noto Sans Ethiopic/unhinted/otf/NotoSansEthiopic-ExtraCondensedExtraBold.otf
Created static font output/Noto Sans Ethiopic/unhinted/otf/NotoSansEthiopic-SemiCondensedBold.otf
Postprocessing font output/Noto Sans Ethiopic/unhinted/otf/NotoSansEthiopic-SemiCondensedBold.otf
Created static font output/Noto Sans Ethiopic/unhinted/otf/NotoSansEthiopic-ExtraLight.otf
Postprocessing font output/Noto Sans Ethiopic/unhinted/otf/NotoSansEthiopic-ExtraLight.otf
Created static font output/Noto Sans Ethiopic/unhinted/otf/NotoSansEthiopic-Medium.otf
Postprocessing font output/Noto Sans Ethiopic/unhinted/otf/NotoSansEthiopic-Medium.otf
Created static font output/Noto Sans Ethiopic/unhinted/otf/NotoSansEthiopic-Regular.otf
Postprocessing font output/Noto Sans Ethiopic/unhinted/otf/NotoSansEthiopic-Regular.otf
Created static font output/Noto Sans Ethiopic/unhinted/otf/NotoSansEthiopic-ExtraCondensedBlack.otf
Postprocessing font output/Noto Sans Ethiopic/unhinted/otf/NotoSansEthiopic-ExtraCondensedBlack.otf
Created static font output/Noto Sans Ethiopic/unhinted/otf/NotoSansEthiopic-Bold.otf
Postprocessing font output/Noto Sans Ethiopic/unhinted/otf/NotoSansEthiopic-Bold.otf
Created static font output/Noto Sans Ethiopic/unhinted/otf/NotoSansEthiopic-SemiCondensed.otf
Postprocessing font output/Noto Sans Ethiopic/unhinted/otf/NotoSansEthiopic-SemiCondensed.otf
Created static font output/Noto Sans Ethiopic/unhinted/otf/NotoSansEthiopic-CondensedLight.otf
Postprocessing font output/Noto Sans Ethiopic/unhinted/otf/NotoSansEthiopic-CondensedLight.otf
Created static font output/Noto Sans Ethiopic/unhinted/otf/NotoSansEthiopic-ExtraCondensedSemiBold.otf
Postprocessing font output/Noto Sans Ethiopic/unhinted/otf/NotoSansEthiopic-ExtraCondensedSemiBold.otf
Created static font output/Noto Sans Ethiopic/unhinted/otf/NotoSansEthiopic-Condensed.otf
Postprocessing font output/Noto Sans Ethiopic/unhinted/otf/NotoSansEthiopic-Condensed.otf
Created static font output/Noto Sans Ethiopic/unhinted/otf/NotoSansEthiopic-CondensedExtraLight.otf
Postprocessing font output/Noto Sans Ethiopic/unhinted/otf/NotoSansEthiopic-CondensedExtraLight.otf
Created static font output/Noto Sans Ethiopic/unhinted/otf/NotoSansEthiopic-SemiCondensedThin.otf
Postprocessing font output/Noto Sans Ethiopic/unhinted/otf/NotoSansEthiopic-SemiCondensedThin.otf
Created static font output/Noto Sans Ethiopic/unhinted/otf/NotoSansEthiopic-Thin.otf
Postprocessing font output/Noto Sans Ethiopic/unhinted/otf/NotoSansEthiopic-Thin.otf
Created static font output/Noto Sans Ethiopic/unhinted/otf/NotoSansEthiopic-Black.otf
Postprocessing font output/Noto Sans Ethiopic/unhinted/otf/NotoSansEthiopic-Black.otf
Created static font output/Noto Sans Ethiopic/unhinted/otf/NotoSansEthiopic-SemiBold.otf
Postprocessing font output/Noto Sans Ethiopic/unhinted/otf/NotoSansEthiopic-SemiBold.otf
Created static font output/Noto Sans Ethiopic/unhinted/otf/NotoSansEthiopic-CondensedBlack.otf
Postprocessing font output/Noto Sans Ethiopic/unhinted/otf/NotoSansEthiopic-CondensedBlack.otf
Created static font output/Noto Sans Ethiopic/unhinted/otf/NotoSansEthiopic-CondensedExtraBold.otf
Postprocessing font output/Noto Sans Ethiopic/unhinted/otf/NotoSansEthiopic-CondensedExtraBold.otf
Created static font output/Noto Sans Ethiopic/unhinted/otf/NotoSansEthiopic-ExtraCondensed.otf
Postprocessing font output/Noto Sans Ethiopic/unhinted/otf/NotoSansEthiopic-ExtraCondensed.otf
Created static font output/Noto Sans Ethiopic/unhinted/otf/NotoSansEthiopic-SemiCondensedExtraBold.otf
Postprocessing font output/Noto Sans Ethiopic/unhinted/otf/NotoSansEthiopic-SemiCondensedExtraBold.otf
Created static font output/Noto Sans Ethiopic/unhinted/otf/NotoSansEthiopic-SemiCondensedBlack.otf
Postprocessing font output/Noto Sans Ethiopic/unhinted/otf/NotoSansEthiopic-SemiCondensedBlack.otf
Created static font output/Noto Sans Ethiopic/unhinted/otf/NotoSansEthiopic-CondensedBold.otf
Postprocessing font output/Noto Sans Ethiopic/unhinted/otf/NotoSansEthiopic-CondensedBold.otf
Created static font output/Noto Sans Ethiopic/unhinted/otf/NotoSansEthiopic-ExtraCondensedLight.otf
Postprocessing font output/Noto Sans Ethiopic/unhinted/otf/NotoSansEthiopic-ExtraCondensedLight.otf
Created static font output/Noto Sans Ethiopic/unhinted/otf/NotoSansEthiopic-ExtraCondensedThin.otf
Postprocessing font output/Noto Sans Ethiopic/unhinted/otf/NotoSansEthiopic-ExtraCondensedThin.otf
Created static font output/Noto Sans Ethiopic/unhinted/otf/NotoSansEthiopic-SemiCondensedExtraLight.otf
Postprocessing font output/Noto Sans Ethiopic/unhinted/otf/NotoSansEthiopic-SemiCondensedExtraLight.otf
Created static font output/Noto Sans Ethiopic/unhinted/otf/NotoSansEthiopic-SemiCondensedSemiBold.otf
Postprocessing font output/Noto Sans Ethiopic/unhinted/otf/NotoSansEthiopic-SemiCondensedSemiBold.otf
Created static font output/Noto Sans Ethiopic/unhinted/otf/NotoSansEthiopic-SemiCondensedMedium.otf
Postprocessing font output/Noto Sans Ethiopic/unhinted/otf/NotoSansEthiopic-SemiCondensedMedium.otf
Creating static fonts from src/NotoSansEthiopic/NotoSansEthiopic.designspace
The source Noto Sans Ethiopic Light (NotoSansEthiopic-Light.ufo) contains different groups than the default source. The default source's groups will be used for the instances.
The source Noto Sans Ethiopic SemiBold (NotoSansEthiopic-SemiBold.ufo) contains different groups than the default source. The default source's groups will be used for the instances.
The source Noto Sans Ethiopic Bold (NotoSansEthiopic-Bold.ufo) contains different groups than the default source. The default source's groups will be used for the instances.
The source Noto Sans Ethiopic Condensed Light (NotoSansEthiopic-CondensedLight.ufo) contains different groups than the default source. The default source's groups will be used for the instances.
The source Noto Sans Ethiopic Condensed (NotoSansEthiopic-Condensed.ufo) contains different groups than the default source. The default source's groups will be used for the instances.
The source Noto Sans Ethiopic Condensed SemiBold (NotoSansEthiopic-CondensedSemiBold.ufo) contains different groups than the default source. The default source's groups will be used for the instances.
The source Noto Sans Ethiopic Condensed Bold (NotoSansEthiopic-CondensedBold.ufo) contains different groups than the default source. The default source's groups will be used for the instances.
Created static font output/Noto Sans Ethiopic/unhinted/ttf/NotoSansEthiopic-CondensedBold.ttf
Postprocessing font output/Noto Sans Ethiopic/unhinted/ttf/NotoSansEthiopic-CondensedBold.ttf
Created static font output/Noto Sans Ethiopic/unhinted/ttf/NotoSansEthiopic-ExtraCondensedBlack.ttf
Postprocessing font output/Noto Sans Ethiopic/unhinted/ttf/NotoSansEthiopic-ExtraCondensedBlack.ttf
Created static font output/Noto Sans Ethiopic/unhinted/ttf/NotoSansEthiopic-ExtraCondensedLight.ttf
Postprocessing font output/Noto Sans Ethiopic/unhinted/ttf/NotoSansEthiopic-ExtraCondensedLight.ttf
Created static font output/Noto Sans Ethiopic/unhinted/ttf/NotoSansEthiopic-CondensedThin.ttf
Postprocessing font output/Noto Sans Ethiopic/unhinted/ttf/NotoSansEthiopic-CondensedThin.ttf
Created static font output/Noto Sans Ethiopic/unhinted/ttf/NotoSansEthiopic-SemiCondensedLight.ttf
Postprocessing font output/Noto Sans Ethiopic/unhinted/ttf/NotoSansEthiopic-SemiCondensedLight.ttf
Created static font output/Noto Sans Ethiopic/unhinted/ttf/NotoSansEthiopic-Regular.ttf
Postprocessing font output/Noto Sans Ethiopic/unhinted/ttf/NotoSansEthiopic-Regular.ttf
Created static font output/Noto Sans Ethiopic/unhinted/ttf/NotoSansEthiopic-ExtraCondensedExtraLight.ttf
Postprocessing font output/Noto Sans Ethiopic/unhinted/ttf/NotoSansEthiopic-ExtraCondensedExtraLight.ttf
Created static font output/Noto Sans Ethiopic/unhinted/ttf/NotoSansEthiopic-ExtraLight.ttf
Postprocessing font output/Noto Sans Ethiopic/unhinted/ttf/NotoSansEthiopic-ExtraLight.ttf
Created static font output/Noto Sans Ethiopic/unhinted/ttf/NotoSansEthiopic-ExtraCondensedSemiBold.ttf
Postprocessing font output/Noto Sans Ethiopic/unhinted/ttf/NotoSansEthiopic-ExtraCondensedSemiBold.ttf
Created static font output/Noto Sans Ethiopic/unhinted/ttf/NotoSansEthiopic-ExtraBold.ttf
Postprocessing font output/Noto Sans Ethiopic/unhinted/ttf/NotoSansEthiopic-ExtraBold.ttf
Created static font output/Noto Sans Ethiopic/unhinted/ttf/NotoSansEthiopic-SemiCondensed.ttf
Postprocessing font output/Noto Sans Ethiopic/unhinted/ttf/NotoSansEthiopic-SemiCondensed.ttf
Created static font output/Noto Sans Ethiopic/unhinted/ttf/NotoSansEthiopic-SemiCondensedExtraBold.ttf
Postprocessing font output/Noto Sans Ethiopic/unhinted/ttf/NotoSansEthiopic-SemiCondensedExtraBold.ttf
Created static font output/Noto Sans Ethiopic/unhinted/ttf/NotoSansEthiopic-ExtraCondensedBold.ttf
Postprocessing font output/Noto Sans Ethiopic/unhinted/ttf/NotoSansEthiopic-ExtraCondensedBold.ttf
Created static font output/Noto Sans Ethiopic/unhinted/ttf/NotoSansEthiopic-SemiBold.ttf
Postprocessing font output/Noto Sans Ethiopic/unhinted/ttf/NotoSansEthiopic-SemiBold.ttf
Created static font output/Noto Sans Ethiopic/unhinted/ttf/NotoSansEthiopic-CondensedExtraBold.ttf
Postprocessing font output/Noto Sans Ethiopic/unhinted/ttf/NotoSansEthiopic-CondensedExtraBold.ttf
Created static font output/Noto Sans Ethiopic/unhinted/ttf/NotoSansEthiopic-SemiCondensedBlack.ttf
Postprocessing font output/Noto Sans Ethiopic/unhinted/ttf/NotoSansEthiopic-SemiCondensedBlack.ttf
Created static font output/Noto Sans Ethiopic/unhinted/ttf/NotoSansEthiopic-ExtraCondensedMedium.ttf
Postprocessing font output/Noto Sans Ethiopic/unhinted/ttf/NotoSansEthiopic-ExtraCondensedMedium.ttf
Created static font output/Noto Sans Ethiopic/unhinted/ttf/NotoSansEthiopic-SemiCondensedExtraLight.ttf
Postprocessing font output/Noto Sans Ethiopic/unhinted/ttf/NotoSansEthiopic-SemiCondensedExtraLight.ttf
Created static font output/Noto Sans Ethiopic/unhinted/ttf/NotoSansEthiopic-CondensedBlack.ttf
Postprocessing font output/Noto Sans Ethiopic/unhinted/ttf/NotoSansEthiopic-CondensedBlack.ttf
Created static font output/Noto Sans Ethiopic/unhinted/ttf/NotoSansEthiopic-CondensedSemiBold.ttf
Postprocessing font output/Noto Sans Ethiopic/unhinted/ttf/NotoSansEthiopic-CondensedSemiBold.ttf
Created static font output/Noto Sans Ethiopic/unhinted/ttf/NotoSansEthiopic-CondensedLight.ttf
Postprocessing font output/Noto Sans Ethiopic/unhinted/ttf/NotoSansEthiopic-CondensedLight.ttf
Created static font output/Noto Sans Ethiopic/unhinted/ttf/NotoSansEthiopic-SemiCondensedSemiBold.ttf
Postprocessing font output/Noto Sans Ethiopic/unhinted/ttf/NotoSansEthiopic-SemiCondensedSemiBold.ttf
Created static font output/Noto Sans Ethiopic/unhinted/ttf/NotoSansEthiopic-Light.ttf
Postprocessing font output/Noto Sans Ethiopic/unhinted/ttf/NotoSansEthiopic-Light.ttf
Created static font output/Noto Sans Ethiopic/unhinted/ttf/NotoSansEthiopic-CondensedExtraLight.ttf
Postprocessing font output/Noto Sans Ethiopic/unhinted/ttf/NotoSansEthiopic-CondensedExtraLight.ttf
Created static font output/Noto Sans Ethiopic/unhinted/ttf/NotoSansEthiopic-Medium.ttf
Postprocessing font output/Noto Sans Ethiopic/unhinted/ttf/NotoSansEthiopic-Medium.ttf
Created static font output/Noto Sans Ethiopic/unhinted/ttf/NotoSansEthiopic-ExtraCondensedExtraBold.ttf
Postprocessing font output/Noto Sans Ethiopic/unhinted/ttf/NotoSansEthiopic-ExtraCondensedExtraBold.ttf
Created static font output/Noto Sans Ethiopic/unhinted/ttf/NotoSansEthiopic-SemiCondensedMedium.ttf
Postprocessing font output/Noto Sans Ethiopic/unhinted/ttf/NotoSansEthiopic-SemiCondensedMedium.ttf
Created static font output/Noto Sans Ethiopic/unhinted/ttf/NotoSansEthiopic-Bold.ttf
Postprocessing font output/Noto Sans Ethiopic/unhinted/ttf/NotoSansEthiopic-Bold.ttf
Created static font output/Noto Sans Ethiopic/unhinted/ttf/NotoSansEthiopic-SemiCondensedThin.ttf
Postprocessing font output/Noto Sans Ethiopic/unhinted/ttf/NotoSansEthiopic-SemiCondensedThin.ttf
Created static font output/Noto Sans Ethiopic/unhinted/ttf/NotoSansEthiopic-ExtraCondensed.ttf
Postprocessing font output/Noto Sans Ethiopic/unhinted/ttf/NotoSansEthiopic-ExtraCondensed.ttf
Created static font output/Noto Sans Ethiopic/unhinted/ttf/NotoSansEthiopic-Condensed.ttf
Postprocessing font output/Noto Sans Ethiopic/unhinted/ttf/NotoSansEthiopic-Condensed.ttf
Created static font output/Noto Sans Ethiopic/unhinted/ttf/NotoSansEthiopic-CondensedMedium.ttf
Postprocessing font output/Noto Sans Ethiopic/unhinted/ttf/NotoSansEthiopic-CondensedMedium.ttf
Created static font output/Noto Sans Ethiopic/unhinted/ttf/NotoSansEthiopic-SemiCondensedBold.ttf
Postprocessing font output/Noto Sans Ethiopic/unhinted/ttf/NotoSansEthiopic-SemiCondensedBold.ttf
Created static font output/Noto Sans Ethiopic/unhinted/ttf/NotoSansEthiopic-Thin.ttf
Postprocessing font output/Noto Sans Ethiopic/unhinted/ttf/NotoSansEthiopic-Thin.ttf
Created static font output/Noto Sans Ethiopic/unhinted/ttf/NotoSansEthiopic-Black.ttf
Postprocessing font output/Noto Sans Ethiopic/unhinted/ttf/NotoSansEthiopic-Black.ttf
Created static font output/Noto Sans Ethiopic/unhinted/ttf/NotoSansEthiopic-ExtraCondensedThin.ttf
Postprocessing font output/Noto Sans Ethiopic/unhinted/ttf/NotoSansEthiopic-ExtraCondensedThin.ttf
Building variable, static completed. All done!
