Creating variable fonts from src/NotoKufiArabic.glyphs
Glyphs named 'hehgoalHamzaabove-ar.init' have different number of segments
Couldn't build variable font: In 'src/NotoKufiArabic.glyphs' -> 'master_ufo/NotoKufiArabic.designspace': Generating fonts from Designspace failed: fonts contains incompatible glyphs: 'hehgoalHamzaabove-ar.init'
Creating static fonts from src/NotoKufiArabic.glyphs
Created static font output/Noto Kufi Arabic/unhinted/otf/NotoKufiArabic-Bold.otf
Postprocessing font output/Noto Kufi Arabic/unhinted/otf/NotoKufiArabic-Bold.otf
Created static font output/Noto Kufi Arabic/unhinted/otf/NotoKufiArabic-Thin.otf
Postprocessing font output/Noto Kufi Arabic/unhinted/otf/NotoKufiArabic-Thin.otf
Created static font output/Noto Kufi Arabic/unhinted/otf/NotoKufiArabic-Light.otf
Postprocessing font output/Noto Kufi Arabic/unhinted/otf/NotoKufiArabic-Light.otf
Created static font output/Noto Kufi Arabic/unhinted/otf/NotoKufiArabic-Medium.otf
Postprocessing font output/Noto Kufi Arabic/unhinted/otf/NotoKufiArabic-Medium.otf
Created static font output/Noto Kufi Arabic/unhinted/otf/NotoKufiArabic-SemiBold.otf
Postprocessing font output/Noto Kufi Arabic/unhinted/otf/NotoKufiArabic-SemiBold.otf
Created static font output/Noto Kufi Arabic/unhinted/otf/NotoKufiArabic-ExtraLight.otf
Postprocessing font output/Noto Kufi Arabic/unhinted/otf/NotoKufiArabic-ExtraLight.otf
Created static font output/Noto Kufi Arabic/unhinted/otf/NotoKufiArabic-Regular.otf
Postprocessing font output/Noto Kufi Arabic/unhinted/otf/NotoKufiArabic-Regular.otf
Created static font output/Noto Kufi Arabic/unhinted/otf/NotoKufiArabic-ExtraBold.otf
Postprocessing font output/Noto Kufi Arabic/unhinted/otf/NotoKufiArabic-ExtraBold.otf
Created static font output/Noto Kufi Arabic/unhinted/otf/NotoKufiArabic-Black.otf
Postprocessing font output/Noto Kufi Arabic/unhinted/otf/NotoKufiArabic-Black.otf
Creating static fonts from src/NotoKufiArabic.glyphs
Created static font output/Noto Kufi Arabic/unhinted/ttf/NotoKufiArabic-Medium.ttf
Postprocessing font output/Noto Kufi Arabic/unhinted/ttf/NotoKufiArabic-Medium.ttf
Created static font output/Noto Kufi Arabic/unhinted/ttf/NotoKufiArabic-ExtraBold.ttf
Postprocessing font output/Noto Kufi Arabic/unhinted/ttf/NotoKufiArabic-ExtraBold.ttf
Created static font output/Noto Kufi Arabic/unhinted/ttf/NotoKufiArabic-SemiBold.ttf
Postprocessing font output/Noto Kufi Arabic/unhinted/ttf/NotoKufiArabic-SemiBold.ttf
Created static font output/Noto Kufi Arabic/unhinted/ttf/NotoKufiArabic-Bold.ttf
Postprocessing font output/Noto Kufi Arabic/unhinted/ttf/NotoKufiArabic-Bold.ttf
Created static font output/Noto Kufi Arabic/unhinted/ttf/NotoKufiArabic-Black.ttf
Postprocessing font output/Noto Kufi Arabic/unhinted/ttf/NotoKufiArabic-Black.ttf
Created static font output/Noto Kufi Arabic/unhinted/ttf/NotoKufiArabic-Light.ttf
Postprocessing font output/Noto Kufi Arabic/unhinted/ttf/NotoKufiArabic-Light.ttf
Created static font output/Noto Kufi Arabic/unhinted/ttf/NotoKufiArabic-ExtraLight.ttf
Postprocessing font output/Noto Kufi Arabic/unhinted/ttf/NotoKufiArabic-ExtraLight.ttf
Created static font output/Noto Kufi Arabic/unhinted/ttf/NotoKufiArabic-Thin.ttf
Postprocessing font output/Noto Kufi Arabic/unhinted/ttf/NotoKufiArabic-Thin.ttf
Created static font output/Noto Kufi Arabic/unhinted/ttf/NotoKufiArabic-Regular.ttf
Postprocessing font output/Noto Kufi Arabic/unhinted/ttf/NotoKufiArabic-Regular.ttf
Building variable, static completed. All done!
Removing auxiliary dirs/files {'master_ufo', 'instance_ufo'}
